#
# A fatal error has been detected by the Java Runtime Environment:
#
#  Internal Error (methodData.cpp:1142), pid=11684, tid=11892
#  Error: ShouldNotReachHere()
#
# JRE version: OpenJDK Runtime Environment Temurin-17.0.10+7 (17.0.10+7) (build 17.0.10+7)
# Java VM: OpenJDK 64-Bit Server VM Temurin-17.0.10+7 (17.0.10+7, mixed mode, tiered, compressed oops, compressed class ptrs, parallel gc, windows-amd64)
# No core dump will be written. Minidumps are not enabled by default on client versions of Windows
#
# If you would like to submit a bug report, please visit:
#   https://github.com/adoptium/adoptium-support/issues
#

---------------  S U M M A R Y ------------

Command Line: --add-modules=ALL-SYSTEM --add-opens=java.base/java.util=ALL-UNNAMED --add-opens=java.base/java.lang=ALL-UNNAMED --add-opens=java.base/sun.nio.fs=ALL-UNNAMED -Declipse.application=org.eclipse.jdt.ls.core.id1 -Dosgi.bundles.defaultStartLevel=4 -Declipse.product=org.eclipse.jdt.ls.core.product -Djava.import.generatesMetadataFilesAtProjectRoot=false -DDetectVMInstallationsJob.disabled=true -Dfile.encoding=utf8 -XX:+UseParallelGC -XX:GCTimeRatio=4 -XX:AdaptiveSizePolicyWeight=90 -Dsun.zip.disableMemoryMapping=true -Xmx1G -Xms100m -Xlog:disable -javaagent:c:\Users\Om\.vscode\extensions\redhat.java-1.28.1-win32-x64\lombok\lombok-1.18.31.jar -XX:+HeapDumpOnOutOfMemoryError -XX:HeapDumpPath=c:\Users\Om\AppData\Roaming\Code\User\workspaceStorage\db1c570fc97ed4cf375733a2d8d2d0eb\redhat.java -Daether.dependencyCollector.impl=bf c:\Users\Om\.vscode\extensions\redhat.java-1.28.1-win32-x64\server\plugins\org.eclipse.equinox.launcher_1.6.700.v20231214-2017.jar -configuration c:\Users\Om\AppData\Roaming\Code\User\globalStorage\redhat.java\1.28.1\config_win -data c:\Users\Om\AppData\Roaming\Code\User\workspaceStorage\db1c570fc97ed4cf375733a2d8d2d0eb\redhat.java\jdt_ws --stdio

Host: Intel(R) Core(TM) i5-6200U CPU @ 2.30GHz, 4 cores, 7G,  Windows 10 , 64 bit Build 19041 (10.0.19041.3636)
Time: Sun Mar  3 11:05:12 2024 India Standard Time elapsed time: 3.860773 seconds (0d 0h 0m 3s)

---------------  T H R E A D  ---------------

Current thread (0x000001e8394f1210):  VMThread "VM Thread" [stack: 0x00000073e4e00000,0x00000073e4f00000] [id=11892]

Stack: [0x00000073e4e00000,0x00000073e4f00000]
Native frames: (J=compiled Java code, j=interpreted, Vv=VM code, C=native code)
V  [jvm.dll+0x67d2c9]
V  [jvm.dll+0x834afa]
V  [jvm.dll+0x8365be]
V  [jvm.dll+0x836bd7]
V  [jvm.dll+0x24772a]
V  [jvm.dll+0x247663]
V  [jvm.dll+0x635926]
V  [jvm.dll+0x634a21]
V  [jvm.dll+0x36f908]
V  [jvm.dll+0x54087c]
V  [jvm.dll+0x6b76d1]
V  [jvm.dll+0x6b6776]
V  [jvm.dll+0x6b63ca]
V  [jvm.dll+0x211e0b]
V  [jvm.dll+0x32f3fc]
V  [jvm.dll+0x83b11b]
V  [jvm.dll+0x83be61]
V  [jvm.dll+0x83c37d]
V  [jvm.dll+0x83c754]
V  [jvm.dll+0x83c820]
V  [jvm.dll+0x7e3fba]
V  [jvm.dll+0x67c1b5]
C  [ucrtbase.dll+0x21bb2]
C  [KERNEL32.DLL+0x17344]
C  [ntdll.dll+0x526b1]

VM_Operation (0x00000073e61f7f00): CollectForMetadataAllocation, mode: safepoint, requested by thread 0x000001e83f25c470


---------------  P R O C E S S  ---------------

Threads class SMR info:
_java_thread_list=0x000001e83faaeeb0, length=20, elements={
0x000001e8256bf9c0, 0x000001e82577a5e0, 0x000001e82577cda0, 0x000001e839539150,
0x000001e839539ee0, 0x000001e83953f080, 0x000001e839540ca0, 0x000001e839547dc0,
0x000001e839548ce0, 0x000001e839549dd0, 0x000001e83e78a630, 0x000001e83e9969a0,
0x000001e83f114670, 0x000001e83f259090, 0x000001e83f73d0f0, 0x000001e83f25c470,
0x000001e83f2be1d0, 0x000001e83fa9a430, 0x000001e83f43f080, 0x000001e83fb280f0
}

Java Threads: ( => current thread )
  0x000001e8256bf9c0 JavaThread "main" [_thread_blocked, id=7552, stack(0x00000073e4c00000,0x00000073e4d00000)]
  0x000001e82577a5e0 JavaThread "Reference Handler" daemon [_thread_blocked, id=3136, stack(0x00000073e4f00000,0x00000073e5000000)]
  0x000001e82577cda0 JavaThread "Finalizer" daemon [_thread_blocked, id=5576, stack(0x00000073e5000000,0x00000073e5100000)]
  0x000001e839539150 JavaThread "Signal Dispatcher" daemon [_thread_blocked, id=10264, stack(0x00000073e5100000,0x00000073e5200000)]
  0x000001e839539ee0 JavaThread "Attach Listener" daemon [_thread_blocked, id=8264, stack(0x00000073e5200000,0x00000073e5300000)]
  0x000001e83953f080 JavaThread "Service Thread" daemon [_thread_blocked, id=3032, stack(0x00000073e5300000,0x00000073e5400000)]
  0x000001e839540ca0 JavaThread "Monitor Deflation Thread" daemon [_thread_blocked, id=9316, stack(0x00000073e5400000,0x00000073e5500000)]
  0x000001e839547dc0 JavaThread "C2 CompilerThread0" daemon [_thread_blocked, id=6632, stack(0x00000073e5500000,0x00000073e5600000)]
  0x000001e839548ce0 JavaThread "C1 CompilerThread0" daemon [_thread_blocked, id=7740, stack(0x00000073e5600000,0x00000073e5700000)]
  0x000001e839549dd0 JavaThread "Sweeper thread" daemon [_thread_blocked, id=11952, stack(0x00000073e5700000,0x00000073e5800000)]
  0x000001e83e78a630 JavaThread "Common-Cleaner" daemon [_thread_blocked, id=6372, stack(0x00000073e5800000,0x00000073e5900000)]
  0x000001e83e9969a0 JavaThread "Notification Thread" daemon [_thread_blocked, id=9448, stack(0x00000073e5a00000,0x00000073e5b00000)]
  0x000001e83f114670 JavaThread "C2 CompilerThread1" daemon [_thread_blocked, id=10948, stack(0x00000073e5e00000,0x00000073e5f00000)]
  0x000001e83f259090 JavaThread "Active Thread: Equinox Container: 1b6492b2-d1b3-4583-870e-f03e5985a68d" [_thread_blocked, id=13244, stack(0x00000073e5f00000,0x00000073e6000000)]
  0x000001e83f73d0f0 JavaThread "Framework Event Dispatcher: Equinox Container: 1b6492b2-d1b3-4583-870e-f03e5985a68d" daemon [_thread_blocked, id=9024, stack(0x00000073e6000000,0x00000073e6100000)]
  0x000001e83f25c470 JavaThread "Start Level: Equinox Container: 1b6492b2-d1b3-4583-870e-f03e5985a68d" daemon [_thread_blocked, id=4912, stack(0x00000073e6100000,0x00000073e6200000)]
  0x000001e83f2be1d0 JavaThread "Bundle File Closer" daemon [_thread_blocked, id=12536, stack(0x00000073e6200000,0x00000073e6300000)]
  0x000001e83fa9a430 JavaThread "SCR Component Actor" daemon [_thread_blocked, id=1952, stack(0x00000073e6300000,0x00000073e6400000)]
  0x000001e83f43f080 JavaThread "SCR Component Registry" daemon [_thread_blocked, id=592, stack(0x00000073e6400000,0x00000073e6500000)]
  0x000001e83fb280f0 JavaThread "Worker-JM" [_thread_blocked, id=11728, stack(0x00000073e6500000,0x00000073e6600000)]

Other Threads:
=>0x000001e8394f1210 VMThread "VM Thread" [stack: 0x00000073e4e00000,0x00000073e4f00000] [id=11892]
  0x000001e83eb69b50 WatcherThread [stack: 0x00000073e5b00000,0x00000073e5c00000] [id=8428]
  0x000001e8256d69a0 GCTaskThread "GC Thread#0" [stack: 0x00000073e4d00000,0x00000073e4e00000] [id=10896]
  0x000001e83ecbe4e0 GCTaskThread "GC Thread#1" [stack: 0x00000073e5900000,0x00000073e5a00000] [id=520]
  0x000001e83ee3a940 GCTaskThread "GC Thread#2" [stack: 0x00000073e5c00000,0x00000073e5d00000] [id=1156]
  0x000001e83ee3ac00 GCTaskThread "GC Thread#3" [stack: 0x00000073e5d00000,0x00000073e5e00000] [id=8352]

Threads with active compile tasks:
C1 CompilerThread0     3908 2815       3       java.lang.invoke.InvokerBytecodeGenerator::emitStaticInvoke (258 bytes)

VM state: at safepoint (normal execution)

VM Mutex/Monitor currently owned by a thread:  ([mutex/lock_event])
[0x000001e8256bc8f0] Threads_lock - owner thread: 0x000001e8394f1210
[0x000001e8256bbb70] Heap_lock - owner thread: 0x000001e83f25c470

Heap address: 0x00000000c0000000, size: 1024 MB, Compressed Oops mode: 32-bit

CDS archive(s) not mapped
Compressed class space mapped at: 0x0000000100000000-0x0000000140000000, reserved size: 1073741824
Narrow klass base: 0x0000000000000000, Narrow klass shift: 3, Narrow klass range: 0x140000000

GC Precious Log:
 CPUs: 4 total, 4 available
 Memory: 8082M
 Large Page Support: Disabled
 NUMA Support: Disabled
 Compressed Oops: Enabled (32-bit)
 Alignments: Space 512K, Generation 512K, Heap 2M
 Heap Min Capacity: 100M
 Heap Initial Capacity: 100M
 Heap Max Capacity: 1G
 Pre-touch: Disabled
 Parallel Workers: 4

Heap:
 PSYoungGen      total 29696K, used 4095K [0x00000000eab00000, 0x00000000ece00000, 0x0000000100000000)
  eden space 25600K, 0% used [0x00000000eab00000,0x00000000eab00000,0x00000000ec400000)
  from space 4096K, 99% used [0x00000000ec400000,0x00000000ec7ffd80,0x00000000ec800000)
  to   space 5120K, 0% used [0x00000000ec900000,0x00000000ec900000,0x00000000ece00000)
 ParOldGen       total 68608K, used 6799K [0x00000000c0000000, 0x00000000c4300000, 0x00000000eab00000)
  object space 68608K, 9% used [0x00000000c0000000,0x00000000c06a3cb8,0x00000000c4300000)
 Metaspace       used 21146K, committed 21504K, reserved 1114112K
  class space    used 2133K, committed 2304K, reserved 1048576K

Card table byte_map: [0x000001e825070000,0x000001e825280000] _byte_map_base: 0x000001e824a70000

Marking Bits: (ParMarkBitMap*) 0x00007ffdd2d7d7d0
 Begin Bits: [0x000001e837360000, 0x000001e838360000)
 End Bits:   [0x000001e838360000, 0x000001e839360000)

Polling page: 0x000001e8235b0000

Metaspace:

Usage:
  Non-class:     18.57 MB used.
      Class:      2.08 MB used.
       Both:     20.65 MB used.

Virtual space:
  Non-class space:       64.00 MB reserved,      18.75 MB ( 29%) committed,  1 nodes.
      Class space:        1.00 GB reserved,       2.25 MB ( <1%) committed,  1 nodes.
             Both:        1.06 GB reserved,      21.00 MB (  2%) committed. 

Chunk freelists:
   Non-Class:  12.75 MB
       Class:  13.71 MB
        Both:  26.46 MB

MaxMetaspaceSize: unlimited
CompressedClassSpaceSize: 1.00 GB
Initial GC threshold: 21.00 MB
Current GC threshold: 21.00 MB
CDS: off
MetaspaceReclaimPolicy: balanced
 - commit_granule_bytes: 65536.
 - commit_granule_words: 8192.
 - virtual_space_node_default_size: 8388608.
 - enlarge_chunks_in_place: 1.
 - new_chunks_are_fully_committed: 0.
 - uncommit_free_chunks: 1.
 - use_allocation_guard: 0.
 - handle_deallocations: 1.


Internal statistics:

num_allocs_failed_limit: 3.
num_arena_births: 238.
num_arena_deaths: 0.
num_vsnodes_births: 2.
num_vsnodes_deaths: 0.
num_space_committed: 336.
num_space_uncommitted: 0.
num_chunks_returned_to_freelist: 3.
num_chunks_taken_from_freelist: 680.
num_chunk_merges: 3.
num_chunk_splits: 439.
num_chunks_enlarged: 307.
num_inconsistent_stats: 0.

CodeHeap 'non-profiled nmethods': size=120000Kb used=1219Kb max_used=1219Kb free=118781Kb
 bounds [0x000001e82fe30000, 0x000001e8300a0000, 0x000001e837360000]
CodeHeap 'profiled nmethods': size=120000Kb used=5804Kb max_used=5804Kb free=114195Kb
 bounds [0x000001e828360000, 0x000001e828910000, 0x000001e82f890000]
CodeHeap 'non-nmethods': size=5760Kb used=1180Kb max_used=1201Kb free=4579Kb
 bounds [0x000001e82f890000, 0x000001e82fb00000, 0x000001e82fe30000]
 total_blobs=3296 nmethods=2814 adapters=396
 compilation: enabled
              stopped_count=0, restarted_count=0
 full_count=0

Compilation events (20 events):
Event: 3.823 Thread 0x000001e839548ce0 nmethod 2793 0x000001e828907390 code [0x000001e8289075c0, 0x000001e828907c48]
Event: 3.831 Thread 0x000001e839548ce0 2805       3       sun.invoke.util.Wrapper::isSubwordOrInt (20 bytes)
Event: 3.832 Thread 0x000001e839548ce0 nmethod 2805 0x000001e828907f10 code [0x000001e8289080c0, 0x000001e8289084d8]
Event: 3.832 Thread 0x000001e839548ce0 2806       3       sun.invoke.util.Wrapper::isIntegral (23 bytes)
Event: 3.832 Thread 0x000001e839548ce0 nmethod 2806 0x000001e828908610 code [0x000001e8289087c0, 0x000001e828908a18]
Event: 3.832 Thread 0x000001e839548ce0 2807       3       sun.invoke.util.Wrapper::isNumeric (16 bytes)
Event: 3.832 Thread 0x000001e839548ce0 nmethod 2807 0x000001e828908b10 code [0x000001e828908ca0, 0x000001e828908e18]
Event: 3.834 Thread 0x000001e839548ce0 2809       3       java.lang.invoke.LambdaForm::useCount (61 bytes)
Event: 3.835 Thread 0x000001e839548ce0 nmethod 2809 0x000001e828908e90 code [0x000001e828909060, 0x000001e8289093c8]
Event: 3.835 Thread 0x000001e839548ce0 2813       3       java.lang.invoke.InvokerBytecodeGenerator::emitPushArguments (45 bytes)
Event: 3.836 Thread 0x000001e839548ce0 nmethod 2813 0x000001e828909590 code [0x000001e828909780, 0x000001e828909bf8]
Event: 3.836 Thread 0x000001e839548ce0 2811       3       java.lang.invoke.InvokerBytecodeGenerator::emitStoreResult (27 bytes)
Event: 3.836 Thread 0x000001e839548ce0 nmethod 2811 0x000001e828909e90 code [0x000001e82890a040, 0x000001e82890a228]
Event: 3.836 Thread 0x000001e839548ce0 2812       3       java.lang.invoke.LambdaForm$NamedFunction::intrinsicName (21 bytes)
Event: 3.836 Thread 0x000001e839548ce0 nmethod 2812 0x000001e82890a310 code [0x000001e82890a4c0, 0x000001e82890a708]
Event: 3.836 Thread 0x000001e839548ce0 2810       3       java.lang.invoke.InvokerBytecodeGenerator::emitStoreInsn (21 bytes)
Event: 3.836 Thread 0x000001e839548ce0 nmethod 2810 0x000001e82890a810 code [0x000001e82890a9c0, 0x000001e82890ac18]
Event: 3.836 Thread 0x000001e839548ce0 2814       3       java.lang.invoke.LambdaForm$NamedFunction::member (26 bytes)
Event: 3.836 Thread 0x000001e839548ce0 nmethod 2814 0x000001e82890ad90 code [0x000001e82890af20, 0x000001e82890b038]
Event: 3.836 Thread 0x000001e839548ce0 2815       3       java.lang.invoke.InvokerBytecodeGenerator::emitStaticInvoke (258 bytes)

GC Heap History (11 events):
Event: 1.433 GC heap before
{Heap before GC invocations=1 (full 0):
 PSYoungGen      total 29696K, used 25600K [0x00000000eab00000, 0x00000000ecc00000, 0x0000000100000000)
  eden space 25600K, 100% used [0x00000000eab00000,0x00000000ec400000,0x00000000ec400000)
  from space 4096K, 0% used [0x00000000ec800000,0x00000000ec800000,0x00000000ecc00000)
  to   space 4096K, 0% used [0x00000000ec400000,0x00000000ec400000,0x00000000ec800000)
 ParOldGen       total 68608K, used 0K [0x00000000c0000000, 0x00000000c4300000, 0x00000000eab00000)
  object space 68608K, 0% used [0x00000000c0000000,0x00000000c0000000,0x00000000c4300000)
 Metaspace       used 11012K, committed 11200K, reserved 1114112K
  class space    used 1098K, committed 1216K, reserved 1048576K
}
Event: 1.449 GC heap after
{Heap after GC invocations=1 (full 0):
 PSYoungGen      total 29696K, used 3205K [0x00000000eab00000, 0x00000000ecc00000, 0x0000000100000000)
  eden space 25600K, 0% used [0x00000000eab00000,0x00000000eab00000,0x00000000ec400000)
  from space 4096K, 78% used [0x00000000ec400000,0x00000000ec721710,0x00000000ec800000)
  to   space 4096K, 0% used [0x00000000ec800000,0x00000000ec800000,0x00000000ecc00000)
 ParOldGen       total 68608K, used 0K [0x00000000c0000000, 0x00000000c4300000, 0x00000000eab00000)
  object space 68608K, 0% used [0x00000000c0000000,0x00000000c0000000,0x00000000c4300000)
 Metaspace       used 11012K, committed 11200K, reserved 1114112K
  class space    used 1098K, committed 1216K, reserved 1048576K
}
Event: 2.463 GC heap before
{Heap before GC invocations=2 (full 0):
 PSYoungGen      total 29696K, used 28805K [0x00000000eab00000, 0x00000000ecc00000, 0x0000000100000000)
  eden space 25600K, 100% used [0x00000000eab00000,0x00000000ec400000,0x00000000ec400000)
  from space 4096K, 78% used [0x00000000ec400000,0x00000000ec721710,0x00000000ec800000)
  to   space 4096K, 0% used [0x00000000ec800000,0x00000000ec800000,0x00000000ecc00000)
 ParOldGen       total 68608K, used 0K [0x00000000c0000000, 0x00000000c4300000, 0x00000000eab00000)
  object space 68608K, 0% used [0x00000000c0000000,0x00000000c0000000,0x00000000c4300000)
 Metaspace       used 14643K, committed 14912K, reserved 1114112K
  class space    used 1467K, committed 1600K, reserved 1048576K
}
Event: 2.471 GC heap after
{Heap after GC invocations=2 (full 0):
 PSYoungGen      total 29696K, used 4083K [0x00000000eab00000, 0x00000000ecc00000, 0x0000000100000000)
  eden space 25600K, 0% used [0x00000000eab00000,0x00000000eab00000,0x00000000ec400000)
  from space 4096K, 99% used [0x00000000ec800000,0x00000000ecbfce00,0x00000000ecc00000)
  to   space 4096K, 0% used [0x00000000ec400000,0x00000000ec400000,0x00000000ec800000)
 ParOldGen       total 68608K, used 1508K [0x00000000c0000000, 0x00000000c4300000, 0x00000000eab00000)
  object space 68608K, 2% used [0x00000000c0000000,0x00000000c0179370,0x00000000c4300000)
 Metaspace       used 14643K, committed 14912K, reserved 1114112K
  class space    used 1467K, committed 1600K, reserved 1048576K
}
Event: 3.092 GC heap before
{Heap before GC invocations=3 (full 0):
 PSYoungGen      total 29696K, used 29683K [0x00000000eab00000, 0x00000000ecc00000, 0x0000000100000000)
  eden space 25600K, 100% used [0x00000000eab00000,0x00000000ec400000,0x00000000ec400000)
  from space 4096K, 99% used [0x00000000ec800000,0x00000000ecbfce00,0x00000000ecc00000)
  to   space 4096K, 0% used [0x00000000ec400000,0x00000000ec400000,0x00000000ec800000)
 ParOldGen       total 68608K, used 1508K [0x00000000c0000000, 0x00000000c4300000, 0x00000000eab00000)
  object space 68608K, 2% used [0x00000000c0000000,0x00000000c0179370,0x00000000c4300000)
 Metaspace       used 16320K, committed 16576K, reserved 1114112K
  class space    used 1646K, committed 1728K, reserved 1048576K
}
Event: 3.103 GC heap after
{Heap after GC invocations=3 (full 0):
 PSYoungGen      total 29696K, used 4085K [0x00000000eab00000, 0x00000000ecc00000, 0x0000000100000000)
  eden space 25600K, 0% used [0x00000000eab00000,0x00000000eab00000,0x00000000ec400000)
  from space 4096K, 99% used [0x00000000ec400000,0x00000000ec7fd6f0,0x00000000ec800000)
  to   space 4096K, 0% used [0x00000000ec800000,0x00000000ec800000,0x00000000ecc00000)
 ParOldGen       total 68608K, used 5312K [0x00000000c0000000, 0x00000000c4300000, 0x00000000eab00000)
  object space 68608K, 7% used [0x00000000c0000000,0x00000000c0530200,0x00000000c4300000)
 Metaspace       used 16320K, committed 16576K, reserved 1114112K
  class space    used 1646K, committed 1728K, reserved 1048576K
}
Event: 3.700 GC heap before
{Heap before GC invocations=4 (full 0):
 PSYoungGen      total 29696K, used 29685K [0x00000000eab00000, 0x00000000ecc00000, 0x0000000100000000)
  eden space 25600K, 100% used [0x00000000eab00000,0x00000000ec400000,0x00000000ec400000)
  from space 4096K, 99% used [0x00000000ec400000,0x00000000ec7fd6f0,0x00000000ec800000)
  to   space 4096K, 0% used [0x00000000ec800000,0x00000000ec800000,0x00000000ecc00000)
 ParOldGen       total 68608K, used 5312K [0x00000000c0000000, 0x00000000c4300000, 0x00000000eab00000)
  object space 68608K, 7% used [0x00000000c0000000,0x00000000c0530200,0x00000000c4300000)
 Metaspace       used 20074K, committed 20480K, reserved 1114112K
  class space    used 2017K, committed 2240K, reserved 1048576K
}
Event: 3.707 GC heap after
{Heap after GC invocations=4 (full 0):
 PSYoungGen      total 29696K, used 4084K [0x00000000eab00000, 0x00000000ecc00000, 0x0000000100000000)
  eden space 25600K, 0% used [0x00000000eab00000,0x00000000eab00000,0x00000000ec400000)
  from space 4096K, 99% used [0x00000000ec800000,0x00000000ecbfd2e8,0x00000000ecc00000)
  to   space 4096K, 0% used [0x00000000ec400000,0x00000000ec400000,0x00000000ec800000)
 ParOldGen       total 68608K, used 6551K [0x00000000c0000000, 0x00000000c4300000, 0x00000000eab00000)
  object space 68608K, 9% used [0x00000000c0000000,0x00000000c0665cb8,0x00000000c4300000)
 Metaspace       used 20074K, committed 20480K, reserved 1114112K
  class space    used 2017K, committed 2240K, reserved 1048576K
}
Event: 3.837 GC heap before
{Heap before GC invocations=5 (full 0):
 PSYoungGen      total 29696K, used 10427K [0x00000000eab00000, 0x00000000ecc00000, 0x0000000100000000)
  eden space 25600K, 24% used [0x00000000eab00000,0x00000000eb131a98,0x00000000ec400000)
  from space 4096K, 99% used [0x00000000ec800000,0x00000000ecbfd2e8,0x00000000ecc00000)
  to   space 4096K, 0% used [0x00000000ec400000,0x00000000ec400000,0x00000000ec800000)
 ParOldGen       total 68608K, used 6551K [0x00000000c0000000, 0x00000000c4300000, 0x00000000eab00000)
  object space 68608K, 9% used [0x00000000c0000000,0x00000000c0665cb8,0x00000000c4300000)
 Metaspace       used 21146K, committed 21504K, reserved 1114112K
  class space    used 2133K, committed 2304K, reserved 1048576K
}
Event: 3.842 GC heap after
{Heap after GC invocations=5 (full 0):
 PSYoungGen      total 29696K, used 4095K [0x00000000eab00000, 0x00000000ece00000, 0x0000000100000000)
  eden space 25600K, 0% used [0x00000000eab00000,0x00000000eab00000,0x00000000ec400000)
  from space 4096K, 99% used [0x00000000ec400000,0x00000000ec7ffd80,0x00000000ec800000)
  to   space 5120K, 0% used [0x00000000ec900000,0x00000000ec900000,0x00000000ece00000)
 ParOldGen       total 68608K, used 6799K [0x00000000c0000000, 0x00000000c4300000, 0x00000000eab00000)
  object space 68608K, 9% used [0x00000000c0000000,0x00000000c06a3cb8,0x00000000c4300000)
 Metaspace       used 21146K, committed 21504K, reserved 1114112K
  class space    used 2133K, committed 2304K, reserved 1048576K
}
Event: 3.842 GC heap before
{Heap before GC invocations=6 (full 1):
 PSYoungGen      total 29696K, used 4095K [0x00000000eab00000, 0x00000000ece00000, 0x0000000100000000)
  eden space 25600K, 0% used [0x00000000eab00000,0x00000000eab00000,0x00000000ec400000)
  from space 4096K, 99% used [0x00000000ec400000,0x00000000ec7ffd80,0x00000000ec800000)
  to   space 5120K, 0% used [0x00000000ec900000,0x00000000ec900000,0x00000000ece00000)
 ParOldGen       total 68608K, used 6799K [0x00000000c0000000, 0x00000000c4300000, 0x00000000eab00000)
  object space 68608K, 9% used [0x00000000c0000000,0x00000000c06a3cb8,0x00000000c4300000)
 Metaspace       used 21146K, committed 21504K, reserved 1114112K
  class space    used 2133K, committed 2304K, reserved 1048576K
}

Dll operation events (9 events):
Event: 0.020 Loaded shared library c:\Users\Om\.vscode\extensions\redhat.java-1.28.1-win32-x64\jre\17.0.10-win32-x86_64\bin\java.dll
Event: 0.232 Loaded shared library c:\Users\Om\.vscode\extensions\redhat.java-1.28.1-win32-x64\jre\17.0.10-win32-x86_64\bin\zip.dll
Event: 0.240 Loaded shared library C:\Users\Om\.vscode\extensions\redhat.java-1.28.1-win32-x64\jre\17.0.10-win32-x86_64\bin\instrument.dll
Event: 0.257 Loaded shared library C:\Users\Om\.vscode\extensions\redhat.java-1.28.1-win32-x64\jre\17.0.10-win32-x86_64\bin\net.dll
Event: 0.259 Loaded shared library C:\Users\Om\.vscode\extensions\redhat.java-1.28.1-win32-x64\jre\17.0.10-win32-x86_64\bin\nio.dll
Event: 0.268 Loaded shared library C:\Users\Om\.vscode\extensions\redhat.java-1.28.1-win32-x64\jre\17.0.10-win32-x86_64\bin\zip.dll
Event: 0.286 Loaded shared library C:\Users\Om\.vscode\extensions\redhat.java-1.28.1-win32-x64\jre\17.0.10-win32-x86_64\bin\jimage.dll
Event: 0.364 Loaded shared library c:\Users\Om\.vscode\extensions\redhat.java-1.28.1-win32-x64\jre\17.0.10-win32-x86_64\bin\verify.dll
Event: 2.372 Loaded shared library C:\Users\Om\AppData\Roaming\Code\User\globalStorage\redhat.java\1.28.1\config_win\org.eclipse.equinox.launcher\org.eclipse.equinox.launcher.win32.win32.x86_64_1.2.900.v20240129-1338\eclipse_11900.dll

Deoptimization events (20 events):
Event: 3.491 Thread 0x000001e83f25c470 Uncommon trap: trap_request=0xffffffcc fr.pc=0x000001e82ff3f294 relative=0x00000000000001f4
Event: 3.491 Thread 0x000001e83f25c470 Uncommon trap: reason=intrinsic_or_type_checked_inlining action=make_not_entrant pc=0x000001e82ff3f294 method=java.util.Arrays.copyOf([Ljava/lang/Object;ILjava/lang/Class;)[Ljava/lang/Object; @ 35 c2
Event: 3.491 Thread 0x000001e83f25c470 DEOPT PACKING pc=0x000001e82ff3f294 sp=0x00000073e61fbae0
Event: 3.491 Thread 0x000001e83f25c470 DEOPT UNPACKING pc=0x000001e82f8e66a3 sp=0x00000073e61fba70 mode 2
Event: 3.539 Thread 0x000001e83f25c470 Uncommon trap: trap_request=0xffffff45 fr.pc=0x000001e82ff3e7fc relative=0x000000000000051c
Event: 3.539 Thread 0x000001e83f25c470 Uncommon trap: reason=unstable_if action=reinterpret pc=0x000001e82ff3e7fc method=com.sun.org.apache.xerces.internal.impl.XMLEntityScanner.scanLiteral(ILcom/sun/org/apache/xerces/internal/xni/XMLString;Z)I @ 299 c2
Event: 3.539 Thread 0x000001e83f25c470 DEOPT PACKING pc=0x000001e82ff3e7fc sp=0x00000073e61fd630
Event: 3.539 Thread 0x000001e83f25c470 DEOPT UNPACKING pc=0x000001e82f8e66a3 sp=0x00000073e61fd5c0 mode 2
Event: 3.639 Thread 0x000001e83f25c470 Uncommon trap: trap_request=0xffffff45 fr.pc=0x000001e82fece2b4 relative=0x0000000000000db4
Event: 3.639 Thread 0x000001e83f25c470 Uncommon trap: reason=unstable_if action=reinterpret pc=0x000001e82fece2b4 method=java.io.WinNTFileSystem.normalize(Ljava/lang/String;II)Ljava/lang/String; @ 100 c2
Event: 3.639 Thread 0x000001e83f25c470 DEOPT PACKING pc=0x000001e82fece2b4 sp=0x00000073e61fc9e0
Event: 3.639 Thread 0x000001e83f25c470 DEOPT UNPACKING pc=0x000001e82f8e66a3 sp=0x00000073e61fc9a8 mode 2
Event: 3.786 Thread 0x000001e83f25c470 Uncommon trap: trap_request=0xffffffc6 fr.pc=0x000001e82ff1758c relative=0x0000000000000f6c
Event: 3.786 Thread 0x000001e83f25c470 Uncommon trap: reason=bimorphic_or_optimized_type_check action=maybe_recompile pc=0x000001e82ff1758c method=java.util.Properties$LineReader.readLine()I @ 479 c2
Event: 3.786 Thread 0x000001e83f25c470 DEOPT PACKING pc=0x000001e82ff1758c sp=0x00000073e61f8c20
Event: 3.786 Thread 0x000001e83f25c470 DEOPT UNPACKING pc=0x000001e82f8e66a3 sp=0x00000073e61f8bb0 mode 2
Event: 3.798 Thread 0x000001e83f25c470 Uncommon trap: trap_request=0xffffff45 fr.pc=0x000001e82fe67440 relative=0x0000000000000fa0
Event: 3.798 Thread 0x000001e83f25c470 Uncommon trap: reason=unstable_if action=reinterpret pc=0x000001e82fe67440 method=lombok.patcher.PatchScript.classMatches(Ljava/lang/String;Ljava/util/Collection;)Z @ 25 c2
Event: 3.798 Thread 0x000001e83f25c470 DEOPT PACKING pc=0x000001e82fe67440 sp=0x00000073e61f6ce0
Event: 3.798 Thread 0x000001e83f25c470 DEOPT UNPACKING pc=0x000001e82f8e66a3 sp=0x00000073e61f6ca0 mode 2

Classes unloaded (7 events):
Event: 3.849 Thread 0x000001e8394f1210 Unloading class 0x000000010024a400 'java/lang/invoke/LambdaForm$MH+0x000000010024a400'
Event: 3.849 Thread 0x000001e8394f1210 Unloading class 0x000000010024a000 'java/lang/invoke/LambdaForm$MH+0x000000010024a000'
Event: 3.849 Thread 0x000001e8394f1210 Unloading class 0x0000000100249c00 'java/lang/invoke/LambdaForm$MH+0x0000000100249c00'
Event: 3.849 Thread 0x000001e8394f1210 Unloading class 0x0000000100249800 'java/lang/invoke/LambdaForm$MH+0x0000000100249800'
Event: 3.849 Thread 0x000001e8394f1210 Unloading class 0x0000000100249400 'java/lang/invoke/LambdaForm$BMH+0x0000000100249400'
Event: 3.849 Thread 0x000001e8394f1210 Unloading class 0x0000000100249000 'java/lang/invoke/LambdaForm$DMH+0x0000000100249000'
Event: 3.849 Thread 0x000001e8394f1210 Unloading class 0x0000000100244400 'java/lang/invoke/LambdaForm$DMH+0x0000000100244400'

Classes redefined (0 events):
No events

Internal exceptions (20 events):
Event: 2.437 Thread 0x000001e83f25c470 Exception <a 'java/lang/NoSuchMethodError'{0x00000000ec3089e0}: 'java.lang.Object java.lang.invoke.DirectMethodHandle$Holder.invokeStaticInit(java.lang.Object)'> (0x00000000ec3089e0) 
thrown [s\src\hotspot\share\interpreter\linkResolver.cpp, line 759]
Event: 2.458 Thread 0x000001e83f25c470 Exception <a 'java/lang/NoSuchMethodError'{0x00000000ec3d0ee8}: 'java.lang.Object java.lang.invoke.DirectMethodHandle$Holder.newInvokeSpecial(java.lang.Object, java.lang.Object, int, java.lang.Object)'> (0x00000000ec3d0ee8) 
thrown [s\src\hotspot\share\interpreter\linkResolver.cpp, line 759]
Event: 2.458 Thread 0x000001e83f25c470 Exception <a 'java/lang/NoSuchMethodError'{0x00000000ec3d51d0}: 'java.lang.Object java.lang.invoke.DirectMethodHandle$Holder.invokeSpecial(java.lang.Object, java.lang.Object, java.lang.Object, int, java.lang.Object)'> (0x00000000ec3d51d0) 
thrown [s\src\hotspot\share\interpreter\linkResolver.cpp, line 759]
Event: 2.518 Thread 0x000001e83f25c470 Exception <a 'java/lang/ClassNotFoundException'{0x00000000ead95ca0}: sun/util/logging/resources/spi/loggingProvider> (0x00000000ead95ca0) 
thrown [s\src\hotspot\share\classfile\systemDictionary.cpp, line 256]
Event: 3.082 Thread 0x000001e83f25c470 Exception <a 'java/lang/NullPointerException'{0x00000000ec374130}> (0x00000000ec374130) 
thrown [s\src\hotspot\share\interpreter\linkResolver.cpp, line 1350]
Event: 3.082 Thread 0x000001e83f25c470 Exception <a 'java/lang/NullPointerException'{0x00000000ec374408}> (0x00000000ec374408) 
thrown [s\src\hotspot\share\interpreter\linkResolver.cpp, line 1350]
Event: 3.511 Thread 0x000001e83f25c470 Exception <a 'java/io/FileNotFoundException'{0x00000000ebd16620}> (0x00000000ebd16620) 
thrown [s\src\hotspot\share\prims\jni.cpp, line 516]
Event: 3.619 Thread 0x000001e83f25c470 Exception <a 'java/lang/NoSuchMethodError'{0x00000000ec0a6c68}: 'java.lang.Object java.lang.invoke.Invokers$Holder.invokeExact_MT(java.lang.Object, java.lang.Object, java.lang.Object, java.lang.Object, java.lang.Object, java.lang.Object)'> (0x00000000ec0a6c68) 
thrown [s\src\hotspot\share\interpreter\linkResolver.cpp, line 759]
Event: 3.663 Thread 0x000001e83f25c470 Exception <a 'java/lang/NoSuchMethodError'{0x00000000ec1d6970}: 'java.lang.Object java.lang.invoke.Invokers$Holder.linkToTargetMethod(java.lang.Object, long, java.lang.Object)'> (0x00000000ec1d6970) 
thrown [s\src\hotspot\share\interpreter\linkResolver.cpp, line 759]
Event: 3.721 Thread 0x000001e83f25c470 Exception <a 'java/lang/NoSuchMethodError'{0x00000000eac1e368}: 'void java.lang.invoke.DirectMethodHandle$Holder.invokeInterface(java.lang.Object, java.lang.Object, java.lang.Object)'> (0x00000000eac1e368) 
thrown [s\src\hotspot\share\interpreter\linkResolver.cpp, line 759]
Event: 3.790 Thread 0x000001e83f25c470 Exception <a 'java/lang/NoSuchMethodError'{0x00000000eaf90b88}: 'void java.lang.invoke.DirectMethodHandle$Holder.invokeVirtual(java.lang.Object, java.lang.Object)'> (0x00000000eaf90b88) 
thrown [s\src\hotspot\share\interpreter\linkResolver.cpp, line 759]
Event: 3.822 Thread 0x000001e83f25c470 Exception <a 'java/lang/NoSuchMethodError'{0x00000000eb0a5d80}: 'java.lang.Object java.lang.invoke.DirectMethodHandle$Holder.invokeStatic(java.lang.Object, java.lang.Object, int)'> (0x00000000eb0a5d80) 
thrown [s\src\hotspot\share\interpreter\linkResolver.cpp, line 759]
Event: 3.823 Thread 0x000001e83f25c470 Exception <a 'java/lang/NoSuchMethodError'{0x00000000eb0aa930}: 'void java.lang.invoke.DirectMethodHandle$Holder.invokeStatic(java.lang.Object, java.lang.Object, int, java.lang.Object)'> (0x00000000eb0aa930) 
thrown [s\src\hotspot\share\interpreter\linkResolver.cpp, line 759]
Event: 3.824 Thread 0x000001e83f25c470 Exception <a 'java/lang/NoSuchMethodError'{0x00000000eb0b1c00}: 'void java.lang.invoke.DelegatingMethodHandle$Holder.delegate(java.lang.Object, java.lang.Object, int, java.lang.Object)'> (0x00000000eb0b1c00) 
thrown [s\src\hotspot\share\interpreter\linkResolver.cpp, line 759]
Event: 3.824 Thread 0x000001e83f25c470 Exception <a 'java/lang/NoSuchMethodError'{0x00000000eb0b5fe8}: 'int java.lang.invoke.DirectMethodHandle$Holder.invokeSpecial(java.lang.Object, java.lang.Object, java.lang.Object)'> (0x00000000eb0b5fe8) 
thrown [s\src\hotspot\share\interpreter\linkResolver.cpp, line 759]
Event: 3.827 Thread 0x000001e83f25c470 Exception <a 'java/lang/NoSuchMethodError'{0x00000000eb0c76d0}: 'int java.lang.invoke.DirectMethodHandle$Holder.invokeStatic(java.lang.Object, java.lang.Object, int)'> (0x00000000eb0c76d0) 
thrown [s\src\hotspot\share\interpreter\linkResolver.cpp, line 759]
Event: 3.828 Thread 0x000001e83f25c470 Exception <a 'java/lang/NoSuchMethodError'{0x00000000eb0cb780}: 'int java.lang.invoke.DirectMethodHandle$Holder.invokeSpecial(java.lang.Object, java.lang.Object, java.lang.Object, int)'> (0x00000000eb0cb780) 
thrown [s\src\hotspot\share\interpreter\linkResolver.cpp, line 759]
Event: 3.830 Thread 0x000001e83f25c470 Exception <a 'java/lang/NoSuchMethodError'{0x00000000eb0e76f8}: 'java.lang.Object java.lang.invoke.DirectMethodHandle$Holder.invokeStatic(java.lang.Object, java.lang.Object, java.lang.Object, java.lang.Object, int)'> (0x00000000eb0e76f8) 
thrown [s\src\hotspot\share\interpreter\linkResolver.cpp, line 759]
Event: 3.832 Thread 0x000001e83f25c470 Exception <a 'java/lang/NoSuchMethodError'{0x00000000eb0f36f0}: 'java.lang.Object java.lang.invoke.DelegatingMethodHandle$Holder.reinvoke_L(java.lang.Object, java.lang.Object, java.lang.Object, java.lang.Object, int, int)'> (0x00000000eb0f36f0) 
thrown [s\src\hotspot\share\interpreter\linkResolver.cpp, line 759]
Event: 3.835 Thread 0x000001e83f25c470 Exception <a 'java/lang/NoSuchMethodError'{0x00000000eb107f10}: 'java.lang.Object java.lang.invoke.Invokers$Holder.invokeExact_MT(java.lang.Object, java.lang.Object, java.lang.Object, java.lang.Object)'> (0x00000000eb107f10) 
thrown [s\src\hotspot\share\interpreter\linkResolver.cpp, line 759]

VM Operations (20 events):
Event: 2.471 Executing VM operation: ParallelGCFailedAllocation done
Event: 2.495 Executing VM operation: HandshakeAllThreads
Event: 2.495 Executing VM operation: HandshakeAllThreads done
Event: 2.530 Executing VM operation: HandshakeAllThreads
Event: 2.530 Executing VM operation: HandshakeAllThreads done
Event: 2.544 Executing VM operation: HandshakeAllThreads
Event: 2.544 Executing VM operation: HandshakeAllThreads done
Event: 2.560 Executing VM operation: HandshakeAllThreads
Event: 2.560 Executing VM operation: HandshakeAllThreads done
Event: 3.078 Executing VM operation: HandshakeAllThreads
Event: 3.078 Executing VM operation: HandshakeAllThreads done
Event: 3.092 Executing VM operation: ParallelGCFailedAllocation
Event: 3.104 Executing VM operation: ParallelGCFailedAllocation done
Event: 3.693 Executing VM operation: ICBufferFull
Event: 3.693 Executing VM operation: ICBufferFull done
Event: 3.699 Executing VM operation: ParallelGCFailedAllocation
Event: 3.707 Executing VM operation: ParallelGCFailedAllocation done
Event: 3.821 Executing VM operation: HandshakeAllThreads
Event: 3.821 Executing VM operation: HandshakeAllThreads done
Event: 3.837 Executing VM operation: CollectForMetadataAllocation

Events (20 events):
Event: 3.819 loading class java/lang/invoke/MethodHandleImpl$LoopClauses
Event: 3.820 loading class java/lang/invoke/MethodHandleImpl$LoopClauses done
Event: 3.820 loading class java/lang/invoke/MethodHandleImpl$ArrayAccess
Event: 3.820 loading class java/lang/invoke/MethodHandleImpl$ArrayAccess done
Event: 3.820 loading class java/lang/invoke/MethodHandleImpl$2
Event: 3.820 loading class java/lang/invoke/MethodHandleImpl$2 done
Event: 3.820 loading class java/lang/invoke/MethodHandleImpl$ArrayAccessor
Event: 3.820 loading class java/lang/invoke/MethodHandleImpl$ArrayAccessor done
Event: 3.821 loading class java/lang/invoke/MethodHandleImpl$ArrayAccessor$1
Event: 3.821 loading class java/lang/invoke/MethodHandleImpl$ArrayAccessor$1 done
Event: 3.821 loading class java/lang/ClassValue$ClassValueMap
Event: 3.821 loading class java/lang/ClassValue$ClassValueMap done
Event: 3.825 loading class sun/invoke/util/ValueConversions$WrapperCache
Event: 3.825 loading class sun/invoke/util/ValueConversions$WrapperCache done
Event: 3.825 loading class sun/invoke/util/ValueConversions$1
Event: 3.825 loading class sun/invoke/util/ValueConversions$1 done
Event: 3.828 loading class java/lang/invoke/BoundMethodHandle$Species_LI
Event: 3.828 loading class java/lang/invoke/BoundMethodHandle$Species_LI done
Event: 3.828 loading class java/lang/invoke/ClassSpecializer$Factory$1Var
Event: 3.828 loading class java/lang/invoke/ClassSpecializer$Factory$1Var done


Dynamic libraries:
0x00007ff70ebf0000 - 0x00007ff70ebfe000 	c:\Users\Om\.vscode\extensions\redhat.java-1.28.1-win32-x64\jre\17.0.10-win32-x86_64\bin\java.exe
0x00007ffe6e210000 - 0x00007ffe6e408000 	C:\Windows\SYSTEM32\ntdll.dll
0x00007ffe6cbd0000 - 0x00007ffe6cc8d000 	C:\Windows\System32\KERNEL32.DLL
0x00007ffe6bf50000 - 0x00007ffe6c246000 	C:\Windows\System32\KERNELBASE.dll
0x00007ffe6bcb0000 - 0x00007ffe6bdb0000 	C:\Windows\System32\ucrtbase.dll
0x00007ffe5d960000 - 0x00007ffe5d977000 	c:\Users\Om\.vscode\extensions\redhat.java-1.28.1-win32-x64\jre\17.0.10-win32-x86_64\bin\jli.dll
0x00007ffe6cd10000 - 0x00007ffe6ceae000 	C:\Windows\System32\USER32.dll
0x00007ffe6b9f0000 - 0x00007ffe6ba12000 	C:\Windows\System32\win32u.dll
0x00007ffe6c250000 - 0x00007ffe6c27b000 	C:\Windows\System32\GDI32.dll
0x00007ffe6b8d0000 - 0x00007ffe6b9e7000 	C:\Windows\System32\gdi32full.dll
0x00007ffe6beb0000 - 0x00007ffe6bf4d000 	C:\Windows\System32\msvcp_win.dll
0x00007ffe559f0000 - 0x00007ffe55a0b000 	c:\Users\Om\.vscode\extensions\redhat.java-1.28.1-win32-x64\jre\17.0.10-win32-x86_64\bin\VCRUNTIME140.dll
0x00007ffe6ac40000 - 0x00007ffe6aeda000 	C:\Windows\WinSxS\amd64_microsoft.windows.common-controls_6595b64144ccf1df_6.0.19041.3636_none_60b6a03d71f818d5\COMCTL32.dll
0x00007ffe6c7e0000 - 0x00007ffe6c87e000 	C:\Windows\System32\msvcrt.dll
0x00007ffe6ceb0000 - 0x00007ffe6cee2000 	C:\Windows\System32\IMM32.DLL
0x00007ffe641d0000 - 0x00007ffe641dc000 	c:\Users\Om\.vscode\extensions\redhat.java-1.28.1-win32-x64\jre\17.0.10-win32-x86_64\bin\vcruntime140_1.dll
0x00007ffe45560000 - 0x00007ffe455ed000 	c:\Users\Om\.vscode\extensions\redhat.java-1.28.1-win32-x64\jre\17.0.10-win32-x86_64\bin\msvcp140.dll
0x00007ffdd21e0000 - 0x00007ffdd2e42000 	c:\Users\Om\.vscode\extensions\redhat.java-1.28.1-win32-x64\jre\17.0.10-win32-x86_64\bin\server\jvm.dll
0x00007ffe6d330000 - 0x00007ffe6d3e3000 	C:\Windows\System32\ADVAPI32.dll
0x00007ffe6d160000 - 0x00007ffe6d1ff000 	C:\Windows\System32\sechost.dll
0x00007ffe6d030000 - 0x00007ffe6d156000 	C:\Windows\System32\RPCRT4.dll
0x00007ffe6bc80000 - 0x00007ffe6bca7000 	C:\Windows\System32\bcrypt.dll
0x00007ffe6b730000 - 0x00007ffe6b77b000 	C:\Windows\SYSTEM32\POWRPROF.dll
0x00007ffe5a510000 - 0x00007ffe5a519000 	C:\Windows\SYSTEM32\WSOCK32.dll
0x00007ffe6cef0000 - 0x00007ffe6cf5b000 	C:\Windows\System32\WS2_32.dll
0x00007ffe5c800000 - 0x00007ffe5c827000 	C:\Windows\SYSTEM32\WINMM.dll
0x00007ffe5cb50000 - 0x00007ffe5cb5a000 	C:\Windows\SYSTEM32\VERSION.dll
0x00007ffe6b710000 - 0x00007ffe6b722000 	C:\Windows\SYSTEM32\UMPDC.dll
0x00007ffe69aa0000 - 0x00007ffe69ab2000 	C:\Windows\SYSTEM32\kernel.appcore.dll
0x00007ffe62f50000 - 0x00007ffe62f5a000 	c:\Users\Om\.vscode\extensions\redhat.java-1.28.1-win32-x64\jre\17.0.10-win32-x86_64\bin\jimage.dll
0x00007ffe6b1e0000 - 0x00007ffe6b3c4000 	C:\Windows\SYSTEM32\DBGHELP.DLL
0x00007ffe6aff0000 - 0x00007ffe6b024000 	C:\Windows\SYSTEM32\dbgcore.DLL
0x00007ffe6bdb0000 - 0x00007ffe6be32000 	C:\Windows\System32\bcryptPrimitives.dll
0x00007ffe602e0000 - 0x00007ffe602ee000 	c:\Users\Om\.vscode\extensions\redhat.java-1.28.1-win32-x64\jre\17.0.10-win32-x86_64\bin\instrument.dll
0x00007ffe4cd50000 - 0x00007ffe4cd75000 	c:\Users\Om\.vscode\extensions\redhat.java-1.28.1-win32-x64\jre\17.0.10-win32-x86_64\bin\java.dll
0x00007ffe4d070000 - 0x00007ffe4d088000 	c:\Users\Om\.vscode\extensions\redhat.java-1.28.1-win32-x64\jre\17.0.10-win32-x86_64\bin\zip.dll
0x00007ffe6da20000 - 0x00007ffe6e165000 	C:\Windows\System32\SHELL32.dll
0x00007ffe691b0000 - 0x00007ffe6994c000 	C:\Windows\SYSTEM32\windows.storage.dll
0x00007ffe6d6c0000 - 0x00007ffe6da14000 	C:\Windows\System32\combase.dll
0x00007ffe6aba0000 - 0x00007ffe6abce000 	C:\Windows\SYSTEM32\Wldp.dll
0x00007ffe6d530000 - 0x00007ffe6d5fd000 	C:\Windows\System32\OLEAUT32.dll
0x00007ffe6d3f0000 - 0x00007ffe6d49d000 	C:\Windows\System32\SHCORE.dll
0x00007ffe6d600000 - 0x00007ffe6d655000 	C:\Windows\System32\shlwapi.dll
0x00007ffe6b800000 - 0x00007ffe6b825000 	C:\Windows\SYSTEM32\profapi.dll
0x00007ffe4c940000 - 0x00007ffe4c959000 	C:\Users\Om\.vscode\extensions\redhat.java-1.28.1-win32-x64\jre\17.0.10-win32-x86_64\bin\net.dll
0x00007ffe5fbe0000 - 0x00007ffe5fcea000 	C:\Windows\SYSTEM32\WINHTTP.dll
0x00007ffe6a8b0000 - 0x00007ffe6a91a000 	C:\Windows\system32\mswsock.dll
0x00007ffe4c7b0000 - 0x00007ffe4c7c6000 	C:\Users\Om\.vscode\extensions\redhat.java-1.28.1-win32-x64\jre\17.0.10-win32-x86_64\bin\nio.dll
0x00007ffe58190000 - 0x00007ffe581a0000 	c:\Users\Om\.vscode\extensions\redhat.java-1.28.1-win32-x64\jre\17.0.10-win32-x86_64\bin\verify.dll
0x00007ffe4c3d0000 - 0x00007ffe4c40e000 	C:\Users\Om\AppData\Roaming\Code\User\globalStorage\redhat.java\1.28.1\config_win\org.eclipse.equinox.launcher\org.eclipse.equinox.launcher.win32.win32.x86_64_1.2.900.v20240129-1338\eclipse_11900.dll
0x00007ffe6d200000 - 0x00007ffe6d32b000 	C:\Windows\System32\ole32.dll

dbghelp: loaded successfully - version: 4.0.5 - missing functions: none
symbol engine: initialized successfully - sym options: 0x614 - pdb path: .;c:\Users\Om\.vscode\extensions\redhat.java-1.28.1-win32-x64\jre\17.0.10-win32-x86_64\bin;C:\Windows\SYSTEM32;C:\Windows\WinSxS\amd64_microsoft.windows.common-controls_6595b64144ccf1df_6.0.19041.3636_none_60b6a03d71f818d5;c:\Users\Om\.vscode\extensions\redhat.java-1.28.1-win32-x64\jre\17.0.10-win32-x86_64\bin\server;C:\Users\Om\AppData\Roaming\Code\User\globalStorage\redhat.java\1.28.1\config_win\org.eclipse.equinox.launcher\org.eclipse.equinox.launcher.win32.win32.x86_64_1.2.900.v20240129-1338

VM Arguments:
jvm_args: --add-modules=ALL-SYSTEM --add-opens=java.base/java.util=ALL-UNNAMED --add-opens=java.base/java.lang=ALL-UNNAMED --add-opens=java.base/sun.nio.fs=ALL-UNNAMED -Declipse.application=org.eclipse.jdt.ls.core.id1 -Dosgi.bundles.defaultStartLevel=4 -Declipse.product=org.eclipse.jdt.ls.core.product -Djava.import.generatesMetadataFilesAtProjectRoot=false -DDetectVMInstallationsJob.disabled=true -Dfile.encoding=utf8 -XX:+UseParallelGC -XX:GCTimeRatio=4 -XX:AdaptiveSizePolicyWeight=90 -Dsun.zip.disableMemoryMapping=true -Xmx1G -Xms100m -Xlog:disable -javaagent:c:\Users\Om\.vscode\extensions\redhat.java-1.28.1-win32-x64\lombok\lombok-1.18.31.jar -XX:+HeapDumpOnOutOfMemoryError -XX:HeapDumpPath=c:\Users\Om\AppData\Roaming\Code\User\workspaceStorage\db1c570fc97ed4cf375733a2d8d2d0eb\redhat.java -Daether.dependencyCollector.impl=bf 
java_command: c:\Users\Om\.vscode\extensions\redhat.java-1.28.1-win32-x64\server\plugins\org.eclipse.equinox.launcher_1.6.700.v20231214-2017.jar -configuration c:\Users\Om\AppData\Roaming\Code\User\globalStorage\redhat.java\1.28.1\config_win -data c:\Users\Om\AppData\Roaming\Code\User\workspaceStorage\db1c570fc97ed4cf375733a2d8d2d0eb\redhat.java\jdt_ws --stdio
java_class_path (initial): c:\Users\Om\.vscode\extensions\redhat.java-1.28.1-win32-x64\server\plugins\org.eclipse.equinox.launcher_1.6.700.v20231214-2017.jar
Launcher Type: SUN_STANDARD

[Global flags]
    uintx AdaptiveSizePolicyWeight                 = 90                                        {product} {command line}
     intx CICompilerCount                          = 3                                         {product} {ergonomic}
    uintx GCTimeRatio                              = 4                                         {product} {command line}
     bool HeapDumpOnOutOfMemoryError               = true                                   {manageable} {command line}
    ccstr HeapDumpPath                             = c:\Users\Om\AppData\Roaming\Code\User\workspaceStorage\db1c570fc97ed4cf375733a2d8d2d0eb\redhat.java         {manageable} {command line}
   size_t InitialHeapSize                          = 104857600                                 {product} {command line}
   size_t MaxHeapSize                              = 1073741824                                {product} {command line}
   size_t MaxNewSize                               = 357564416                                 {product} {ergonomic}
   size_t MinHeapDeltaBytes                        = 524288                                    {product} {ergonomic}
   size_t MinHeapSize                              = 104857600                                 {product} {command line}
   size_t NewSize                                  = 34603008                                  {product} {ergonomic}
    uintx NonNMethodCodeHeapSize                   = 5832780                                {pd product} {ergonomic}
    uintx NonProfiledCodeHeapSize                  = 122912730                              {pd product} {ergonomic}
   size_t OldSize                                  = 70254592                                  {product} {ergonomic}
    uintx ProfiledCodeHeapSize                     = 122912730                              {pd product} {ergonomic}
    uintx ReservedCodeCacheSize                    = 251658240                              {pd product} {ergonomic}
     bool SegmentedCodeCache                       = true                                      {product} {ergonomic}
   size_t SoftMaxHeapSize                          = 1073741824                             {manageable} {ergonomic}
     bool UseCompressedClassPointers               = true                           {product lp64_product} {ergonomic}
     bool UseCompressedOops                        = true                           {product lp64_product} {ergonomic}
     bool UseLargePagesIndividualAllocation        = false                                  {pd product} {ergonomic}
     bool UseParallelGC                            = true                                      {product} {command line}

Logging:
Log output configuration:
 #0: stdout all=off uptime,level,tags
 #1: stderr all=off uptime,level,tags

Environment Variables:
JAVA_HOME=C:\Program Files\Java\jdk-21
PATH=C:\Program Files\Common Files\Oracle\Java\javapath;C:\Windows\system32;C:\Windows;C:\Windows\System32\Wbem;C:\Windows\System32\WindowsPowerShell\v1.0\;C:\Windows\System32\OpenSSH\;C:\Program Files\Git\cmd;C:\Users\Om\AppData\Local\Programs\Python\Python311\Scripts\;C:\Users\Om\AppData\Local\Programs\Python\Python311\;C:\Users\Om\AppData\Local\Microsoft\WindowsApps;;C:\Users\Om\AppData\Local\Programs\Microsoft VS Code\bin
USERNAME=Tejas
OS=Windows_NT
PROCESSOR_IDENTIFIER=Intel64 Family 6 Model 78 Stepping 3, GenuineIntel
TMP=C:\Users\Om\AppData\Local\Temp
TEMP=C:\Users\Om\AppData\Local\Temp



Periodic native trim disabled


---------------  S Y S T E M  ---------------

OS:
 Windows 10 , 64 bit Build 19041 (10.0.19041.3636)
OS uptime: 0 days 0:13 hours

CPU: total 4 (initial active 4) (2 cores per cpu, 2 threads per core) family 6 model 78 stepping 3 microcode 0xdc, cx8, cmov, fxsr, ht, mmx, 3dnowpref, sse, sse2, sse3, ssse3, sse4.1, sse4.2, popcnt, lzcnt, tsc, tscinvbit, avx, avx2, aes, erms, clmul, bmi1, bmi2, adx, fma, vzeroupper, clflush, clflushopt
Processor Information for all 4 processors :
  Max Mhz: 2401, Current Mhz: 2400, Mhz Limit: 2376

Memory: 4k page, system-wide physical 8082M (2775M free)
TotalPageFile size 9362M (AvailPageFile size 3483M)
current process WorkingSet (physical memory assigned to process): 116M, peak: 116M
current process commit charge ("private bytes"): 214M, peak: 214M

vm_info: OpenJDK 64-Bit Server VM (17.0.10+7) for windows-amd64 JRE (17.0.10+7), built on Jan 16 2024 23:25:11 by "admin" with MS VC++ 16.10 / 16.11 (VS2019)

END.
