#
# A fatal error has been detected by the Java Runtime Environment:
#
#  EXCEPTION_ACCESS_VIOLATION (0xc0000005) at pc=0x00007ffb732acac8, pid=12588, tid=13080
#
# JRE version: OpenJDK Runtime Environment Temurin-17.0.10+7 (17.0.10+7) (build 17.0.10+7)
# Java VM: OpenJDK 64-Bit Server VM Temurin-17.0.10+7 (17.0.10+7, mixed mode, tiered, compressed oops, compressed class ptrs, parallel gc, windows-amd64)
# Problematic frame:
# V  [jvm.dll+0xcac8]
#
# No core dump will be written. Minidumps are not enabled by default on client versions of Windows
#
# If you would like to submit a bug report, please visit:
#   https://github.com/adoptium/adoptium-support/issues
#

---------------  S U M M A R Y ------------

Command Line: --add-modules=ALL-SYSTEM --add-opens=java.base/java.util=ALL-UNNAMED --add-opens=java.base/java.lang=ALL-UNNAMED --add-opens=java.base/sun.nio.fs=ALL-UNNAMED -Declipse.application=org.eclipse.jdt.ls.core.id1 -Dosgi.bundles.defaultStartLevel=4 -Declipse.product=org.eclipse.jdt.ls.core.product -Djava.import.generatesMetadataFilesAtProjectRoot=false -DDetectVMInstallationsJob.disabled=true -Dfile.encoding=utf8 -XX:+UseParallelGC -XX:GCTimeRatio=4 -XX:AdaptiveSizePolicyWeight=90 -Dsun.zip.disableMemoryMapping=true -Xmx1G -Xms100m -Xlog:disable -javaagent:c:\Users\Om\.vscode\extensions\redhat.java-1.28.1-win32-x64\lombok\lombok-1.18.31.jar c:\Users\Om\.vscode\extensions\redhat.java-1.28.1-win32-x64\server\plugins\org.eclipse.equinox.launcher_1.6.700.v20231214-2017.jar -configuration c:\Users\Om\AppData\Roaming\Code\User\globalStorage\redhat.java\1.28.1\config_ss_win -data c:\Users\Om\AppData\Roaming\Code\User\workspaceStorage\42bdb4185651d2b693c19901c167aa87\redhat.java\ss_ws --stdio

Host: Intel(R) Core(TM) i5-6200U CPU @ 2.30GHz, 4 cores, 7G,  Windows 10 , 64 bit Build 19041 (10.0.19041.3636)
Time: Sun Mar 17 10:36:14 2024 India Standard Time elapsed time: 18.638700 seconds (0d 0h 0m 18s)

---------------  T H R E A D  ---------------

Current thread (0x00000273d335e4e0):  GCTaskThread "GC Thread#3" [stack: 0x000000b336d00000,0x000000b336e00000] [id=13080]

Stack: [0x000000b336d00000,0x000000b336e00000],  sp=0x000000b336dff848,  free space=1022k
Native frames: (J=compiled Java code, j=interpreted, Vv=VM code, C=native code)
V  [jvm.dll+0xcac8]


siginfo: EXCEPTION_ACCESS_VIOLATION (0xc0000005), reading address 0x000000075bab43c8


Registers:
RAX=0x0000000000000001, RBX=0xeb138c982001a4a5, RCX=0x0000000000000003, RDX=0x00000000eb756878
RSP=0x000000b336dff848, RBP=0x0000000000000000, RSI=0x00000000ebeba4a0, RDI=0x00000273cd5a2f00
R8 =0x000000075bab43c0, R9 =0x00007ffb73dcc740, R10=0x0000000000000000, R11=0x00000273cd5a2f00
R12=0x0000000000000000, R13=0x0000000000000010, R14=0x00000000eb756878, R15=0x00000273cd5a2f00
RIP=0x00007ffb732acac8, EFLAGS=0x0000000000010206


Register to memory mapping:

RIP=0x00007ffb732acac8 jvm.dll
RAX=0x0000000000000001 is an unknown value
RBX=0xeb138c982001a4a5 is an unknown value
RCX=0x0000000000000003 is an unknown value
RDX=0x00000000eb756878 points into unknown readable memory: 0xeb138c982001a4a5 | a5 a4 01 20 98 8c 13 eb
RSP=0x000000b336dff848 points into unknown readable memory: 0x00007ffb7395a5e1 | e1 a5 95 73 fb 7f 00 00
RBP=0x0 is NULL
RSI=0x00000000ebeba4a0 points into unknown readable memory: 0x00000000eb756878 | 78 68 75 eb 00 00 00 00
RDI=0x00000273cd5a2f00 points into unknown readable memory: 0x00007ffb73c51db8 | b8 1d c5 73 fb 7f 00 00
R8 =0x000000075bab43c0 is an unknown value
R9 =0x00007ffb73dcc740 jvm.dll
R10=0x0 is NULL
R11=0x00000273cd5a2f00 points into unknown readable memory: 0x00007ffb73c51db8 | b8 1d c5 73 fb 7f 00 00
R12=0x0 is NULL
R13=0x0000000000000010 is an unknown value
R14=0x00000000eb756878 points into unknown readable memory: 0xeb138c982001a4a5 | a5 a4 01 20 98 8c 13 eb
R15=0x00000273cd5a2f00 points into unknown readable memory: 0x00007ffb73c51db8 | b8 1d c5 73 fb 7f 00 00


Top of Stack: (sp=0x000000b336dff848)
0x000000b336dff848:   00007ffb7395a5e1 0000000000000001
0x000000b336dff858:   0000000000000009 000000b336dff9f0
0x000000b336dff868:   000000b336dff9f0 0000000000000001
0x000000b336dff878:   0000000000000020 00000000ebeb7f98
0x000000b336dff888:   0000000000001000 00000000ebeb7f98
0x000000b336dff898:   0000000000001000 0000000000000010
0x000000b336dff8a8:   0000000000000000 000000000000000c
0x000000b336dff8b8:   000000000000002c 00000000ebeba4a0
0x000000b336dff8c8:   0000000000000000 eb138c982001a4a5
0x000000b336dff8d8:   00007ffb7395b820 00000273cd5a2f00
0x000000b336dff8e8:   00007ffb7395c828 eb138c982001a4a5
0x000000b336dff8f8:   000000b336dff9e9 000000b336dff9e8
0x000000b336dff908:   00007ffb73c51ef8 0000000000000002
0x000000b336dff918:   00007ffb73c51ee0 0000000000000000
0x000000b336dff928:   00000273cd5a2f00 000000b335eff320
0x000000b336dff938:   000000b336dff9e9 0000000000000000
0x000000b336dff948:   00007ffb7395e3cb 0000000000000000
0x000000b336dff958:   00000273b9783200 00000273b912c181
0x000000b336dff968:   00000000c1848e48 00000273cd5a2f00
0x000000b336dff978:   0000000000000002 0000000000000004
0x000000b336dff988:   000000b335efed48 0000000200000000
0x000000b336dff998:   00000273d2c99e70 00007ffb73c51f20
0x000000b336dff9a8:   00000273cd5a2f00 000000b335eff1e0
0x000000b336dff9b8:   00000273d27d1f70 00000000000003d8
0x000000b336dff9c8:   00000273d27d1f80 00000273d27d2358
0x000000b336dff9d8:   0000000009a88452 0000000000000048
0x000000b336dff9e8:   00007ffb73c51ef8 00007ffb73c51ee0
0x000000b336dff9f8:   00000273cd5a2f00 0000000000000000
0x000000b336dffa08:   00005743c20c4a93 0000000000000000
0x000000b336dffa18:   00000273d335e4e0 0000000000000000
0x000000b336dffa28:   0000000000000000 000000b335eff1e0
0x000000b336dffa38:   00000273d335e4e0 0000000000000000 

Instructions: (pc=0x00007ffb732acac8)
0x00007ffb732ac9c8:   48 83 c4 20 5e c3 cc cc 48 8b 01 c3 cc cc cc cc
0x00007ffb732ac9d8:   cc cc cc cc cc cc cc cc 4c 8b 01 4c 8b c9 48 8b
0x00007ffb732ac9e8:   0d e3 60 b6 00 ba 44 60 08 00 e9 d9 f1 ff ff cc
0x00007ffb732ac9f8:   cc cc cc cc cc cc cc cc 48 89 5c 24 08 57 48 83
0x00007ffb732aca08:   ec 20 48 8b 39 48 8b d9 48 85 3d 01 4a bb 00 75
0x00007ffb732aca18:   0e 48 8b c7 48 8b 5c 24 30 48 83 c4 20 5f c3 48
0x00007ffb732aca28:   8b cf e8 41 98 85 00 48 8b d0 48 85 c0 74 20 48
0x00007ffb732aca38:   8b c7 f0 48 0f b1 13 74 16 48 85 05 d0 49 bb 00
0x00007ffb732aca48:   74 0d 48 8b c8 f0 48 0f b1 13 48 3b c1 75 ea 48
0x00007ffb732aca58:   8b 5c 24 30 48 8b c2 48 83 c4 20 5f c3 cc cc cc
0x00007ffb732aca68:   cc cc cc cc cc cc cc cc 4c 8b 01 4c 8b c9 48 8b
0x00007ffb732aca78:   0d 53 60 b6 00 ba 64 60 08 00 e9 49 f1 ff ff cc
0x00007ffb732aca88:   cc cc cc cc cc cc cc cc 8b 05 62 a8 b0 00 c3 cc
0x00007ffb732aca98:   cc cc cc cc cc cc cc cc 0f b6 05 db 68 b7 00 48
0x00007ffb732acaa8:   8b d1 84 c0 74 16 44 8b 41 08 8b 0d 40 a8 b0 00
0x00007ffb732acab8:   49 d3 e0 4c 03 05 2e a8 b0 00 eb 04 4c 8b 41 08
0x00007ffb732acac8:   45 8b 50 08 45 85 d2 7e 0e 41 f6 c2 01 75 53 41
0x00007ffb732acad8:   c1 fa 03 41 8b c2 c3 79 49 84 c0 b9 10 00 00 00
0x00007ffb732acae8:   8b 05 46 b7 b0 00 41 b8 0c 00 00 00 41 0f 45 c8
0x00007ffb732acaf8:   ff c8 4c 63 c8 48 63 14 11 41 8b ca 83 e1 3f 48
0x00007ffb732acb08:   d3 e2 41 8b ca 48 c1 f9 10 0f b6 c1 49 8d 0c 11
0x00007ffb732acb18:   49 f7 d1 48 03 c1 49 c1 e9 03 48 c1 e8 03 41 23
0x00007ffb732acb28:   c1 c3 49 8b 00 49 8b c8 48 ff a0 00 01 00 00 cc
0x00007ffb732acb38:   cc cc cc cc cc cc cc cc 8b 44 24 30 45 03 c9 44
0x00007ffb732acb48:   2b 4c 24 28 83 c0 0b 44 03 ca 45 03 c8 41 03 c1
0x00007ffb732acb58:   c3 cc cc cc cc cc cc cc 4c 8b ca 48 8b d1 45 8b
0x00007ffb732acb68:   41 08 45 85 c0 7e 0e 41 f6 c0 01 75 56 41 c1 f8
0x00007ffb732acb78:   03 41 8b c0 c3 79 4c 80 3d fc 67 b7 00 00 b8 0c
0x00007ffb732acb88:   00 00 00 b9 10 00 00 00 0f 45 c8 8b 05 9b b6 b0
0x00007ffb732acb98:   00 ff c8 4c 63 c8 48 63 14 11 41 8b c8 83 e1 3f
0x00007ffb732acba8:   48 d3 e2 41 8b c8 48 c1 f9 10 0f b6 c1 49 8d 0c
0x00007ffb732acbb8:   11 49 f7 d1 48 03 c1 49 c1 e9 03 48 c1 e8 03 41 


Stack slot to memory mapping:
stack at sp + 0 slots: 0x00007ffb7395a5e1 jvm.dll
stack at sp + 1 slots: 0x0000000000000001 is an unknown value
stack at sp + 2 slots: 0x0000000000000009 is an unknown value
stack at sp + 3 slots: 0x000000b336dff9f0 points into unknown readable memory: 0x00007ffb73c51ee0 | e0 1e c5 73 fb 7f 00 00
stack at sp + 4 slots: 0x000000b336dff9f0 points into unknown readable memory: 0x00007ffb73c51ee0 | e0 1e c5 73 fb 7f 00 00
stack at sp + 5 slots: 0x0000000000000001 is an unknown value
stack at sp + 6 slots: 0x0000000000000020 is an unknown value
stack at sp + 7 slots: 0x00000000ebeb7f98 is an oop: [B 
{0x00000000ebeb7f98} - klass: {type array byte}
 - length: 29


---------------  P R O C E S S  ---------------

Threads class SMR info:
_java_thread_list=0x00000273d49f1890, length=24, elements={
0x00000273b976d160, 0x00000273b9824420, 0x00000273b9826cb0, 0x00000273cd5db270,
0x00000273cd5dc000, 0x00000273cd5dcd90, 0x00000273cd5e0680, 0x00000273cd5e1280,
0x00000273b982e9e0, 0x00000273cd60e900, 0x00000273d2837250, 0x00000273d2a64fd0,
0x00000273d364cc80, 0x00000273d332d1d0, 0x00000273d3687500, 0x00000273d3164fc0,
0x00000273d3774a90, 0x00000273d3774fa0, 0x00000273d37754b0, 0x00000273d37768f0,
0x00000273d37759c0, 0x00000273d3777310, 0x00000273d3774070, 0x00000273d3777820
}

Java Threads: ( => current thread )
  0x00000273b976d160 JavaThread "main" [_thread_blocked, id=12760, stack(0x000000b335c00000,0x000000b335d00000)]
  0x00000273b9824420 JavaThread "Reference Handler" daemon [_thread_blocked, id=5628, stack(0x000000b335f00000,0x000000b336000000)]
  0x00000273b9826cb0 JavaThread "Finalizer" daemon [_thread_blocked, id=9956, stack(0x000000b336000000,0x000000b336100000)]
  0x00000273cd5db270 JavaThread "Signal Dispatcher" daemon [_thread_blocked, id=4796, stack(0x000000b336100000,0x000000b336200000)]
  0x00000273cd5dc000 JavaThread "Attach Listener" daemon [_thread_blocked, id=3528, stack(0x000000b336200000,0x000000b336300000)]
  0x00000273cd5dcd90 JavaThread "Service Thread" daemon [_thread_blocked, id=5664, stack(0x000000b336300000,0x000000b336400000)]
  0x00000273cd5e0680 JavaThread "Monitor Deflation Thread" daemon [_thread_blocked, id=4896, stack(0x000000b336400000,0x000000b336500000)]
  0x00000273cd5e1280 JavaThread "C2 CompilerThread0" daemon [_thread_blocked, id=12384, stack(0x000000b336500000,0x000000b336600000)]
  0x00000273b982e9e0 JavaThread "C1 CompilerThread0" daemon [_thread_blocked, id=9500, stack(0x000000b336600000,0x000000b336700000)]
  0x00000273cd60e900 JavaThread "Sweeper thread" daemon [_thread_blocked, id=1380, stack(0x000000b336700000,0x000000b336800000)]
  0x00000273d2837250 JavaThread "Common-Cleaner" daemon [_thread_blocked, id=7924, stack(0x000000b336800000,0x000000b336900000)]
  0x00000273d2a64fd0 JavaThread "Notification Thread" daemon [_thread_blocked, id=8952, stack(0x000000b336900000,0x000000b336a00000)]
  0x00000273d364cc80 JavaThread "Active Thread: Equinox Container: ed158d3f-a0c4-4dbf-8111-118d01268f19" [_thread_blocked, id=12444, stack(0x000000b336e00000,0x000000b336f00000)]
  0x00000273d332d1d0 JavaThread "Framework Event Dispatcher: Equinox Container: ed158d3f-a0c4-4dbf-8111-118d01268f19" daemon [_thread_blocked, id=2812, stack(0x000000b337000000,0x000000b337100000)]
  0x00000273d3687500 JavaThread "Start Level: Equinox Container: ed158d3f-a0c4-4dbf-8111-118d01268f19" daemon [_thread_blocked, id=12936, stack(0x000000b337100000,0x000000b337200000)]
  0x00000273d3164fc0 JavaThread "SCR Component Actor" daemon [_thread_blocked, id=8852, stack(0x000000b337200000,0x000000b337300000)]
  0x00000273d3774a90 JavaThread "Worker-JM" [_thread_blocked, id=12912, stack(0x000000b337300000,0x000000b337400000)]
  0x00000273d3774fa0 JavaThread "Worker-0" [_thread_blocked, id=9096, stack(0x000000b337500000,0x000000b337600000)]
  0x00000273d37754b0 JavaThread "Worker-1" [_thread_blocked, id=10376, stack(0x000000b337600000,0x000000b337700000)]
  0x00000273d37768f0 JavaThread "JNA Cleaner" daemon [_thread_blocked, id=7000, stack(0x000000b337400000,0x000000b337500000)]
  0x00000273d37759c0 JavaThread "pool-2-thread-1" [_thread_blocked, id=9584, stack(0x000000b337900000,0x000000b337a00000)]
  0x00000273d3777310 JavaThread "WorkspaceEventsHandler" [_thread_blocked, id=13188, stack(0x000000b337b00000,0x000000b337c00000)]
  0x00000273d3774070 JavaThread "pool-1-thread-1" [_thread_blocked, id=5012, stack(0x000000b337c00000,0x000000b337d00000)]
  0x00000273d3777820 JavaThread "Worker-2" [_thread_blocked, id=12832, stack(0x000000b337a00000,0x000000b337b00000)]

Other Threads:
  0x00000273cd5a6960 VMThread "VM Thread" [stack: 0x000000b335e00000,0x000000b335f00000] [id=12516]
  0x00000273d2a55890 WatcherThread [stack: 0x000000b336a00000,0x000000b336b00000] [id=12740]
  0x00000273b9781fa0 GCTaskThread "GC Thread#0" [stack: 0x000000b335d00000,0x000000b335e00000] [id=12952]
  0x00000273d359c980 GCTaskThread "GC Thread#1" [stack: 0x000000b336b00000,0x000000b336c00000] [id=3812]
  0x00000273d335e220 GCTaskThread "GC Thread#2" [stack: 0x000000b336c00000,0x000000b336d00000] [id=3616]
=>0x00000273d335e4e0 GCTaskThread "GC Thread#3" [stack: 0x000000b336d00000,0x000000b336e00000] [id=13080]

Threads with active compile tasks:

VM state: at safepoint (normal execution)

VM Mutex/Monitor currently owned by a thread:  ([mutex/lock_event])
[0x00000273b976a630] Threads_lock - owner thread: 0x00000273cd5a6960
[0x00000273b976a5a0] Heap_lock - owner thread: 0x00000273d3774070

Heap address: 0x00000000c0000000, size: 1024 MB, Compressed Oops mode: 32-bit

CDS archive(s) not mapped
Compressed class space mapped at: 0x0000000100000000-0x0000000140000000, reserved size: 1073741824
Narrow klass base: 0x0000000000000000, Narrow klass shift: 3, Narrow klass range: 0x140000000

GC Precious Log:
 CPUs: 4 total, 4 available
 Memory: 8082M
 Large Page Support: Disabled
 NUMA Support: Disabled
 Compressed Oops: Enabled (32-bit)
 Alignments: Space 512K, Generation 512K, Heap 2M
 Heap Min Capacity: 100M
 Heap Initial Capacity: 100M
 Heap Max Capacity: 1G
 Pre-touch: Disabled
 Parallel Workers: 4

Heap:
 PSYoungGen      total 21504K, used 21497K [0x00000000eab00000, 0x00000000ec980000, 0x0000000100000000)
  eden space 19968K, 100% used [0x00000000eab00000,0x00000000ebe80000,0x00000000ebe80000)
  from space 1536K, 99% used [0x00000000ec300000,0x00000000ec47e570,0x00000000ec480000)
  to   space 4608K, 6% used [0x00000000ebe80000,0x00000000ebecff98,0x00000000ec300000)
 ParOldGen       total 68608K, used 26376K [0x00000000c0000000, 0x00000000c4300000, 0x00000000eab00000)
  object space 68608K, 38% used [0x00000000c0000000,0x00000000c19c2058,0x00000000c4300000)
 Metaspace       used 39756K, committed 40448K, reserved 1114112K
  class space    used 4096K, committed 4416K, reserved 1048576K

Card table byte_map: [0x00000273b9120000,0x00000273b9330000] _byte_map_base: 0x00000273b8b20000

Marking Bits: (ParMarkBitMap*) 0x00007ffb73e3d7d0
 Begin Bits: [0x00000273cb410000, 0x00000273cc410000)
 End Bits:   [0x00000273cc410000, 0x00000273cd410000)

Polling page: 0x00000273b7590000

Metaspace:

Usage:
  Non-class:     34.82 MB used.
      Class:      4.00 MB used.
       Both:     38.83 MB used.

Virtual space:
  Non-class space:       64.00 MB reserved,      35.19 MB ( 55%) committed,  1 nodes.
      Class space:        1.00 GB reserved,       4.31 MB ( <1%) committed,  1 nodes.
             Both:        1.06 GB reserved,      39.50 MB (  4%) committed. 

Chunk freelists:
   Non-Class:  12.70 MB
       Class:  11.72 MB
        Both:  24.42 MB

MaxMetaspaceSize: unlimited
CompressedClassSpaceSize: 1.00 GB
Initial GC threshold: 21.00 MB
Current GC threshold: 58.38 MB
CDS: off
MetaspaceReclaimPolicy: balanced
 - commit_granule_bytes: 65536.
 - commit_granule_words: 8192.
 - virtual_space_node_default_size: 8388608.
 - enlarge_chunks_in_place: 1.
 - new_chunks_are_fully_committed: 0.
 - uncommit_free_chunks: 1.
 - use_allocation_guard: 0.
 - handle_deallocations: 1.


Internal statistics:

num_allocs_failed_limit: 6.
num_arena_births: 370.
num_arena_deaths: 14.
num_vsnodes_births: 2.
num_vsnodes_deaths: 0.
num_space_committed: 632.
num_space_uncommitted: 0.
num_chunks_returned_to_freelist: 20.
num_chunks_taken_from_freelist: 1616.
num_chunk_merges: 8.
num_chunk_splits: 1059.
num_chunks_enlarged: 742.
num_inconsistent_stats: 0.

CodeHeap 'non-profiled nmethods': size=120000Kb used=2148Kb max_used=2148Kb free=117851Kb
 bounds [0x00000273c3ee0000, 0x00000273c4150000, 0x00000273cb410000]
CodeHeap 'profiled nmethods': size=120000Kb used=8261Kb max_used=8261Kb free=111738Kb
 bounds [0x00000273bc410000, 0x00000273bcc30000, 0x00000273c3940000]
CodeHeap 'non-nmethods': size=5760Kb used=1288Kb max_used=1329Kb free=4471Kb
 bounds [0x00000273c3940000, 0x00000273c3bb0000, 0x00000273c3ee0000]
 total_blobs=4542 nmethods=3925 adapters=530
 compilation: enabled
              stopped_count=0, restarted_count=0
 full_count=0

Compilation events (20 events):
Event: 18.342 Thread 0x00000273b982e9e0 3918   !   3       sun.net.www.protocol.jar.JarFileFactory::getCachedJarFile (149 bytes)
Event: 18.344 Thread 0x00000273b982e9e0 nmethod 3918 0x00000273bcc1ad10 code [0x00000273bcc1afc0, 0x00000273bcc1bf68]
Event: 18.395 Thread 0x00000273b982e9e0 3919   !   3       sun.net.www.protocol.jar.JarURLConnection::connect (196 bytes)
Event: 18.398 Thread 0x00000273b982e9e0 nmethod 3919 0x00000273bcc1c490 code [0x00000273bcc1c7a0, 0x00000273bcc1d888]
Event: 18.437 Thread 0x00000273b982e9e0 3920       3       sun.net.www.protocol.jar.Handler::openConnection (10 bytes)
Event: 18.437 Thread 0x00000273b982e9e0 nmethod 3920 0x00000273bcc1dd90 code [0x00000273bcc1df40, 0x00000273bcc1e0e8]
Event: 18.437 Thread 0x00000273b982e9e0 3921       3       java.net.JarURLConnection::<init> (11 bytes)
Event: 18.437 Thread 0x00000273b982e9e0 nmethod 3921 0x00000273bcc1e190 code [0x00000273bcc1e340, 0x00000273bcc1e4b8]
Event: 18.438 Thread 0x00000273b982e9e0 3922       3       sun.net.www.protocol.jar.JarURLConnection::getInputStream (97 bytes)
Event: 18.439 Thread 0x00000273b982e9e0 nmethod 3922 0x00000273bcc1e590 code [0x00000273bcc1e840, 0x00000273bcc1f4a8]
Event: 18.450 Thread 0x00000273b982e9e0 3923   !   3       sun.net.www.protocol.jar.JarURLConnection$JarURLInputStream::close (51 bytes)
Event: 18.451 Thread 0x00000273b982e9e0 nmethod 3923 0x00000273bcc1f910 code [0x00000273bcc1fb20, 0x00000273bcc20228]
Event: 18.543 Thread 0x00000273b982e9e0 3924       3       java.lang.Class::getInterfaces (6 bytes)
Event: 18.543 Thread 0x00000273b982e9e0 nmethod 3924 0x00000273bcc20510 code [0x00000273bcc206a0, 0x00000273bcc207e8]
Event: 18.559 Thread 0x00000273b982e9e0 3925       3       java.util.regex.Pattern$Node::<init> (12 bytes)
Event: 18.559 Thread 0x00000273b982e9e0 nmethod 3925 0x00000273bcc20890 code [0x00000273bcc20a20, 0x00000273bcc20bb8]
Event: 18.572 Thread 0x00000273b982e9e0 3926       3       java.lang.ClassLoader::defineClass (11 bytes)
Event: 18.573 Thread 0x00000273b982e9e0 nmethod 3926 0x00000273bcc20c90 code [0x00000273bcc20e40, 0x00000273bcc20f88]
Event: 18.622 Thread 0x00000273b982e9e0 3927       3       jdk.internal.loader.AbstractClassLoaderValue$Sub::hashCode (19 bytes)
Event: 18.623 Thread 0x00000273b982e9e0 nmethod 3927 0x00000273bcc21010 code [0x00000273bcc211e0, 0x00000273bcc21558]

GC Heap History (20 events):
Event: 12.243 GC heap after
{Heap after GC invocations=9 (full 1):
 PSYoungGen      total 28672K, used 4623K [0x00000000eab00000, 0x00000000ecc80000, 0x0000000100000000)
  eden space 23552K, 0% used [0x00000000eab00000,0x00000000eab00000,0x00000000ec200000)
  from space 5120K, 90% used [0x00000000ec780000,0x00000000ecc03f30,0x00000000ecc80000)
  to   space 5120K, 0% used [0x00000000ec280000,0x00000000ec280000,0x00000000ec780000)
 ParOldGen       total 68608K, used 8074K [0x00000000c0000000, 0x00000000c4300000, 0x00000000eab00000)
  object space 68608K, 11% used [0x00000000c0000000,0x00000000c07e2a50,0x00000000c4300000)
 Metaspace       used 35059K, committed 35712K, reserved 1114112K
  class space    used 3543K, committed 3840K, reserved 1048576K
}
Event: 12.286 GC heap before
{Heap before GC invocations=10 (full 1):
 PSYoungGen      total 28672K, used 5660K [0x00000000eab00000, 0x00000000ecc80000, 0x0000000100000000)
  eden space 23552K, 4% used [0x00000000eab00000,0x00000000eac03410,0x00000000ec200000)
  from space 5120K, 90% used [0x00000000ec780000,0x00000000ecc03f30,0x00000000ecc80000)
  to   space 5120K, 0% used [0x00000000ec280000,0x00000000ec280000,0x00000000ec780000)
 ParOldGen       total 68608K, used 8074K [0x00000000c0000000, 0x00000000c4300000, 0x00000000eab00000)
  object space 68608K, 11% used [0x00000000c0000000,0x00000000c07e2a50,0x00000000c4300000)
 Metaspace       used 35208K, committed 35840K, reserved 1114112K
  class space    used 3561K, committed 3840K, reserved 1048576K
}
Event: 12.290 GC heap after
{Heap after GC invocations=10 (full 1):
 PSYoungGen      total 27136K, used 3176K [0x00000000eab00000, 0x00000000eca00000, 0x0000000100000000)
  eden space 23552K, 0% used [0x00000000eab00000,0x00000000eab00000,0x00000000ec200000)
  from space 3584K, 88% used [0x00000000ec280000,0x00000000ec59a160,0x00000000ec600000)
  to   space 4096K, 0% used [0x00000000ec600000,0x00000000ec600000,0x00000000eca00000)
 ParOldGen       total 68608K, used 9627K [0x00000000c0000000, 0x00000000c4300000, 0x00000000eab00000)
  object space 68608K, 14% used [0x00000000c0000000,0x00000000c0966fa8,0x00000000c4300000)
 Metaspace       used 35208K, committed 35840K, reserved 1114112K
  class space    used 3561K, committed 3840K, reserved 1048576K
}
Event: 12.290 GC heap before
{Heap before GC invocations=11 (full 2):
 PSYoungGen      total 27136K, used 3176K [0x00000000eab00000, 0x00000000eca00000, 0x0000000100000000)
  eden space 23552K, 0% used [0x00000000eab00000,0x00000000eab00000,0x00000000ec200000)
  from space 3584K, 88% used [0x00000000ec280000,0x00000000ec59a160,0x00000000ec600000)
  to   space 4096K, 0% used [0x00000000ec600000,0x00000000ec600000,0x00000000eca00000)
 ParOldGen       total 68608K, used 9627K [0x00000000c0000000, 0x00000000c4300000, 0x00000000eab00000)
  object space 68608K, 14% used [0x00000000c0000000,0x00000000c0966fa8,0x00000000c4300000)
 Metaspace       used 35208K, committed 35840K, reserved 1114112K
  class space    used 3561K, committed 3840K, reserved 1048576K
}
Event: 12.347 GC heap after
{Heap after GC invocations=11 (full 2):
 PSYoungGen      total 27136K, used 0K [0x00000000eab00000, 0x00000000eca00000, 0x0000000100000000)
  eden space 23552K, 0% used [0x00000000eab00000,0x00000000eab00000,0x00000000ec200000)
  from space 3584K, 0% used [0x00000000ec280000,0x00000000ec280000,0x00000000ec600000)
  to   space 4096K, 0% used [0x00000000ec600000,0x00000000ec600000,0x00000000eca00000)
 ParOldGen       total 68608K, used 12561K [0x00000000c0000000, 0x00000000c4300000, 0x00000000eab00000)
  object space 68608K, 18% used [0x00000000c0000000,0x00000000c0c44798,0x00000000c4300000)
 Metaspace       used 35208K, committed 35840K, reserved 1114112K
  class space    used 3561K, committed 3840K, reserved 1048576K
}
Event: 12.947 GC heap before
{Heap before GC invocations=12 (full 2):
 PSYoungGen      total 27136K, used 23552K [0x00000000eab00000, 0x00000000eca00000, 0x0000000100000000)
  eden space 23552K, 100% used [0x00000000eab00000,0x00000000ec200000,0x00000000ec200000)
  from space 3584K, 0% used [0x00000000ec280000,0x00000000ec280000,0x00000000ec600000)
  to   space 4096K, 0% used [0x00000000ec600000,0x00000000ec600000,0x00000000eca00000)
 ParOldGen       total 68608K, used 12561K [0x00000000c0000000, 0x00000000c4300000, 0x00000000eab00000)
  object space 68608K, 18% used [0x00000000c0000000,0x00000000c0c44798,0x00000000c4300000)
 Metaspace       used 36428K, committed 37120K, reserved 1114112K
  class space    used 3696K, committed 3968K, reserved 1048576K
}
Event: 12.950 GC heap after
{Heap after GC invocations=12 (full 2):
 PSYoungGen      total 25088K, used 1920K [0x00000000eab00000, 0x00000000ec800000, 0x0000000100000000)
  eden space 23040K, 0% used [0x00000000eab00000,0x00000000eab00000,0x00000000ec180000)
  from space 2048K, 93% used [0x00000000ec600000,0x00000000ec7e0040,0x00000000ec800000)
  to   space 2560K, 0% used [0x00000000ec300000,0x00000000ec300000,0x00000000ec580000)
 ParOldGen       total 68608K, used 12569K [0x00000000c0000000, 0x00000000c4300000, 0x00000000eab00000)
  object space 68608K, 18% used [0x00000000c0000000,0x00000000c0c46798,0x00000000c4300000)
 Metaspace       used 36428K, committed 37120K, reserved 1114112K
  class space    used 3696K, committed 3968K, reserved 1048576K
}
Event: 13.523 GC heap before
{Heap before GC invocations=13 (full 2):
 PSYoungGen      total 25088K, used 24960K [0x00000000eab00000, 0x00000000ec800000, 0x0000000100000000)
  eden space 23040K, 100% used [0x00000000eab00000,0x00000000ec180000,0x00000000ec180000)
  from space 2048K, 93% used [0x00000000ec600000,0x00000000ec7e0040,0x00000000ec800000)
  to   space 2560K, 0% used [0x00000000ec300000,0x00000000ec300000,0x00000000ec580000)
 ParOldGen       total 68608K, used 12569K [0x00000000c0000000, 0x00000000c4300000, 0x00000000eab00000)
  object space 68608K, 18% used [0x00000000c0000000,0x00000000c0c46798,0x00000000c4300000)
 Metaspace       used 36626K, committed 37248K, reserved 1114112K
  class space    used 3717K, committed 3968K, reserved 1048576K
}
Event: 13.528 GC heap after
{Heap after GC invocations=13 (full 2):
 PSYoungGen      total 24576K, used 1952K [0x00000000eab00000, 0x00000000ec680000, 0x0000000100000000)
  eden space 22528K, 0% used [0x00000000eab00000,0x00000000eab00000,0x00000000ec100000)
  from space 2048K, 95% used [0x00000000ec300000,0x00000000ec4e8010,0x00000000ec500000)
  to   space 1536K, 0% used [0x00000000ec500000,0x00000000ec500000,0x00000000ec680000)
 ParOldGen       total 68608K, used 14423K [0x00000000c0000000, 0x00000000c4300000, 0x00000000eab00000)
  object space 68608K, 21% used [0x00000000c0000000,0x00000000c0e15e10,0x00000000c4300000)
 Metaspace       used 36626K, committed 37248K, reserved 1114112K
  class space    used 3717K, committed 3968K, reserved 1048576K
}
Event: 13.874 GC heap before
{Heap before GC invocations=14 (full 2):
 PSYoungGen      total 24576K, used 24480K [0x00000000eab00000, 0x00000000ec680000, 0x0000000100000000)
  eden space 22528K, 100% used [0x00000000eab00000,0x00000000ec100000,0x00000000ec100000)
  from space 2048K, 95% used [0x00000000ec300000,0x00000000ec4e8010,0x00000000ec500000)
  to   space 1536K, 0% used [0x00000000ec500000,0x00000000ec500000,0x00000000ec680000)
 ParOldGen       total 68608K, used 14423K [0x00000000c0000000, 0x00000000c4300000, 0x00000000eab00000)
  object space 68608K, 21% used [0x00000000c0000000,0x00000000c0e15e10,0x00000000c4300000)
 Metaspace       used 36703K, committed 37312K, reserved 1114112K
  class space    used 3730K, committed 3968K, reserved 1048576K
}
Event: 13.878 GC heap after
{Heap after GC invocations=14 (full 2):
 PSYoungGen      total 23552K, used 1504K [0x00000000eab00000, 0x00000000ec880000, 0x0000000100000000)
  eden space 22016K, 0% used [0x00000000eab00000,0x00000000eab00000,0x00000000ec080000)
  from space 1536K, 97% used [0x00000000ec500000,0x00000000ec678010,0x00000000ec680000)
  to   space 4096K, 0% used [0x00000000ec080000,0x00000000ec080000,0x00000000ec480000)
 ParOldGen       total 68608K, used 16631K [0x00000000c0000000, 0x00000000c4300000, 0x00000000eab00000)
  object space 68608K, 24% used [0x00000000c0000000,0x00000000c103ddc0,0x00000000c4300000)
 Metaspace       used 36703K, committed 37312K, reserved 1114112K
  class space    used 3730K, committed 3968K, reserved 1048576K
}
Event: 14.096 GC heap before
{Heap before GC invocations=15 (full 2):
 PSYoungGen      total 23552K, used 23520K [0x00000000eab00000, 0x00000000ec880000, 0x0000000100000000)
  eden space 22016K, 100% used [0x00000000eab00000,0x00000000ec080000,0x00000000ec080000)
  from space 1536K, 97% used [0x00000000ec500000,0x00000000ec678010,0x00000000ec680000)
  to   space 4096K, 0% used [0x00000000ec080000,0x00000000ec080000,0x00000000ec480000)
 ParOldGen       total 68608K, used 16631K [0x00000000c0000000, 0x00000000c4300000, 0x00000000eab00000)
  object space 68608K, 24% used [0x00000000c0000000,0x00000000c103ddc0,0x00000000c4300000)
 Metaspace       used 36704K, committed 37312K, reserved 1114112K
  class space    used 3730K, committed 3968K, reserved 1048576K
}
Event: 14.104 GC heap after
{Heap after GC invocations=15 (full 2):
 PSYoungGen      total 24064K, used 1984K [0x00000000eab00000, 0x00000000ec680000, 0x0000000100000000)
  eden space 22016K, 0% used [0x00000000eab00000,0x00000000eab00000,0x00000000ec080000)
  from space 2048K, 96% used [0x00000000ec080000,0x00000000ec270000,0x00000000ec280000)
  to   space 3072K, 0% used [0x00000000ec380000,0x00000000ec380000,0x00000000ec680000)
 ParOldGen       total 68608K, used 18151K [0x00000000c0000000, 0x00000000c4300000, 0x00000000eab00000)
  object space 68608K, 26% used [0x00000000c0000000,0x00000000c11b9dd0,0x00000000c4300000)
 Metaspace       used 36704K, committed 37312K, reserved 1114112K
  class space    used 3730K, committed 3968K, reserved 1048576K
}
Event: 14.266 GC heap before
{Heap before GC invocations=16 (full 2):
 PSYoungGen      total 24064K, used 24000K [0x00000000eab00000, 0x00000000ec680000, 0x0000000100000000)
  eden space 22016K, 100% used [0x00000000eab00000,0x00000000ec080000,0x00000000ec080000)
  from space 2048K, 96% used [0x00000000ec080000,0x00000000ec270000,0x00000000ec280000)
  to   space 3072K, 0% used [0x00000000ec380000,0x00000000ec380000,0x00000000ec680000)
 ParOldGen       total 68608K, used 18151K [0x00000000c0000000, 0x00000000c4300000, 0x00000000eab00000)
  object space 68608K, 26% used [0x00000000c0000000,0x00000000c11b9dd0,0x00000000c4300000)
 Metaspace       used 36706K, committed 37312K, reserved 1114112K
  class space    used 3730K, committed 3968K, reserved 1048576K
}
Event: 14.272 GC heap after
{Heap after GC invocations=16 (full 2):
 PSYoungGen      total 24576K, used 2240K [0x00000000eab00000, 0x00000000ec600000, 0x0000000100000000)
  eden space 22016K, 0% used [0x00000000eab00000,0x00000000eab00000,0x00000000ec080000)
  from space 2560K, 87% used [0x00000000ec380000,0x00000000ec5b0010,0x00000000ec600000)
  to   space 2560K, 0% used [0x00000000ec100000,0x00000000ec100000,0x00000000ec380000)
 ParOldGen       total 68608K, used 20063K [0x00000000c0000000, 0x00000000c4300000, 0x00000000eab00000)
  object space 68608K, 29% used [0x00000000c0000000,0x00000000c1397dd0,0x00000000c4300000)
 Metaspace       used 36706K, committed 37312K, reserved 1114112K
  class space    used 3730K, committed 3968K, reserved 1048576K
}
Event: 14.542 GC heap before
{Heap before GC invocations=17 (full 2):
 PSYoungGen      total 24576K, used 24256K [0x00000000eab00000, 0x00000000ec600000, 0x0000000100000000)
  eden space 22016K, 100% used [0x00000000eab00000,0x00000000ec080000,0x00000000ec080000)
  from space 2560K, 87% used [0x00000000ec380000,0x00000000ec5b0010,0x00000000ec600000)
  to   space 2560K, 0% used [0x00000000ec100000,0x00000000ec100000,0x00000000ec380000)
 ParOldGen       total 68608K, used 20063K [0x00000000c0000000, 0x00000000c4300000, 0x00000000eab00000)
  object space 68608K, 29% used [0x00000000c0000000,0x00000000c1397dd0,0x00000000c4300000)
 Metaspace       used 36706K, committed 37312K, reserved 1114112K
  class space    used 3730K, committed 3968K, reserved 1048576K
}
Event: 14.547 GC heap after
{Heap after GC invocations=17 (full 2):
 PSYoungGen      total 24064K, used 1856K [0x00000000eab00000, 0x00000000ec480000, 0x0000000100000000)
  eden space 22016K, 0% used [0x00000000eab00000,0x00000000eab00000,0x00000000ec080000)
  from space 2048K, 90% used [0x00000000ec100000,0x00000000ec2d0000,0x00000000ec300000)
  to   space 1536K, 0% used [0x00000000ec300000,0x00000000ec300000,0x00000000ec480000)
 ParOldGen       total 68608K, used 22255K [0x00000000c0000000, 0x00000000c4300000, 0x00000000eab00000)
  object space 68608K, 32% used [0x00000000c0000000,0x00000000c15bbde0,0x00000000c4300000)
 Metaspace       used 36706K, committed 37312K, reserved 1114112K
  class space    used 3730K, committed 3968K, reserved 1048576K
}
Event: 16.197 GC heap before
{Heap before GC invocations=18 (full 2):
 PSYoungGen      total 24064K, used 23872K [0x00000000eab00000, 0x00000000ec480000, 0x0000000100000000)
  eden space 22016K, 100% used [0x00000000eab00000,0x00000000ec080000,0x00000000ec080000)
  from space 2048K, 90% used [0x00000000ec100000,0x00000000ec2d0000,0x00000000ec300000)
  to   space 1536K, 0% used [0x00000000ec300000,0x00000000ec300000,0x00000000ec480000)
 ParOldGen       total 68608K, used 22255K [0x00000000c0000000, 0x00000000c4300000, 0x00000000eab00000)
  object space 68608K, 32% used [0x00000000c0000000,0x00000000c15bbde0,0x00000000c4300000)
 Metaspace       used 38584K, committed 39232K, reserved 1114112K
  class space    used 3950K, committed 4288K, reserved 1048576K
}
Event: 16.204 GC heap after
{Heap after GC invocations=18 (full 2):
 PSYoungGen      total 21504K, used 1529K [0x00000000eab00000, 0x00000000ec980000, 0x0000000100000000)
  eden space 19968K, 0% used [0x00000000eab00000,0x00000000eab00000,0x00000000ebe80000)
  from space 1536K, 99% used [0x00000000ec300000,0x00000000ec47e570,0x00000000ec480000)
  to   space 4608K, 0% used [0x00000000ebe80000,0x00000000ebe80000,0x00000000ec300000)
 ParOldGen       total 68608K, used 24867K [0x00000000c0000000, 0x00000000c4300000, 0x00000000eab00000)
  object space 68608K, 36% used [0x00000000c0000000,0x00000000c1848e48,0x00000000c4300000)
 Metaspace       used 38584K, committed 39232K, reserved 1114112K
  class space    used 3950K, committed 4288K, reserved 1048576K
}
Event: 18.624 GC heap before
{Heap before GC invocations=19 (full 2):
 PSYoungGen      total 21504K, used 21497K [0x00000000eab00000, 0x00000000ec980000, 0x0000000100000000)
  eden space 19968K, 100% used [0x00000000eab00000,0x00000000ebe80000,0x00000000ebe80000)
  from space 1536K, 99% used [0x00000000ec300000,0x00000000ec47e570,0x00000000ec480000)
  to   space 4608K, 0% used [0x00000000ebe80000,0x00000000ebe80000,0x00000000ec300000)
 ParOldGen       total 68608K, used 24867K [0x00000000c0000000, 0x00000000c4300000, 0x00000000eab00000)
  object space 68608K, 36% used [0x00000000c0000000,0x00000000c1848e48,0x00000000c4300000)
 Metaspace       used 39756K, committed 40448K, reserved 1114112K
  class space    used 4096K, committed 4416K, reserved 1048576K
}

Dll operation events (10 events):
Event: 0.088 Loaded shared library c:\Users\Om\.vscode\extensions\redhat.java-1.28.1-win32-x64\jre\17.0.10-win32-x86_64\bin\java.dll
Event: 1.390 Loaded shared library c:\Users\Om\.vscode\extensions\redhat.java-1.28.1-win32-x64\jre\17.0.10-win32-x86_64\bin\zip.dll
Event: 1.396 Loaded shared library C:\Users\Om\.vscode\extensions\redhat.java-1.28.1-win32-x64\jre\17.0.10-win32-x86_64\bin\instrument.dll
Event: 1.509 Loaded shared library C:\Users\Om\.vscode\extensions\redhat.java-1.28.1-win32-x64\jre\17.0.10-win32-x86_64\bin\net.dll
Event: 1.514 Loaded shared library C:\Users\Om\.vscode\extensions\redhat.java-1.28.1-win32-x64\jre\17.0.10-win32-x86_64\bin\nio.dll
Event: 1.529 Loaded shared library C:\Users\Om\.vscode\extensions\redhat.java-1.28.1-win32-x64\jre\17.0.10-win32-x86_64\bin\zip.dll
Event: 1.696 Loaded shared library C:\Users\Om\.vscode\extensions\redhat.java-1.28.1-win32-x64\jre\17.0.10-win32-x86_64\bin\jimage.dll
Event: 2.205 Loaded shared library c:\Users\Om\.vscode\extensions\redhat.java-1.28.1-win32-x64\jre\17.0.10-win32-x86_64\bin\verify.dll
Event: 6.231 Loaded shared library C:\Users\Om\AppData\Roaming\Code\User\globalStorage\redhat.java\1.28.1\config_ss_win\org.eclipse.equinox.launcher\org.eclipse.equinox.launcher.win32.win32.x86_64_1.2.900.v20240129-1338\eclipse_11900.dll
Event: 10.591 Loaded shared library C:\Users\Om\AppData\Local\Temp\jna-80689643\jna5150229713361815442.dll

Deoptimization events (20 events):
Event: 15.262 Thread 0x00000273d3774070 DEOPT PACKING pc=0x00000273c3fe851c sp=0x000000b337cf7480
Event: 15.262 Thread 0x00000273d3774070 DEOPT UNPACKING pc=0x00000273c39966a3 sp=0x000000b337cf73c8 mode 2
Event: 15.268 Thread 0x00000273d3774070 Uncommon trap: trap_request=0xffffffc6 fr.pc=0x00000273c3fe851c relative=0x0000000000007d3c
Event: 15.268 Thread 0x00000273d3774070 Uncommon trap: reason=bimorphic_or_optimized_type_check action=maybe_recompile pc=0x00000273c3fe851c method=lombok.patcher.PatchScript$MethodPatcher.visitMethod(ILjava/lang/String;Ljava/lang/String;Ljava/lang/String;[Ljava/lang/String;)Lorg/lombokweb/asm/
Event: 15.268 Thread 0x00000273d3774070 DEOPT PACKING pc=0x00000273c3fe851c sp=0x000000b337cf7480
Event: 15.268 Thread 0x00000273d3774070 DEOPT UNPACKING pc=0x00000273c39966a3 sp=0x000000b337cf73c8 mode 2
Event: 15.278 Thread 0x00000273d3774070 Uncommon trap: trap_request=0xffffffc6 fr.pc=0x00000273c3fe851c relative=0x0000000000007d3c
Event: 15.278 Thread 0x00000273d3774070 Uncommon trap: reason=bimorphic_or_optimized_type_check action=maybe_recompile pc=0x00000273c3fe851c method=lombok.patcher.PatchScript$MethodPatcher.visitMethod(ILjava/lang/String;Ljava/lang/String;Ljava/lang/String;[Ljava/lang/String;)Lorg/lombokweb/asm/
Event: 15.278 Thread 0x00000273d3774070 DEOPT PACKING pc=0x00000273c3fe851c sp=0x000000b337cf7480
Event: 15.278 Thread 0x00000273d3774070 DEOPT UNPACKING pc=0x00000273c39966a3 sp=0x000000b337cf73c8 mode 2
Event: 16.010 Thread 0x00000273d3774070 DEOPT PACKING pc=0x00000273bcbc3157 sp=0x000000b337cfcde0
Event: 16.010 Thread 0x00000273d3774070 DEOPT UNPACKING pc=0x00000273c3996e43 sp=0x000000b337cfc2a0 mode 0
Event: 16.010 Thread 0x00000273d3774070 Uncommon trap: trap_request=0xffffff45 fr.pc=0x00000273c40e0570 relative=0x0000000000000350
Event: 16.010 Thread 0x00000273d3774070 Uncommon trap: reason=unstable_if action=reinterpret pc=0x00000273c40e0570 method=org.eclipse.jdt.internal.compiler.parser.Parser.computeReverseTable([C[C[Ljava/lang/String;)[I @ 87 c2
Event: 16.010 Thread 0x00000273d3774070 DEOPT PACKING pc=0x00000273c40e0570 sp=0x000000b337cfcdf0
Event: 16.010 Thread 0x00000273d3774070 DEOPT UNPACKING pc=0x00000273c39966a3 sp=0x000000b337cfcdb0 mode 2
Event: 17.064 Thread 0x00000273d3774070 DEOPT PACKING pc=0x00000273bc486b09 sp=0x000000b337cf8440
Event: 17.064 Thread 0x00000273d3774070 DEOPT UNPACKING pc=0x00000273c3996e43 sp=0x000000b337cf7938 mode 0
Event: 17.171 Thread 0x00000273d3774070 DEOPT PACKING pc=0x00000273bcbd65d5 sp=0x000000b337cf8670
Event: 17.171 Thread 0x00000273d3774070 DEOPT UNPACKING pc=0x00000273c3996e43 sp=0x000000b337cf7b20 mode 0

Classes unloaded (7 events):
Event: 7.655 Thread 0x00000273cd5a6960 Unloading class 0x000000010021a400 'java/lang/invoke/LambdaForm$MH+0x000000010021a400'
Event: 7.655 Thread 0x00000273cd5a6960 Unloading class 0x000000010021a000 'java/lang/invoke/LambdaForm$MH+0x000000010021a000'
Event: 7.655 Thread 0x00000273cd5a6960 Unloading class 0x0000000100219c00 'java/lang/invoke/LambdaForm$MH+0x0000000100219c00'
Event: 7.655 Thread 0x00000273cd5a6960 Unloading class 0x0000000100219800 'java/lang/invoke/LambdaForm$MH+0x0000000100219800'
Event: 7.655 Thread 0x00000273cd5a6960 Unloading class 0x0000000100219400 'java/lang/invoke/LambdaForm$BMH+0x0000000100219400'
Event: 7.655 Thread 0x00000273cd5a6960 Unloading class 0x0000000100219000 'java/lang/invoke/LambdaForm$DMH+0x0000000100219000'
Event: 7.655 Thread 0x00000273cd5a6960 Unloading class 0x0000000100214400 'java/lang/invoke/LambdaForm$DMH+0x0000000100214400'

Classes redefined (0 events):
No events

Internal exceptions (20 events):
Event: 9.762 Thread 0x00000273d3687500 Exception <a 'java/lang/NoSuchMethodError'{0x00000000eb28baa0}: 'java.lang.Object java.lang.invoke.DirectMethodHandle$Holder.invokeStaticInit(java.lang.Object, java.lang.Object, int, int, int, int)'> (0x00000000eb28baa0) 
thrown [s\src\hotspot\share\interpreter\linkResolver.cpp, line 759]
Event: 9.956 Thread 0x00000273d3687500 Exception <a 'java/lang/ClassNotFoundException'{0x00000000eb71ded0}: com/sun/org/apache/xml/internal/serializer/spi/XMLEntitiesProvider> (0x00000000eb71ded0) 
thrown [s\src\hotspot\share\classfile\systemDictionary.cpp, line 256]
Event: 10.309 Thread 0x00000273d3687500 Exception <a 'java/io/FileNotFoundException'{0x00000000ebc42a90}> (0x00000000ebc42a90) 
thrown [s\src\hotspot\share\prims\jni.cpp, line 516]
Event: 10.669 Thread 0x00000273d3687500 Exception <a 'java/lang/UnsatisfiedLinkError'{0x00000000ebf96fb0}: The specified procedure could not be found.
> (0x00000000ebf96fb0) 
thrown [s\src\hotspot\share\prims\jni.cpp, line 535]
Event: 10.677 Thread 0x00000273d3687500 Exception <a 'java/io/FileNotFoundException'{0x00000000ebfbc028}> (0x00000000ebfbc028) 
thrown [s\src\hotspot\share\prims\jni.cpp, line 516]
Event: 10.734 Thread 0x00000273d3687500 Exception <a 'java/io/FileNotFoundException'{0x00000000ec034f78}> (0x00000000ec034f78) 
thrown [s\src\hotspot\share\prims\jni.cpp, line 516]
Event: 10.754 Thread 0x00000273d3687500 Exception <a 'java/lang/UnsatisfiedLinkError'{0x00000000ec0c3840}: The specified procedure could not be found.
> (0x00000000ec0c3840) 
thrown [s\src\hotspot\share\prims\jni.cpp, line 535]
Event: 10.879 Thread 0x00000273b976d160 Exception <a 'java/lang/NoSuchMethodError'{0x00000000ec286900}: 'java.lang.Object java.lang.invoke.DirectMethodHandle$Holder.invokeStatic(java.lang.Object, java.lang.Object, long, java.lang.Object)'> (0x00000000ec286900) 
thrown [s\src\hotspot\share\interpreter\linkResolver.cpp, line 759]
Event: 10.881 Thread 0x00000273b976d160 Exception <a 'java/lang/NoSuchMethodError'{0x00000000ec28a398}: 'java.lang.Object java.lang.invoke.DirectMethodHandle$Holder.invokeStaticInit(java.lang.Object, java.lang.Object, long, java.lang.Object)'> (0x00000000ec28a398) 
thrown [s\src\hotspot\share\interpreter\linkResolver.cpp, line 759]
Event: 10.883 Thread 0x00000273b976d160 Exception <a 'java/lang/NoSuchMethodError'{0x00000000ec2909a8}: 'java.lang.Object java.lang.invoke.DirectMethodHandle$Holder.newInvokeSpecial(java.lang.Object, java.lang.Object, long)'> (0x00000000ec2909a8) 
thrown [s\src\hotspot\share\interpreter\linkResolver.cpp, line 759]
Event: 11.007 Thread 0x00000273b976d160 Exception <a 'java/lang/NoSuchMethodError'{0x00000000eac75ae8}: 'void java.lang.invoke.DirectMethodHandle$Holder.invokeStatic(java.lang.Object, java.lang.Object, java.lang.Object, java.lang.Object)'> (0x00000000eac75ae8) 
thrown [s\src\hotspot\share\interpreter\linkResolver.cpp, line 759]
Event: 11.466 Thread 0x00000273b976d160 Exception <a 'java/lang/NoSuchMethodError'{0x00000000eb4d0808}: 'void java.lang.invoke.DirectMethodHandle$Holder.invokeSpecial(java.lang.Object, java.lang.Object, java.lang.Object, java.lang.Object, java.lang.Object, java.lang.Object)'> (0x00000000eb4d0808) 
thrown [s\src\hotspot\share\interpreter\linkResolver.cpp, line 759]
Event: 11.468 Thread 0x00000273b976d160 Exception <a 'java/lang/IncompatibleClassChangeError'{0x00000000eb4d9e80}: Found class java.lang.Object, but interface was expected> (0x00000000eb4d9e80) 
thrown [s\src\hotspot\share\interpreter\linkResolver.cpp, line 826]
Event: 11.923 Thread 0x00000273d3774070 Exception <a 'java/io/FileNotFoundException'{0x00000000ebb20cc0}> (0x00000000ebb20cc0) 
thrown [s\src\hotspot\share\prims\jni.cpp, line 516]
Event: 12.108 Thread 0x00000273d3774070 Exception <a 'java/lang/NoSuchMethodError'{0x00000000ec0755d8}: 'int java.lang.invoke.DirectMethodHandle$Holder.invokeVirtual(java.lang.Object, java.lang.Object)'> (0x00000000ec0755d8) 
thrown [s\src\hotspot\share\interpreter\linkResolver.cpp, line 759]
Event: 12.483 Thread 0x00000273d37754b0 Exception <a 'java/lang/NoSuchMethodError'{0x00000000ead20c90}: 'java.lang.Object java.lang.invoke.Invokers$Holder.invoke_MT(java.lang.Object, java.lang.Object, java.lang.Object)'> (0x00000000ead20c90) 
thrown [s\src\hotspot\share\interpreter\linkResolver.cpp, line 759]
Event: 13.047 Thread 0x00000273d37754b0 Exception <a 'java/io/FileNotFoundException'{0x00000000eaf15950}> (0x00000000eaf15950) 
thrown [s\src\hotspot\share\prims\jni.cpp, line 516]
Event: 13.049 Thread 0x00000273d37754b0 Exception <a 'java/io/FileNotFoundException'{0x00000000eaf16e70}> (0x00000000eaf16e70) 
thrown [s\src\hotspot\share\prims\jni.cpp, line 516]
Event: 13.050 Thread 0x00000273d37754b0 Exception <a 'java/lang/NoSuchMethodError'{0x00000000eaf284b8}: 'void java.lang.invoke.DirectMethodHandle$Holder.invokeStaticInit(java.lang.Object, java.lang.Object, java.lang.Object)'> (0x00000000eaf284b8) 
thrown [s\src\hotspot\share\interpreter\linkResolver.cpp, line 759]
Event: 14.964 Thread 0x00000273d3774070 Exception <a 'java/lang/NoSuchMethodError'{0x00000000eb32a8c0}: 'java.lang.Object java.lang.invoke.DirectMethodHandle$Holder.invokeInterface(java.lang.Object, java.lang.Object, java.lang.Object)'> (0x00000000eb32a8c0) 
thrown [s\src\hotspot\share\interpreter\linkResolver.cpp, line 759]

VM Operations (20 events):
Event: 13.528 Executing VM operation: ParallelGCFailedAllocation done
Event: 13.874 Executing VM operation: ParallelGCFailedAllocation
Event: 13.878 Executing VM operation: ParallelGCFailedAllocation done
Event: 14.096 Executing VM operation: ParallelGCFailedAllocation
Event: 14.104 Executing VM operation: ParallelGCFailedAllocation done
Event: 14.266 Executing VM operation: ParallelGCFailedAllocation
Event: 14.272 Executing VM operation: ParallelGCFailedAllocation done
Event: 14.542 Executing VM operation: ParallelGCFailedAllocation
Event: 14.547 Executing VM operation: ParallelGCFailedAllocation done
Event: 15.555 Executing VM operation: Cleanup
Event: 15.667 Executing VM operation: Cleanup done
Event: 16.161 Executing VM operation: HandshakeAllThreads
Event: 16.161 Executing VM operation: HandshakeAllThreads done
Event: 16.197 Executing VM operation: ParallelGCFailedAllocation
Event: 16.204 Executing VM operation: ParallelGCFailedAllocation done
Event: 17.215 Executing VM operation: Cleanup
Event: 17.264 Executing VM operation: Cleanup done
Event: 18.278 Executing VM operation: Cleanup
Event: 18.295 Executing VM operation: Cleanup done
Event: 18.624 Executing VM operation: ParallelGCFailedAllocation

Events (20 events):
Event: 14.870 loading class jdk/internal/reflect/UnsafeIntegerFieldAccessorImpl
Event: 14.870 loading class jdk/internal/reflect/UnsafeIntegerFieldAccessorImpl done
Event: 14.979 loading class java/util/ArrayDeque$DeqSpliterator
Event: 14.980 loading class java/util/ArrayDeque$DeqSpliterator done
Event: 15.000 Thread 0x00000273d418b2c0 Thread added: 0x00000273d418b2c0
Event: 15.033 loading class sun/nio/cs/ThreadLocalCoders
Event: 15.033 loading class sun/nio/cs/ThreadLocalCoders done
Event: 15.033 loading class sun/nio/cs/ThreadLocalCoders$1
Event: 15.033 loading class sun/nio/cs/ThreadLocalCoders$Cache
Event: 15.035 loading class sun/nio/cs/ThreadLocalCoders$Cache done
Event: 15.035 loading class sun/nio/cs/ThreadLocalCoders$1 done
Event: 15.035 loading class sun/nio/cs/ThreadLocalCoders$2
Event: 15.035 loading class sun/nio/cs/ThreadLocalCoders$2 done
Event: 15.222 loading class java/lang/ExceptionInInitializerError
Event: 15.222 loading class java/lang/ExceptionInInitializerError done
Event: 15.773 Thread 0x00000273d418b2c0 Thread exited: 0x00000273d418b2c0
Event: 17.379 Thread 0x00000273d4ac4060 Thread added: 0x00000273d4ac4060
Event: 17.573 Thread 0x00000273d4ac4060 Thread exited: 0x00000273d4ac4060
Event: 17.576 loading class java/util/Vector$1
Event: 17.576 loading class java/util/Vector$1 done


Dynamic libraries:
0x00007ff7ef450000 - 0x00007ff7ef45e000 	c:\Users\Om\.vscode\extensions\redhat.java-1.28.1-win32-x64\jre\17.0.10-win32-x86_64\bin\java.exe
0x00007ffbfb3b0000 - 0x00007ffbfb5a8000 	C:\Windows\SYSTEM32\ntdll.dll
0x00007ffbf9520000 - 0x00007ffbf95dd000 	C:\Windows\System32\KERNEL32.DLL
0x00007ffbf8fe0000 - 0x00007ffbf92d6000 	C:\Windows\System32\KERNELBASE.dll
0x00007ffbf92e0000 - 0x00007ffbf93e0000 	C:\Windows\System32\ucrtbase.dll
0x00007ffba5000000 - 0x00007ffba5017000 	c:\Users\Om\.vscode\extensions\redhat.java-1.28.1-win32-x64\jre\17.0.10-win32-x86_64\bin\jli.dll
0x00007ffbf9c10000 - 0x00007ffbf9dae000 	C:\Windows\System32\USER32.dll
0x00007ffbf8b40000 - 0x00007ffbf8b62000 	C:\Windows\System32\win32u.dll
0x00007ffbf9440000 - 0x00007ffbf946b000 	C:\Windows\System32\GDI32.dll
0x00007ffbf8ec0000 - 0x00007ffbf8fd7000 	C:\Windows\System32\gdi32full.dll
0x00007ffbf8cc0000 - 0x00007ffbf8d5d000 	C:\Windows\System32\msvcp_win.dll
0x00007ffb94e80000 - 0x00007ffb94e9b000 	c:\Users\Om\.vscode\extensions\redhat.java-1.28.1-win32-x64\jre\17.0.10-win32-x86_64\bin\VCRUNTIME140.dll
0x00007ffbf7dd0000 - 0x00007ffbf806a000 	C:\Windows\WinSxS\amd64_microsoft.windows.common-controls_6595b64144ccf1df_6.0.19041.3636_none_60b6a03d71f818d5\COMCTL32.dll
0x00007ffbf9ab0000 - 0x00007ffbf9b4e000 	C:\Windows\System32\msvcrt.dll
0x00007ffbf9b50000 - 0x00007ffbf9b82000 	C:\Windows\System32\IMM32.DLL
0x00007ffbf3570000 - 0x00007ffbf357c000 	c:\Users\Om\.vscode\extensions\redhat.java-1.28.1-win32-x64\jre\17.0.10-win32-x86_64\bin\vcruntime140_1.dll
0x00007ffb85810000 - 0x00007ffb8589d000 	c:\Users\Om\.vscode\extensions\redhat.java-1.28.1-win32-x64\jre\17.0.10-win32-x86_64\bin\msvcp140.dll
0x00007ffb732a0000 - 0x00007ffb73f02000 	c:\Users\Om\.vscode\extensions\redhat.java-1.28.1-win32-x64\jre\17.0.10-win32-x86_64\bin\server\jvm.dll
0x00007ffbf9470000 - 0x00007ffbf9520000 	C:\Windows\System32\ADVAPI32.dll
0x00007ffbfa4b0000 - 0x00007ffbfa550000 	C:\Windows\System32\sechost.dll
0x00007ffbf9db0000 - 0x00007ffbf9ed5000 	C:\Windows\System32\RPCRT4.dll
0x00007ffbf8b10000 - 0x00007ffbf8b37000 	C:\Windows\System32\bcrypt.dll
0x00007ffbf88c0000 - 0x00007ffbf890b000 	C:\Windows\SYSTEM32\POWRPROF.dll
0x00007ffbe8e50000 - 0x00007ffbe8e59000 	C:\Windows\SYSTEM32\WSOCK32.dll
0x00007ffbfa700000 - 0x00007ffbfa76b000 	C:\Windows\System32\WS2_32.dll
0x00007ffbea1f0000 - 0x00007ffbea217000 	C:\Windows\SYSTEM32\WINMM.dll
0x00007ffbea320000 - 0x00007ffbea32a000 	C:\Windows\SYSTEM32\VERSION.dll
0x00007ffbf88a0000 - 0x00007ffbf88b2000 	C:\Windows\SYSTEM32\UMPDC.dll
0x00007ffbf6c30000 - 0x00007ffbf6c42000 	C:\Windows\SYSTEM32\kernel.appcore.dll
0x00007ffbf3560000 - 0x00007ffbf356a000 	c:\Users\Om\.vscode\extensions\redhat.java-1.28.1-win32-x64\jre\17.0.10-win32-x86_64\bin\jimage.dll
0x00007ffbf8370000 - 0x00007ffbf8554000 	C:\Windows\SYSTEM32\DBGHELP.DLL
0x00007ffbf8180000 - 0x00007ffbf81b4000 	C:\Windows\SYSTEM32\dbgcore.DLL
0x00007ffbf8c30000 - 0x00007ffbf8cb2000 	C:\Windows\System32\bcryptPrimitives.dll
0x00007ffbf3550000 - 0x00007ffbf355e000 	c:\Users\Om\.vscode\extensions\redhat.java-1.28.1-win32-x64\jre\17.0.10-win32-x86_64\bin\instrument.dll
0x00007ffbeb780000 - 0x00007ffbeb7a5000 	c:\Users\Om\.vscode\extensions\redhat.java-1.28.1-win32-x64\jre\17.0.10-win32-x86_64\bin\java.dll
0x00007ffbf3530000 - 0x00007ffbf3548000 	c:\Users\Om\.vscode\extensions\redhat.java-1.28.1-win32-x64\jre\17.0.10-win32-x86_64\bin\zip.dll
0x00007ffbfac00000 - 0x00007ffbfb36b000 	C:\Windows\System32\SHELL32.dll
0x00007ffbf6480000 - 0x00007ffbf6c1e000 	C:\Windows\SYSTEM32\windows.storage.dll
0x00007ffbfa030000 - 0x00007ffbfa383000 	C:\Windows\System32\combase.dll
0x00007ffbf7d30000 - 0x00007ffbf7d5e000 	C:\Windows\SYSTEM32\Wldp.dll
0x00007ffbf9640000 - 0x00007ffbf970d000 	C:\Windows\System32\OLEAUT32.dll
0x00007ffbf9850000 - 0x00007ffbf98fd000 	C:\Windows\System32\SHCORE.dll
0x00007ffbf93e0000 - 0x00007ffbf9435000 	C:\Windows\System32\shlwapi.dll
0x00007ffbf8990000 - 0x00007ffbf89b5000 	C:\Windows\SYSTEM32\profapi.dll
0x00007ffbeb720000 - 0x00007ffbeb739000 	C:\Users\Om\.vscode\extensions\redhat.java-1.28.1-win32-x64\jre\17.0.10-win32-x86_64\bin\net.dll
0x00007ffbef390000 - 0x00007ffbef49a000 	C:\Windows\SYSTEM32\WINHTTP.dll
0x00007ffbf7a10000 - 0x00007ffbf7a7a000 	C:\Windows\system32\mswsock.dll
0x00007ffbeb2c0000 - 0x00007ffbeb2d6000 	C:\Users\Om\.vscode\extensions\redhat.java-1.28.1-win32-x64\jre\17.0.10-win32-x86_64\bin\nio.dll
0x00007ffbf29a0000 - 0x00007ffbf29b0000 	c:\Users\Om\.vscode\extensions\redhat.java-1.28.1-win32-x64\jre\17.0.10-win32-x86_64\bin\verify.dll
0x00007ffbead30000 - 0x00007ffbead6e000 	C:\Users\Om\AppData\Roaming\Code\User\globalStorage\redhat.java\1.28.1\config_ss_win\org.eclipse.equinox.launcher\org.eclipse.equinox.launcher.win32.win32.x86_64_1.2.900.v20240129-1338\eclipse_11900.dll
0x00007ffbf9710000 - 0x00007ffbf983b000 	C:\Windows\System32\ole32.dll
0x00007ffbf8700000 - 0x00007ffbf8718000 	C:\Windows\SYSTEM32\CRYPTSP.dll
0x00007ffbf7420000 - 0x00007ffbf7454000 	C:\Windows\system32\rsaenh.dll
0x00007ffbf8910000 - 0x00007ffbf893e000 	C:\Windows\SYSTEM32\USERENV.dll
0x00007ffbf7c40000 - 0x00007ffbf7c4c000 	C:\Windows\SYSTEM32\CRYPTBASE.dll
0x00007ffbf7780000 - 0x00007ffbf77bb000 	C:\Windows\SYSTEM32\IPHLPAPI.DLL
0x00007ffbf9840000 - 0x00007ffbf9848000 	C:\Windows\System32\NSI.dll
0x00007ffbefdd0000 - 0x00007ffbefde7000 	C:\Windows\SYSTEM32\dhcpcsvc6.DLL
0x00007ffbf04a0000 - 0x00007ffbf04bd000 	C:\Windows\SYSTEM32\dhcpcsvc.DLL
0x00007ffbf77c0000 - 0x00007ffbf788b000 	C:\Windows\SYSTEM32\DNSAPI.dll
0x00007ffbee690000 - 0x00007ffbee6d5000 	C:\Users\Om\AppData\Local\Temp\jna-80689643\jna5150229713361815442.dll
0x00007ffbfa4a0000 - 0x00007ffbfa4a8000 	C:\Windows\System32\PSAPI.DLL

dbghelp: loaded successfully - version: 4.0.5 - missing functions: none
symbol engine: initialized successfully - sym options: 0x614 - pdb path: .;c:\Users\Om\.vscode\extensions\redhat.java-1.28.1-win32-x64\jre\17.0.10-win32-x86_64\bin;C:\Windows\SYSTEM32;C:\Windows\WinSxS\amd64_microsoft.windows.common-controls_6595b64144ccf1df_6.0.19041.3636_none_60b6a03d71f818d5;c:\Users\Om\.vscode\extensions\redhat.java-1.28.1-win32-x64\jre\17.0.10-win32-x86_64\bin\server;C:\Users\Om\AppData\Roaming\Code\User\globalStorage\redhat.java\1.28.1\config_ss_win\org.eclipse.equinox.launcher\org.eclipse.equinox.launcher.win32.win32.x86_64_1.2.900.v20240129-1338;C:\Users\Om\AppData\Local\Temp\jna-80689643

VM Arguments:
jvm_args: --add-modules=ALL-SYSTEM --add-opens=java.base/java.util=ALL-UNNAMED --add-opens=java.base/java.lang=ALL-UNNAMED --add-opens=java.base/sun.nio.fs=ALL-UNNAMED -Declipse.application=org.eclipse.jdt.ls.core.id1 -Dosgi.bundles.defaultStartLevel=4 -Declipse.product=org.eclipse.jdt.ls.core.product -Djava.import.generatesMetadataFilesAtProjectRoot=false -DDetectVMInstallationsJob.disabled=true -Dfile.encoding=utf8 -XX:+UseParallelGC -XX:GCTimeRatio=4 -XX:AdaptiveSizePolicyWeight=90 -Dsun.zip.disableMemoryMapping=true -Xmx1G -Xms100m -Xlog:disable -javaagent:c:\Users\Om\.vscode\extensions\redhat.java-1.28.1-win32-x64\lombok\lombok-1.18.31.jar 
java_command: c:\Users\Om\.vscode\extensions\redhat.java-1.28.1-win32-x64\server\plugins\org.eclipse.equinox.launcher_1.6.700.v20231214-2017.jar -configuration c:\Users\Om\AppData\Roaming\Code\User\globalStorage\redhat.java\1.28.1\config_ss_win -data c:\Users\Om\AppData\Roaming\Code\User\workspaceStorage\42bdb4185651d2b693c19901c167aa87\redhat.java\ss_ws --stdio
java_class_path (initial): c:\Users\Om\.vscode\extensions\redhat.java-1.28.1-win32-x64\server\plugins\org.eclipse.equinox.launcher_1.6.700.v20231214-2017.jar
Launcher Type: SUN_STANDARD

[Global flags]
    uintx AdaptiveSizePolicyWeight                 = 90                                        {product} {command line}
     intx CICompilerCount                          = 3                                         {product} {ergonomic}
    uintx GCTimeRatio                              = 4                                         {product} {command line}
   size_t InitialHeapSize                          = 104857600                                 {product} {command line}
   size_t MaxHeapSize                              = 1073741824                                {product} {command line}
   size_t MaxNewSize                               = 357564416                                 {product} {ergonomic}
   size_t MinHeapDeltaBytes                        = 524288                                    {product} {ergonomic}
   size_t MinHeapSize                              = 104857600                                 {product} {command line}
   size_t NewSize                                  = 34603008                                  {product} {ergonomic}
    uintx NonNMethodCodeHeapSize                   = 5832780                                {pd product} {ergonomic}
    uintx NonProfiledCodeHeapSize                  = 122912730                              {pd product} {ergonomic}
   size_t OldSize                                  = 70254592                                  {product} {ergonomic}
    uintx ProfiledCodeHeapSize                     = 122912730                              {pd product} {ergonomic}
    uintx ReservedCodeCacheSize                    = 251658240                              {pd product} {ergonomic}
     bool SegmentedCodeCache                       = true                                      {product} {ergonomic}
   size_t SoftMaxHeapSize                          = 1073741824                             {manageable} {ergonomic}
     bool UseCompressedClassPointers               = true                           {product lp64_product} {ergonomic}
     bool UseCompressedOops                        = true                           {product lp64_product} {ergonomic}
     bool UseLargePagesIndividualAllocation        = false                                  {pd product} {ergonomic}
     bool UseParallelGC                            = true                                      {product} {command line}

Logging:
Log output configuration:
 #0: stdout all=off uptime,level,tags
 #1: stderr all=off uptime,level,tags

Environment Variables:
JAVA_HOME=C:\Program Files\Java\jdk-21
PATH=C:\Program Files\Common Files\Oracle\Java\javapath;C:\Windows\system32;C:\Windows;C:\Windows\System32\Wbem;C:\Windows\System32\WindowsPowerShell\v1.0\;C:\Windows\System32\OpenSSH\;C:\Program Files\Git\cmd;C:\Users\Om\AppData\Local\Programs\Python\Python311\Scripts\;C:\Users\Om\AppData\Local\Programs\Python\Python311\;C:\Users\Om\AppData\Local\Microsoft\WindowsApps;;C:\Users\Om\AppData\Local\Programs\Microsoft VS Code\bin
USERNAME=Tejas
OS=Windows_NT
PROCESSOR_IDENTIFIER=Intel64 Family 6 Model 78 Stepping 3, GenuineIntel
TMP=C:\Users\Om\AppData\Local\Temp
TEMP=C:\Users\Om\AppData\Local\Temp



Periodic native trim disabled


---------------  S Y S T E M  ---------------

OS:
 Windows 10 , 64 bit Build 19041 (10.0.19041.3636)
OS uptime: 0 days 0:02 hours

CPU: total 4 (initial active 4) (2 cores per cpu, 2 threads per core) family 6 model 78 stepping 3 microcode 0xdc, cx8, cmov, fxsr, ht, mmx, 3dnowpref, sse, sse2, sse3, ssse3, sse4.1, sse4.2, popcnt, lzcnt, tsc, tscinvbit, avx, avx2, aes, erms, clmul, bmi1, bmi2, adx, fma, vzeroupper, clflush, clflushopt
Processor Information for all 4 processors :
  Max Mhz: 2401, Current Mhz: 2400, Mhz Limit: 2376

Memory: 4k page, system-wide physical 8082M (2461M free)
TotalPageFile size 9362M (AvailPageFile size 3455M)
current process WorkingSet (physical memory assigned to process): 152M, peak: 160M
current process commit charge ("private bytes"): 231M, peak: 239M

vm_info: OpenJDK 64-Bit Server VM (17.0.10+7) for windows-amd64 JRE (17.0.10+7), built on Jan 16 2024 23:25:11 by "admin" with MS VC++ 16.10 / 16.11 (VS2019)

END.
