#
# A fatal error has been detected by the Java Runtime Environment:
#
#  EXCEPTION_ACCESS_VIOLATION (0xc0000005) at pc=0x00007ffdd598cac8, pid=472, tid=11064
#
# JRE version: OpenJDK Runtime Environment Temurin-17.0.10+7 (17.0.10+7) (build 17.0.10+7)
# Java VM: OpenJDK 64-Bit Server VM Temurin-17.0.10+7 (17.0.10+7, mixed mode, tiered, compressed oops, compressed class ptrs, parallel gc, windows-amd64)
# Problematic frame:
# V  [jvm.dll+0xcac8]
#
# No core dump will be written. Minidumps are not enabled by default on client versions of Windows
#
# If you would like to submit a bug report, please visit:
#   https://github.com/adoptium/adoptium-support/issues
#

---------------  S U M M A R Y ------------

Command Line: --add-modules=ALL-SYSTEM --add-opens=java.base/java.util=ALL-UNNAMED --add-opens=java.base/java.lang=ALL-UNNAMED --add-opens=java.base/sun.nio.fs=ALL-UNNAMED -Declipse.application=org.eclipse.jdt.ls.core.id1 -Dosgi.bundles.defaultStartLevel=4 -Declipse.product=org.eclipse.jdt.ls.core.product -Djava.import.generatesMetadataFilesAtProjectRoot=false -DDetectVMInstallationsJob.disabled=true -Dfile.encoding=utf8 -XX:+UseParallelGC -XX:GCTimeRatio=4 -XX:AdaptiveSizePolicyWeight=90 -Dsun.zip.disableMemoryMapping=true -Xmx1G -Xms100m -Xlog:disable -javaagent:c:\Users\Om\.vscode\extensions\redhat.java-1.28.1-win32-x64\lombok\lombok-1.18.31.jar -XX:+HeapDumpOnOutOfMemoryError -XX:HeapDumpPath=c:\Users\Om\AppData\Roaming\Code\User\workspaceStorage\db1c570fc97ed4cf375733a2d8d2d0eb\redhat.java -Daether.dependencyCollector.impl=bf c:\Users\Om\.vscode\extensions\redhat.java-1.28.1-win32-x64\server\plugins\org.eclipse.equinox.launcher_1.6.700.v20231214-2017.jar -configuration c:\Users\Om\AppData\Roaming\Code\User\globalStorage\redhat.java\1.28.1\config_win -data c:\Users\Om\AppData\Roaming\Code\User\workspaceStorage\db1c570fc97ed4cf375733a2d8d2d0eb\redhat.java\jdt_ws --stdio

Host: Intel(R) Core(TM) i5-6200U CPU @ 2.30GHz, 4 cores, 7G,  Windows 10 , 64 bit Build 19041 (10.0.19041.3636)
Time: Sun Mar  3 11:01:20 2024 India Standard Time elapsed time: 20.686808 seconds (0d 0h 0m 20s)

---------------  T H R E A D  ---------------

Current thread (0x0000029a213f3cc0):  GCTaskThread "GC Thread#3" [stack: 0x000000f7e3c00000,0x000000f7e3d00000] [id=11064]

Stack: [0x000000f7e3c00000,0x000000f7e3d00000],  sp=0x000000f7e3cffb18,  free space=1022k
Native frames: (J=compiled Java code, j=interpreted, Vv=VM code, C=native code)
V  [jvm.dll+0xcac8]


siginfo: EXCEPTION_ACCESS_VIOLATION (0xc0000005), reading address 0x0000000000000008


Registers:
RAX=0x0000000000000001, RBX=0x00000000c1df3548, RCX=0x0000000000000003, RDX=0x00000000c1df3548
RSP=0x000000f7e3cffb18, RBP=0x0000029a1b792430, RSI=0x0000000000000004, RDI=0x00000000c1e2d410
R8 =0x0000000000000000, R9 =0x0000000000000eef, R10=0x00000000c1e425b0, R11=0x000000000000003c
R12=0x00000000000003d8, R13=0x000000f7e3cffd00, R14=0x00000000c1e2d940, R15=0x0000000000000000
RIP=0x00007ffdd598cac8, EFLAGS=0x0000000000010246


Register to memory mapping:

RIP=0x00007ffdd598cac8 jvm.dll
RAX=0x0000000000000001 is an unknown value
RBX=0x00000000c1df3548 is pointing into object: jdk.internal.jimage.ImageReader$Resource 
{0x00000000c1df3540} - klass: 'jdk/internal/jimage/ImageReader$Resource'
 - ---- fields (total size 4 words):
 - private 'flags' 'I' @12  0
 - private 'completed' 'Z' @16  false
 - private final 'name' 'Ljava/lang/String;' @20  "/modules/java.desktop/javax/swing/plaf/basic/BasicComboBoxUI$Handler.class"{0x00000000c1df34c8} (c1df34c8)
 - private final 'fileAttrs' 'Ljava/nio/file/attribute/BasicFileAttributes;' @24  a 'sun/nio/fs/WindowsFileAttributes'{0x00000000c162e8f8} (c162e8f8)
 - private final 'loc' 'Ljdk/internal/jimage/ImageLocation;' @28  a 'jdk/internal/jimage/ImageLocation'{0x00000000c1df3560} (c1df3560)
RCX=0x0000000000000003 is an unknown value
RDX=0x00000000c1df3548 is pointing into object: jdk.internal.jimage.ImageReader$Resource 
{0x00000000c1df3540} - klass: 'jdk/internal/jimage/ImageReader$Resource'
 - ---- fields (total size 4 words):
 - private 'flags' 'I' @12  0
 - private 'completed' 'Z' @16  false
 - private final 'name' 'Ljava/lang/String;' @20  "/modules/java.desktop/javax/swing/plaf/basic/BasicComboBoxUI$Handler.class"{0x00000000c1df34c8} (c1df34c8)
 - private final 'fileAttrs' 'Ljava/nio/file/attribute/BasicFileAttributes;' @24  a 'sun/nio/fs/WindowsFileAttributes'{0x00000000c162e8f8} (c162e8f8)
 - private final 'loc' 'Ljdk/internal/jimage/ImageLocation;' @28  a 'jdk/internal/jimage/ImageLocation'{0x00000000c1df3560} (c1df3560)
RSP=0x000000f7e3cffb18 points into unknown readable memory: 0x00007ffdd6030328 | 28 03 03 d6 fd 7f 00 00
RBP=0x0000029a1b792430 points into unknown readable memory: 0x0000029a05b22ef0 | f0 2e b2 05 9a 02 00 00
RSI=0x0000000000000004 is an unknown value
RDI=0x00000000c1e2d410 is pointing into object: [Ljava.lang.Object; 
{0x00000000c1e2d378} - klass: 'java/lang/Object'[]
 - length: 366
R8 =0x0 is NULL
R9 =0x0000000000000eef is an unknown value
R10=0x00000000c1e425b0 is an oop: jdk.internal.jimage.ImageReader$Resource 
{0x00000000c1e425b0} - klass: 'jdk/internal/jimage/ImageReader$Resource'
 - ---- fields (total size 4 words):
 - private 'flags' 'I' @12  0
 - private 'completed' 'Z' @16  false
 - private final 'name' 'Ljava/lang/String;' @20  "/modules/java.desktop/javax/swing/plaf/basic/BasicComboBoxUI$FocusHandler.class"{0x00000000c1e425d0} (c1e425d0)
 - private final 'fileAttrs' 'Ljava/nio/file/attribute/BasicFileAttributes;' @24  a 'sun/nio/fs/WindowsFileAttributes'{0x00000000c162e8f8} (c162e8f8)
 - private final 'loc' 'Ljdk/internal/jimage/ImageLocation;' @28  a 'jdk/internal/jimage/ImageLocation'{0x00000000c1e42648} (c1e42648)
R11=0x000000000000003c is an unknown value
R12=0x00000000000003d8 is an unknown value
R13=0x000000f7e3cffd00 points into unknown readable memory: 0x00007ffdd6331b50 | 50 1b 33 d6 fd 7f 00 00
R14=0x00000000c1e2d940 is an oop: jdk.internal.jimage.ImageReader$Directory 
{0x00000000c1e2d940} - klass: 'jdk/internal/jimage/ImageReader$Directory'
 - ---- fields (total size 4 words):
 - private 'flags' 'I' @12  0
 - private 'completed' 'Z' @16  true
 - private final 'name' 'Ljava/lang/String;' @20  "/modules/java.desktop/javax/swing/plaf/basic/icons"{0x00000000c1e2d960} (c1e2d960)
 - private final 'fileAttrs' 'Ljava/nio/file/attribute/BasicFileAttributes;' @24  a 'sun/nio/fs/WindowsFileAttributes'{0x00000000c162e8f8} (c162e8f8)
 - private final 'children' 'Ljava/util/List;' @28  a 'java/util/ArrayList'{0x00000000c1e2d9c0} (c1e2d9c0)
R15=0x0 is NULL


Top of Stack: (sp=0x000000f7e3cffb18)
0x000000f7e3cffb18:   00007ffdd6030328 00000000c1e425b0
0x000000f7e3cffb28:   00000000c1e2d40c 0000000000000000
0x000000f7e3cffb38:   00007ffdd64ac7a0 00007ffdd64ac7a0
0x000000f7e3cffb48:   00007ffdd6030663 0000029a1b792430
0x000000f7e3cffb58:   00007ffdd629bb90 00007ffdd6331158
0x000000f7e3cffb68:   0000000000000ece 0000000000000000
0x000000f7e3cffb78:   0000000000000000 0000029a05a6fe60
0x000000f7e3cffb88:   00007ffdd6160001 000000f7e3cffc01
0x000000f7e3cffb98:   00000000c1134838 00007ffdd629bb90
0x000000f7e3cffba8:   0000029a05854910 0000029a00000003
0x000000f7e3cffbb8:   0000029a1b792430 0000000000000000
0x000000f7e3cffbc8:   0000000000000000 0000029a05a6fe60
0x000000f7e3cffbd8:   0000029a20c9ed98 0000029a21109fe0
0x000000f7e3cffbe8:   0000029a20c9e9c0 0000029a20c9e9b0
0x000000f7e3cffbf8:   00007ffdd6035218 0000029a1b792430
0x000000f7e3cffc08:   0000029a20c9e9b0 0000029a20c9e9c0
0x000000f7e3cffc18:   0000029a1b792430 00007ffdd6331948
0x000000f7e3cffc28:   0000029a1b792430 00007ffdd62d4ad0
0x000000f7e3cffc38:   000000f7e3cffc20 0000000000000000
0x000000f7e3cffc48:   0000000000000140 0000000000000002
0x000000f7e3cffc58:   0000000000000001 00007ffdd6331948
0x000000f7e3cffc68:   000000f7e2dfecf0 0000029a218a6950
0x000000f7e3cffc78:   00007ffdd61681e8 0000000000000022
0x000000f7e3cffc88:   0000029a218a6a40 000000f7e3cffd00
0x000000f7e3cffc98:   0000029a1b792430 000000f7e2dfee30
0x000000f7e3cffca8:   00007ffdd6039c0d 0000000000000000
0x000000f7e3cffcb8:   000000f7e3cffd30 0000029a1b792430
0x000000f7e3cffcc8:   0000000000000001 000000f7e2dff090
0x000000f7e3cffcd8:   0000029a20c9e9b0 0000000200000002
0x000000f7e3cffce8:   000000f7e2dfecf0 00007ffdd6331948
0x000000f7e3cffcf8:   0000029a1b792430 00007ffdd6331b50
0x000000f7e3cffd08:   0000000000000002 0000000000000000 

Instructions: (pc=0x00007ffdd598cac8)
0x00007ffdd598c9c8:   48 83 c4 20 5e c3 cc cc 48 8b 01 c3 cc cc cc cc
0x00007ffdd598c9d8:   cc cc cc cc cc cc cc cc 4c 8b 01 4c 8b c9 48 8b
0x00007ffdd598c9e8:   0d e3 60 b6 00 ba 44 60 08 00 e9 d9 f1 ff ff cc
0x00007ffdd598c9f8:   cc cc cc cc cc cc cc cc 48 89 5c 24 08 57 48 83
0x00007ffdd598ca08:   ec 20 48 8b 39 48 8b d9 48 85 3d 01 4a bb 00 75
0x00007ffdd598ca18:   0e 48 8b c7 48 8b 5c 24 30 48 83 c4 20 5f c3 48
0x00007ffdd598ca28:   8b cf e8 41 98 85 00 48 8b d0 48 85 c0 74 20 48
0x00007ffdd598ca38:   8b c7 f0 48 0f b1 13 74 16 48 85 05 d0 49 bb 00
0x00007ffdd598ca48:   74 0d 48 8b c8 f0 48 0f b1 13 48 3b c1 75 ea 48
0x00007ffdd598ca58:   8b 5c 24 30 48 8b c2 48 83 c4 20 5f c3 cc cc cc
0x00007ffdd598ca68:   cc cc cc cc cc cc cc cc 4c 8b 01 4c 8b c9 48 8b
0x00007ffdd598ca78:   0d 53 60 b6 00 ba 64 60 08 00 e9 49 f1 ff ff cc
0x00007ffdd598ca88:   cc cc cc cc cc cc cc cc 8b 05 62 a8 b0 00 c3 cc
0x00007ffdd598ca98:   cc cc cc cc cc cc cc cc 0f b6 05 db 68 b7 00 48
0x00007ffdd598caa8:   8b d1 84 c0 74 16 44 8b 41 08 8b 0d 40 a8 b0 00
0x00007ffdd598cab8:   49 d3 e0 4c 03 05 2e a8 b0 00 eb 04 4c 8b 41 08
0x00007ffdd598cac8:   45 8b 50 08 45 85 d2 7e 0e 41 f6 c2 01 75 53 41
0x00007ffdd598cad8:   c1 fa 03 41 8b c2 c3 79 49 84 c0 b9 10 00 00 00
0x00007ffdd598cae8:   8b 05 46 b7 b0 00 41 b8 0c 00 00 00 41 0f 45 c8
0x00007ffdd598caf8:   ff c8 4c 63 c8 48 63 14 11 41 8b ca 83 e1 3f 48
0x00007ffdd598cb08:   d3 e2 41 8b ca 48 c1 f9 10 0f b6 c1 49 8d 0c 11
0x00007ffdd598cb18:   49 f7 d1 48 03 c1 49 c1 e9 03 48 c1 e8 03 41 23
0x00007ffdd598cb28:   c1 c3 49 8b 00 49 8b c8 48 ff a0 00 01 00 00 cc
0x00007ffdd598cb38:   cc cc cc cc cc cc cc cc 8b 44 24 30 45 03 c9 44
0x00007ffdd598cb48:   2b 4c 24 28 83 c0 0b 44 03 ca 45 03 c8 41 03 c1
0x00007ffdd598cb58:   c3 cc cc cc cc cc cc cc 4c 8b ca 48 8b d1 45 8b
0x00007ffdd598cb68:   41 08 45 85 c0 7e 0e 41 f6 c0 01 75 56 41 c1 f8
0x00007ffdd598cb78:   03 41 8b c0 c3 79 4c 80 3d fc 67 b7 00 00 b8 0c
0x00007ffdd598cb88:   00 00 00 b9 10 00 00 00 0f 45 c8 8b 05 9b b6 b0
0x00007ffdd598cb98:   00 ff c8 4c 63 c8 48 63 14 11 41 8b c8 83 e1 3f
0x00007ffdd598cba8:   48 d3 e2 41 8b c8 48 c1 f9 10 0f b6 c1 49 8d 0c
0x00007ffdd598cbb8:   11 49 f7 d1 48 03 c1 49 c1 e9 03 48 c1 e8 03 41 


Stack slot to memory mapping:
stack at sp + 0 slots: 0x00007ffdd6030328 jvm.dll
stack at sp + 1 slots: 0x00000000c1e425b0 is an oop: jdk.internal.jimage.ImageReader$Resource 
{0x00000000c1e425b0} - klass: 'jdk/internal/jimage/ImageReader$Resource'
 - ---- fields (total size 4 words):
 - private 'flags' 'I' @12  0
 - private 'completed' 'Z' @16  false
 - private final 'name' 'Ljava/lang/String;' @20  "/modules/java.desktop/javax/swing/plaf/basic/BasicComboBoxUI$FocusHandler.class"{0x00000000c1e425d0} (c1e425d0)
 - private final 'fileAttrs' 'Ljava/nio/file/attribute/BasicFileAttributes;' @24  a 'sun/nio/fs/WindowsFileAttributes'{0x00000000c162e8f8} (c162e8f8)
 - private final 'loc' 'Ljdk/internal/jimage/ImageLocation;' @28  a 'jdk/internal/jimage/ImageLocation'{0x00000000c1e42648} (c1e42648)
stack at sp + 2 slots: 0x00000000c1e2d40c is pointing into object: [Ljava.lang.Object; 
{0x00000000c1e2d378} - klass: 'java/lang/Object'[]
 - length: 366
stack at sp + 3 slots: 0x0 is NULL
stack at sp + 4 slots: 0x00007ffdd64ac7a0 jvm.dll
stack at sp + 5 slots: 0x00007ffdd64ac7a0 jvm.dll
stack at sp + 6 slots: 0x00007ffdd6030663 jvm.dll
stack at sp + 7 slots: 0x0000029a1b792430 points into unknown readable memory: 0x0000029a05b22ef0 | f0 2e b2 05 9a 02 00 00


---------------  P R O C E S S  ---------------

Threads class SMR info:
_java_thread_list=0x0000029a24aaf6d0, length=30, elements={
0x0000029a05a6fe60, 0x0000029a05b25040, 0x0000029a05b29610, 0x0000029a1b82d270,
0x0000029a1b82e000, 0x0000029a1b82fcd0, 0x0000029a1b8321f0, 0x0000029a1b839bf0,
0x0000029a209a0490, 0x0000029a1b83a500, 0x0000029a20a78190, 0x0000029a20c97c50,
0x0000029a21576ad0, 0x0000029a21735e30, 0x0000029a2174f340, 0x0000029a214a8ed0,
0x0000029a21314050, 0x0000029a21d26830, 0x0000029a21d23590, 0x0000029a21d23080,
0x0000029a21d23aa0, 0x0000029a21d23fb0, 0x0000029a21d24ee0, 0x0000029a21d25900,
0x0000029a21d25e10, 0x0000029a2434d3d0, 0x0000029a2434b060, 0x0000029a2434d8e0,
0x0000029a2434ddf0, 0x0000029a2434e300
}

Java Threads: ( => current thread )
  0x0000029a05a6fe60 JavaThread "main" [_thread_blocked, id=9080, stack(0x000000f7e2b00000,0x000000f7e2c00000)]
  0x0000029a05b25040 JavaThread "Reference Handler" daemon [_thread_blocked, id=12920, stack(0x000000f7e2e00000,0x000000f7e2f00000)]
  0x0000029a05b29610 JavaThread "Finalizer" daemon [_thread_blocked, id=1376, stack(0x000000f7e2f00000,0x000000f7e3000000)]
  0x0000029a1b82d270 JavaThread "Signal Dispatcher" daemon [_thread_blocked, id=3308, stack(0x000000f7e3000000,0x000000f7e3100000)]
  0x0000029a1b82e000 JavaThread "Attach Listener" daemon [_thread_blocked, id=7896, stack(0x000000f7e3100000,0x000000f7e3200000)]
  0x0000029a1b82fcd0 JavaThread "Service Thread" daemon [_thread_blocked, id=9572, stack(0x000000f7e3200000,0x000000f7e3300000)]
  0x0000029a1b8321f0 JavaThread "Monitor Deflation Thread" daemon [_thread_blocked, id=4372, stack(0x000000f7e3300000,0x000000f7e3400000)]
  0x0000029a1b839bf0 JavaThread "C2 CompilerThread0" daemon [_thread_blocked, id=2236, stack(0x000000f7e3400000,0x000000f7e3500000)]
  0x0000029a209a0490 JavaThread "C1 CompilerThread0" daemon [_thread_blocked, id=13276, stack(0x000000f7e3500000,0x000000f7e3600000)]
  0x0000029a1b83a500 JavaThread "Sweeper thread" daemon [_thread_blocked, id=10640, stack(0x000000f7e3600000,0x000000f7e3700000)]
  0x0000029a20a78190 JavaThread "Common-Cleaner" daemon [_thread_blocked, id=12104, stack(0x000000f7e3700000,0x000000f7e3800000)]
  0x0000029a20c97c50 JavaThread "Notification Thread" daemon [_thread_blocked, id=1072, stack(0x000000f7e3800000,0x000000f7e3900000)]
  0x0000029a21576ad0 JavaThread "Active Thread: Equinox Container: b1cee3ff-cf00-461f-b7a6-01010441d246" [_thread_blocked, id=3772, stack(0x000000f7e3e00000,0x000000f7e3f00000)]
  0x0000029a21735e30 JavaThread "Framework Event Dispatcher: Equinox Container: b1cee3ff-cf00-461f-b7a6-01010441d246" daemon [_thread_blocked, id=6244, stack(0x000000f7e3f00000,0x000000f7e4000000)]
  0x0000029a2174f340 JavaThread "Start Level: Equinox Container: b1cee3ff-cf00-461f-b7a6-01010441d246" daemon [_thread_blocked, id=9132, stack(0x000000f7e4000000,0x000000f7e4100000)]
  0x0000029a214a8ed0 JavaThread "Bundle File Closer" daemon [_thread_blocked, id=7344, stack(0x000000f7e4100000,0x000000f7e4200000)]
  0x0000029a21314050 JavaThread "SCR Component Actor" daemon [_thread_blocked, id=1664, stack(0x000000f7e4200000,0x000000f7e4300000)]
  0x0000029a21d26830 JavaThread "Worker-JM" [_thread_blocked, id=4016, stack(0x000000f7e4300000,0x000000f7e4400000)]
  0x0000029a21d23590 JavaThread "Worker-0" [_thread_blocked, id=5956, stack(0x000000f7e4400000,0x000000f7e4500000)]
  0x0000029a21d23080 JavaThread "Worker-1: Initialize Workspace" [_thread_blocked, id=6608, stack(0x000000f7e4500000,0x000000f7e4600000)]
  0x0000029a21d23aa0 JavaThread "Java indexing" daemon [_thread_blocked, id=5040, stack(0x000000f7e4700000,0x000000f7e4800000)]
  0x0000029a21d23fb0 JavaThread "Worker-2: Update project petstoreapp" [_thread_blocked, id=2036, stack(0x000000f7e4800000,0x000000f7e4900000)]
  0x0000029a21d24ee0 JavaThread "JNA Cleaner" daemon [_thread_blocked, id=5168, stack(0x000000f7e4900000,0x000000f7e4a00000)]
  0x0000029a21d25900 JavaThread "pool-2-thread-1" [_thread_blocked, id=2464, stack(0x000000f7e4c00000,0x000000f7e4d00000)]
  0x0000029a21d25e10 JavaThread "WorkspaceEventsHandler" [_thread_blocked, id=8064, stack(0x000000f7e4d00000,0x000000f7e4e00000)]
  0x0000029a2434d3d0 JavaThread "pool-1-thread-1" [_thread_blocked, id=3924, stack(0x000000f7e4e00000,0x000000f7e4f00000)]
  0x0000029a2434b060 JavaThread "Worker-3: Initialize workspace" [_thread_blocked, id=5824, stack(0x000000f7e4f00000,0x000000f7e5000000)]
  0x0000029a2434d8e0 JavaThread "Worker-4: Synchronizing projects" [_thread_blocked, id=7260, stack(0x000000f7e4600000,0x000000f7e4700000)]
  0x0000029a2434ddf0 JavaThread "Worker-5: Refreshing workspace" [_thread_blocked, id=5044, stack(0x000000f7e5000000,0x000000f7e5100000)]
  0x0000029a2434e300 JavaThread "Worker-6" [_thread_blocked, id=2244, stack(0x000000f7e5100000,0x000000f7e5200000)]

Other Threads:
  0x0000029a1b7f6560 VMThread "VM Thread" [stack: 0x000000f7e2d00000,0x000000f7e2e00000] [id=5376]
  0x0000029a20c17830 WatcherThread [stack: 0x000000f7e3900000,0x000000f7e3a00000] [id=2828]
  0x0000029a05a859f0 GCTaskThread "GC Thread#0" [stack: 0x000000f7e2c00000,0x000000f7e2d00000] [id=1480]
  0x0000029a20ca0b40 GCTaskThread "GC Thread#1" [stack: 0x000000f7e3a00000,0x000000f7e3b00000] [id=6772]
  0x0000029a2112dab0 GCTaskThread "GC Thread#2" [stack: 0x000000f7e3b00000,0x000000f7e3c00000] [id=11896]
=>0x0000029a213f3cc0 GCTaskThread "GC Thread#3" [stack: 0x000000f7e3c00000,0x000000f7e3d00000] [id=11064]

Threads with active compile tasks:
C2 CompilerThread0    20798 7267 %     4       java.util.Properties$LineReader::readLine @ 224 (584 bytes)

VM state: at safepoint (normal execution)

VM Mutex/Monitor currently owned by a thread:  ([mutex/lock_event])
[0x0000029a05a6cf40] Threads_lock - owner thread: 0x0000029a1b7f6560
[0x0000029a05a6ceb0] Heap_lock - owner thread: 0x0000029a2434d3d0

Heap address: 0x00000000c0000000, size: 1024 MB, Compressed Oops mode: 32-bit

CDS archive(s) not mapped
Compressed class space mapped at: 0x0000000100000000-0x0000000140000000, reserved size: 1073741824
Narrow klass base: 0x0000000000000000, Narrow klass shift: 3, Narrow klass range: 0x140000000

GC Precious Log:
 CPUs: 4 total, 4 available
 Memory: 8082M
 Large Page Support: Disabled
 NUMA Support: Disabled
 Compressed Oops: Enabled (32-bit)
 Alignments: Space 512K, Generation 512K, Heap 2M
 Heap Min Capacity: 100M
 Heap Initial Capacity: 100M
 Heap Max Capacity: 1G
 Pre-touch: Disabled
 Parallel Workers: 4

Heap:
 PSYoungGen      total 22528K, used 544K [0x00000000eab00000, 0x00000000ec380000, 0x0000000100000000)
  eden space 21504K, 0% used [0x00000000eab00000,0x00000000eab00000,0x00000000ec000000)
  from space 1024K, 53% used [0x00000000ec280000,0x00000000ec308010,0x00000000ec380000)
  to   space 1024K, 0% used [0x00000000ec180000,0x00000000ec180000,0x00000000ec280000)
 ParOldGen       total 68608K, used 40667K [0x00000000c0000000, 0x00000000c4300000, 0x00000000eab00000)
  object space 68608K, 59% used [0x00000000c0000000,0x00000000c27b6c30,0x00000000c4300000)
 Metaspace       used 58691K, committed 59776K, reserved 1114112K
  class space    used 6356K, committed 6848K, reserved 1048576K

Card table byte_map: [0x0000029a190d0000,0x0000029a192e0000] _byte_map_base: 0x0000029a18ad0000

Marking Bits: (ParMarkBitMap*) 0x00007ffdd651d7d0
 Begin Bits: [0x0000029a19440000, 0x0000029a1a440000)
 End Bits:   [0x0000029a1a440000, 0x0000029a1b440000)

Polling page: 0x0000029a05b30000

Metaspace:

Usage:
  Non-class:     51.11 MB used.
      Class:      6.21 MB used.
       Both:     57.32 MB used.

Virtual space:
  Non-class space:       64.00 MB reserved,      51.69 MB ( 81%) committed,  1 nodes.
      Class space:        1.00 GB reserved,       6.69 MB ( <1%) committed,  1 nodes.
             Both:        1.06 GB reserved,      58.38 MB (  5%) committed. 

Chunk freelists:
   Non-Class:  12.27 MB
       Class:  9.27 MB
        Both:  21.53 MB

MaxMetaspaceSize: unlimited
CompressedClassSpaceSize: 1.00 GB
Initial GC threshold: 21.00 MB
Current GC threshold: 58.38 MB
CDS: off
MetaspaceReclaimPolicy: balanced
 - commit_granule_bytes: 65536.
 - commit_granule_words: 8192.
 - virtual_space_node_default_size: 8388608.
 - enlarge_chunks_in_place: 1.
 - new_chunks_are_fully_committed: 0.
 - uncommit_free_chunks: 1.
 - use_allocation_guard: 0.
 - handle_deallocations: 1.


Internal statistics:

num_allocs_failed_limit: 9.
num_arena_births: 744.
num_arena_deaths: 14.
num_vsnodes_births: 2.
num_vsnodes_deaths: 0.
num_space_committed: 934.
num_space_uncommitted: 0.
num_chunks_returned_to_freelist: 23.
num_chunks_taken_from_freelist: 3162.
num_chunk_merges: 11.
num_chunk_splits: 1918.
num_chunks_enlarged: 1033.
num_inconsistent_stats: 0.

CodeHeap 'non-profiled nmethods': size=120000Kb used=3903Kb max_used=3903Kb free=116096Kb
 bounds [0x0000029a119b0000, 0x0000029a11d80000, 0x0000029a18ee0000]
CodeHeap 'profiled nmethods': size=120000Kb used=14070Kb max_used=14070Kb free=105929Kb
 bounds [0x0000029a09ee0000, 0x0000029a0aca0000, 0x0000029a11410000]
CodeHeap 'non-nmethods': size=5760Kb used=1314Kb max_used=1369Kb free=4445Kb
 bounds [0x0000029a11410000, 0x0000029a11680000, 0x0000029a119b0000]
 total_blobs=7144 nmethods=6490 adapters=566
 compilation: enabled
              stopped_count=0, restarted_count=0
 full_count=0

Compilation events (20 events):
Event: 20.615 Thread 0x0000029a1b839bf0 nmethod 7247 0x0000029a11d7df10 code [0x0000029a11d7e080, 0x0000029a11d7e138]
Event: 20.624 Thread 0x0000029a1b839bf0 7258       4       java.util.HashMap::putMapEntries (167 bytes)
Event: 20.624 Thread 0x0000029a209a0490 7259       3       java.util.zip.ZipEntry::<init> (172 bytes)
Event: 20.624 Thread 0x0000029a209a0490 nmethod 7259 0x0000029a0ac99c90 code [0x0000029a0ac99e40, 0x0000029a0ac9a248]
Event: 20.624 Thread 0x0000029a209a0490 7260       1       org.apache.maven.model.Activation::getProperty (5 bytes)
Event: 20.624 Thread 0x0000029a209a0490 nmethod 7260 0x0000029a11d7e210 code [0x0000029a11d7e3a0, 0x0000029a11d7e478]
Event: 20.625 Thread 0x0000029a209a0490 7261       3       java.util.TreeMap::navigableKeySet (27 bytes)
Event: 20.625 Thread 0x0000029a209a0490 nmethod 7261 0x0000029a0ac9a390 code [0x0000029a0ac9a540, 0x0000029a0ac9a898]
Event: 20.626 Thread 0x0000029a209a0490 7262       3       java.util.regex.Pattern$Curly::match (91 bytes)
Event: 20.626 Thread 0x0000029a209a0490 nmethod 7262 0x0000029a0ac9aa10 code [0x0000029a0ac9ac00, 0x0000029a0ac9b0b8]
Event: 20.634 Thread 0x0000029a209a0490 7263   !   3       org.eclipse.osgi.internal.loader.BundleLoader::isDynamicallyImported (150 bytes)
Event: 20.635 Thread 0x0000029a209a0490 nmethod 7263 0x0000029a0ac9b210 code [0x0000029a0ac9b440, 0x0000029a0ac9be08]
Event: 20.644 Thread 0x0000029a209a0490 7264       3       java.util.Collections$UnmodifiableMap$UnmodifiableEntrySet$1::hasNext (10 bytes)
Event: 20.644 Thread 0x0000029a209a0490 nmethod 7264 0x0000029a0ac9c190 code [0x0000029a0ac9c340, 0x0000029a0ac9c508]
Event: 20.644 Thread 0x0000029a209a0490 7265       3       java.util.Collections$UnmodifiableMap$UnmodifiableEntrySet$1::next (5 bytes)
Event: 20.644 Thread 0x0000029a209a0490 nmethod 7265 0x0000029a0ac9c610 code [0x0000029a0ac9c800, 0x0000029a0ac9ced8]
Event: 20.644 Thread 0x0000029a209a0490 7266       3       java.util.Collections$UnmodifiableMap$UnmodifiableEntrySet$1::next (20 bytes)
Event: 20.645 Thread 0x0000029a209a0490 nmethod 7266 0x0000029a0ac9d110 code [0x0000029a0ac9d300, 0x0000029a0ac9d958]
Event: 20.651 Thread 0x0000029a1b839bf0 nmethod 7258 0x0000029a11d7e510 code [0x0000029a11d7e760, 0x0000029a11d7f290]
Event: 20.651 Thread 0x0000029a1b839bf0 7267 %     4       java.util.Properties$LineReader::readLine @ 224 (584 bytes)

GC Heap History (20 events):
Event: 15.489 GC heap after
{Heap after GC invocations=21 (full 2):
 PSYoungGen      total 23040K, used 1408K [0x00000000eab00000, 0x00000000ec400000, 0x0000000100000000)
  eden space 21504K, 0% used [0x00000000eab00000,0x00000000eab00000,0x00000000ec000000)
  from space 1536K, 91% used [0x00000000ec000000,0x00000000ec160010,0x00000000ec180000)
  to   space 2048K, 0% used [0x00000000ec200000,0x00000000ec200000,0x00000000ec400000)
 ParOldGen       total 68608K, used 25379K [0x00000000c0000000, 0x00000000c4300000, 0x00000000eab00000)
  object space 68608K, 36% used [0x00000000c0000000,0x00000000c18c8ee0,0x00000000c4300000)
 Metaspace       used 53752K, committed 54848K, reserved 1114112K
  class space    used 5863K, committed 6336K, reserved 1048576K
}
Event: 15.715 GC heap before
{Heap before GC invocations=22 (full 2):
 PSYoungGen      total 23040K, used 22912K [0x00000000eab00000, 0x00000000ec400000, 0x0000000100000000)
  eden space 21504K, 100% used [0x00000000eab00000,0x00000000ec000000,0x00000000ec000000)
  from space 1536K, 91% used [0x00000000ec000000,0x00000000ec160010,0x00000000ec180000)
  to   space 2048K, 0% used [0x00000000ec200000,0x00000000ec200000,0x00000000ec400000)
 ParOldGen       total 68608K, used 25379K [0x00000000c0000000, 0x00000000c4300000, 0x00000000eab00000)
  object space 68608K, 36% used [0x00000000c0000000,0x00000000c18c8ee0,0x00000000c4300000)
 Metaspace       used 53925K, committed 54976K, reserved 1114112K
  class space    used 5869K, committed 6336K, reserved 1048576K
}
Event: 15.719 GC heap after
{Heap after GC invocations=22 (full 2):
 PSYoungGen      total 23552K, used 1848K [0x00000000eab00000, 0x00000000ec400000, 0x0000000100000000)
  eden space 21504K, 0% used [0x00000000eab00000,0x00000000eab00000,0x00000000ec000000)
  from space 2048K, 90% used [0x00000000ec200000,0x00000000ec3ce210,0x00000000ec400000)
  to   space 2048K, 0% used [0x00000000ec000000,0x00000000ec000000,0x00000000ec200000)
 ParOldGen       total 68608K, used 26683K [0x00000000c0000000, 0x00000000c4300000, 0x00000000eab00000)
  object space 68608K, 38% used [0x00000000c0000000,0x00000000c1a0eef0,0x00000000c4300000)
 Metaspace       used 53925K, committed 54976K, reserved 1114112K
  class space    used 5869K, committed 6336K, reserved 1048576K
}
Event: 15.923 GC heap before
{Heap before GC invocations=23 (full 2):
 PSYoungGen      total 23552K, used 23352K [0x00000000eab00000, 0x00000000ec400000, 0x0000000100000000)
  eden space 21504K, 100% used [0x00000000eab00000,0x00000000ec000000,0x00000000ec000000)
  from space 2048K, 90% used [0x00000000ec200000,0x00000000ec3ce210,0x00000000ec400000)
  to   space 2048K, 0% used [0x00000000ec000000,0x00000000ec000000,0x00000000ec200000)
 ParOldGen       total 68608K, used 26683K [0x00000000c0000000, 0x00000000c4300000, 0x00000000eab00000)
  object space 68608K, 38% used [0x00000000c0000000,0x00000000c1a0eef0,0x00000000c4300000)
 Metaspace       used 54249K, committed 55232K, reserved 1114112K
  class space    used 5913K, committed 6336K, reserved 1048576K
}
Event: 15.929 GC heap after
{Heap after GC invocations=23 (full 2):
 PSYoungGen      total 23552K, used 2016K [0x00000000eab00000, 0x00000000ec900000, 0x0000000100000000)
  eden space 21504K, 0% used [0x00000000eab00000,0x00000000eab00000,0x00000000ec000000)
  from space 2048K, 98% used [0x00000000ec000000,0x00000000ec1f8030,0x00000000ec200000)
  to   space 4608K, 0% used [0x00000000ec480000,0x00000000ec480000,0x00000000ec900000)
 ParOldGen       total 68608K, used 28452K [0x00000000c0000000, 0x00000000c4300000, 0x00000000eab00000)
  object space 68608K, 41% used [0x00000000c0000000,0x00000000c1bc9398,0x00000000c4300000)
 Metaspace       used 54249K, committed 55232K, reserved 1114112K
  class space    used 5913K, committed 6336K, reserved 1048576K
}
Event: 16.027 GC heap before
{Heap before GC invocations=24 (full 2):
 PSYoungGen      total 23552K, used 23520K [0x00000000eab00000, 0x00000000ec900000, 0x0000000100000000)
  eden space 21504K, 100% used [0x00000000eab00000,0x00000000ec000000,0x00000000ec000000)
  from space 2048K, 98% used [0x00000000ec000000,0x00000000ec1f8030,0x00000000ec200000)
  to   space 4608K, 0% used [0x00000000ec480000,0x00000000ec480000,0x00000000ec900000)
 ParOldGen       total 68608K, used 28452K [0x00000000c0000000, 0x00000000c4300000, 0x00000000eab00000)
  object space 68608K, 41% used [0x00000000c0000000,0x00000000c1bc9398,0x00000000c4300000)
 Metaspace       used 54437K, committed 55616K, reserved 1114112K
  class space    used 5932K, committed 6464K, reserved 1048576K
}
Event: 16.032 GC heap after
{Heap after GC invocations=24 (full 2):
 PSYoungGen      total 23552K, used 1856K [0x00000000eab00000, 0x00000000ec680000, 0x0000000100000000)
  eden space 21504K, 0% used [0x00000000eab00000,0x00000000eab00000,0x00000000ec000000)
  from space 2048K, 90% used [0x00000000ec480000,0x00000000ec650000,0x00000000ec680000)
  to   space 2560K, 0% used [0x00000000ec180000,0x00000000ec180000,0x00000000ec400000)
 ParOldGen       total 68608K, used 30424K [0x00000000c0000000, 0x00000000c4300000, 0x00000000eab00000)
  object space 68608K, 44% used [0x00000000c0000000,0x00000000c1db6058,0x00000000c4300000)
 Metaspace       used 54437K, committed 55616K, reserved 1114112K
  class space    used 5932K, committed 6464K, reserved 1048576K
}
Event: 16.106 GC heap before
{Heap before GC invocations=25 (full 2):
 PSYoungGen      total 23552K, used 23360K [0x00000000eab00000, 0x00000000ec680000, 0x0000000100000000)
  eden space 21504K, 100% used [0x00000000eab00000,0x00000000ec000000,0x00000000ec000000)
  from space 2048K, 90% used [0x00000000ec480000,0x00000000ec650000,0x00000000ec680000)
  to   space 2560K, 0% used [0x00000000ec180000,0x00000000ec180000,0x00000000ec400000)
 ParOldGen       total 68608K, used 30424K [0x00000000c0000000, 0x00000000c4300000, 0x00000000eab00000)
  object space 68608K, 44% used [0x00000000c0000000,0x00000000c1db6058,0x00000000c4300000)
 Metaspace       used 54610K, committed 55744K, reserved 1114112K
  class space    used 5949K, committed 6464K, reserved 1048576K
}
Event: 16.111 GC heap after
{Heap after GC invocations=25 (full 2):
 PSYoungGen      total 24064K, used 2112K [0x00000000eab00000, 0x00000000ec500000, 0x0000000100000000)
  eden space 21504K, 0% used [0x00000000eab00000,0x00000000eab00000,0x00000000ec000000)
  from space 2560K, 82% used [0x00000000ec180000,0x00000000ec390010,0x00000000ec400000)
  to   space 1024K, 0% used [0x00000000ec400000,0x00000000ec400000,0x00000000ec500000)
 ParOldGen       total 68608K, used 32248K [0x00000000c0000000, 0x00000000c4300000, 0x00000000eab00000)
  object space 68608K, 47% used [0x00000000c0000000,0x00000000c1f7e058,0x00000000c4300000)
 Metaspace       used 54610K, committed 55744K, reserved 1114112K
  class space    used 5949K, committed 6464K, reserved 1048576K
}
Event: 16.207 GC heap before
{Heap before GC invocations=26 (full 2):
 PSYoungGen      total 24064K, used 23616K [0x00000000eab00000, 0x00000000ec500000, 0x0000000100000000)
  eden space 21504K, 100% used [0x00000000eab00000,0x00000000ec000000,0x00000000ec000000)
  from space 2560K, 82% used [0x00000000ec180000,0x00000000ec390010,0x00000000ec400000)
  to   space 1024K, 0% used [0x00000000ec400000,0x00000000ec400000,0x00000000ec500000)
 ParOldGen       total 68608K, used 32248K [0x00000000c0000000, 0x00000000c4300000, 0x00000000eab00000)
  object space 68608K, 47% used [0x00000000c0000000,0x00000000c1f7e058,0x00000000c4300000)
 Metaspace       used 54891K, committed 56000K, reserved 1114112K
  class space    used 5988K, committed 6464K, reserved 1048576K
}
Event: 16.213 GC heap after
{Heap after GC invocations=26 (full 2):
 PSYoungGen      total 22528K, used 992K [0x00000000eab00000, 0x00000000ec800000, 0x0000000100000000)
  eden space 21504K, 0% used [0x00000000eab00000,0x00000000eab00000,0x00000000ec000000)
  from space 1024K, 96% used [0x00000000ec400000,0x00000000ec4f8020,0x00000000ec500000)
  to   space 4096K, 0% used [0x00000000ec000000,0x00000000ec000000,0x00000000ec400000)
 ParOldGen       total 68608K, used 34980K [0x00000000c0000000, 0x00000000c4300000, 0x00000000eab00000)
  object space 68608K, 50% used [0x00000000c0000000,0x00000000c22293c0,0x00000000c4300000)
 Metaspace       used 54891K, committed 56000K, reserved 1114112K
  class space    used 5988K, committed 6464K, reserved 1048576K
}
Event: 16.957 GC heap before
{Heap before GC invocations=27 (full 2):
 PSYoungGen      total 22528K, used 22496K [0x00000000eab00000, 0x00000000ec800000, 0x0000000100000000)
  eden space 21504K, 100% used [0x00000000eab00000,0x00000000ec000000,0x00000000ec000000)
  from space 1024K, 96% used [0x00000000ec400000,0x00000000ec4f8020,0x00000000ec500000)
  to   space 4096K, 0% used [0x00000000ec000000,0x00000000ec000000,0x00000000ec400000)
 ParOldGen       total 68608K, used 34980K [0x00000000c0000000, 0x00000000c4300000, 0x00000000eab00000)
  object space 68608K, 50% used [0x00000000c0000000,0x00000000c22293c0,0x00000000c4300000)
 Metaspace       used 56018K, committed 57088K, reserved 1114112K
  class space    used 6098K, committed 6592K, reserved 1048576K
}
Event: 16.964 GC heap after
{Heap after GC invocations=27 (full 2):
 PSYoungGen      total 24064K, used 2256K [0x00000000eab00000, 0x00000000ec600000, 0x0000000100000000)
  eden space 21504K, 0% used [0x00000000eab00000,0x00000000eab00000,0x00000000ec000000)
  from space 2560K, 88% used [0x00000000ec000000,0x00000000ec234010,0x00000000ec280000)
  to   space 3072K, 0% used [0x00000000ec300000,0x00000000ec300000,0x00000000ec600000)
 ParOldGen       total 68608K, used 35988K [0x00000000c0000000, 0x00000000c4300000, 0x00000000eab00000)
  object space 68608K, 52% used [0x00000000c0000000,0x00000000c23253e0,0x00000000c4300000)
 Metaspace       used 56018K, committed 57088K, reserved 1114112K
  class space    used 6098K, committed 6592K, reserved 1048576K
}
Event: 18.904 GC heap before
{Heap before GC invocations=28 (full 2):
 PSYoungGen      total 24064K, used 23760K [0x00000000eab00000, 0x00000000ec600000, 0x0000000100000000)
  eden space 21504K, 100% used [0x00000000eab00000,0x00000000ec000000,0x00000000ec000000)
  from space 2560K, 88% used [0x00000000ec000000,0x00000000ec234010,0x00000000ec280000)
  to   space 3072K, 0% used [0x00000000ec300000,0x00000000ec300000,0x00000000ec600000)
 ParOldGen       total 68608K, used 35988K [0x00000000c0000000, 0x00000000c4300000, 0x00000000eab00000)
  object space 68608K, 52% used [0x00000000c0000000,0x00000000c23253e0,0x00000000c4300000)
 Metaspace       used 57360K, committed 58496K, reserved 1114112K
  class space    used 6206K, committed 6720K, reserved 1048576K
}
Event: 18.910 GC heap after
{Heap after GC invocations=28 (full 2):
 PSYoungGen      total 23552K, used 1600K [0x00000000eab00000, 0x00000000ec500000, 0x0000000100000000)
  eden space 21504K, 0% used [0x00000000eab00000,0x00000000eab00000,0x00000000ec000000)
  from space 2048K, 78% used [0x00000000ec300000,0x00000000ec490040,0x00000000ec500000)
  to   space 2048K, 0% used [0x00000000ec100000,0x00000000ec100000,0x00000000ec300000)
 ParOldGen       total 68608K, used 38185K [0x00000000c0000000, 0x00000000c4300000, 0x00000000eab00000)
  object space 68608K, 55% used [0x00000000c0000000,0x00000000c254a640,0x00000000c4300000)
 Metaspace       used 57360K, committed 58496K, reserved 1114112K
  class space    used 6206K, committed 6720K, reserved 1048576K
}
Event: 20.392 GC heap before
{Heap before GC invocations=29 (full 2):
 PSYoungGen      total 23552K, used 23094K [0x00000000eab00000, 0x00000000ec500000, 0x0000000100000000)
  eden space 21504K, 99% used [0x00000000eab00000,0x00000000ebffd8e8,0x00000000ec000000)
  from space 2048K, 78% used [0x00000000ec300000,0x00000000ec490040,0x00000000ec500000)
  to   space 2048K, 0% used [0x00000000ec100000,0x00000000ec100000,0x00000000ec300000)
 ParOldGen       total 68608K, used 38185K [0x00000000c0000000, 0x00000000c4300000, 0x00000000eab00000)
  object space 68608K, 55% used [0x00000000c0000000,0x00000000c254a640,0x00000000c4300000)
 Metaspace       used 58100K, committed 59200K, reserved 1114112K
  class space    used 6294K, committed 6784K, reserved 1048576K
}
Event: 20.396 GC heap after
{Heap after GC invocations=29 (full 2):
 PSYoungGen      total 23040K, used 1088K [0x00000000eab00000, 0x00000000ec380000, 0x0000000100000000)
  eden space 21504K, 0% used [0x00000000eab00000,0x00000000eab00000,0x00000000ec000000)
  from space 1536K, 70% used [0x00000000ec100000,0x00000000ec210000,0x00000000ec280000)
  to   space 1024K, 0% used [0x00000000ec280000,0x00000000ec280000,0x00000000ec380000)
 ParOldGen       total 68608K, used 39723K [0x00000000c0000000, 0x00000000c4300000, 0x00000000eab00000)
  object space 68608K, 57% used [0x00000000c0000000,0x00000000c26cac30,0x00000000c4300000)
 Metaspace       used 58100K, committed 59200K, reserved 1114112K
  class space    used 6294K, committed 6784K, reserved 1048576K
}
Event: 20.661 GC heap before
{Heap before GC invocations=30 (full 2):
 PSYoungGen      total 23040K, used 14080K [0x00000000eab00000, 0x00000000ec380000, 0x0000000100000000)
  eden space 21504K, 60% used [0x00000000eab00000,0x00000000eb7b0038,0x00000000ec000000)
  from space 1536K, 70% used [0x00000000ec100000,0x00000000ec210000,0x00000000ec280000)
  to   space 1024K, 0% used [0x00000000ec280000,0x00000000ec280000,0x00000000ec380000)
 ParOldGen       total 68608K, used 39723K [0x00000000c0000000, 0x00000000c4300000, 0x00000000eab00000)
  object space 68608K, 57% used [0x00000000c0000000,0x00000000c26cac30,0x00000000c4300000)
 Metaspace       used 58691K, committed 59776K, reserved 1114112K
  class space    used 6356K, committed 6848K, reserved 1048576K
}
Event: 20.663 GC heap after
{Heap after GC invocations=30 (full 2):
 PSYoungGen      total 22528K, used 544K [0x00000000eab00000, 0x00000000ec380000, 0x0000000100000000)
  eden space 21504K, 0% used [0x00000000eab00000,0x00000000eab00000,0x00000000ec000000)
  from space 1024K, 53% used [0x00000000ec280000,0x00000000ec308010,0x00000000ec380000)
  to   space 1024K, 0% used [0x00000000ec180000,0x00000000ec180000,0x00000000ec280000)
 ParOldGen       total 68608K, used 40667K [0x00000000c0000000, 0x00000000c4300000, 0x00000000eab00000)
  object space 68608K, 59% used [0x00000000c0000000,0x00000000c27b6c30,0x00000000c4300000)
 Metaspace       used 58691K, committed 59776K, reserved 1114112K
  class space    used 6356K, committed 6848K, reserved 1048576K
}
Event: 20.663 GC heap before
{Heap before GC invocations=31 (full 3):
 PSYoungGen      total 22528K, used 544K [0x00000000eab00000, 0x00000000ec380000, 0x0000000100000000)
  eden space 21504K, 0% used [0x00000000eab00000,0x00000000eab00000,0x00000000ec000000)
  from space 1024K, 53% used [0x00000000ec280000,0x00000000ec308010,0x00000000ec380000)
  to   space 1024K, 0% used [0x00000000ec180000,0x00000000ec180000,0x00000000ec280000)
 ParOldGen       total 68608K, used 40667K [0x00000000c0000000, 0x00000000c4300000, 0x00000000eab00000)
  object space 68608K, 59% used [0x00000000c0000000,0x00000000c27b6c30,0x00000000c4300000)
 Metaspace       used 58691K, committed 59776K, reserved 1114112K
  class space    used 6356K, committed 6848K, reserved 1048576K
}

Dll operation events (10 events):
Event: 0.020 Loaded shared library c:\Users\Om\.vscode\extensions\redhat.java-1.28.1-win32-x64\jre\17.0.10-win32-x86_64\bin\java.dll
Event: 0.284 Loaded shared library c:\Users\Om\.vscode\extensions\redhat.java-1.28.1-win32-x64\jre\17.0.10-win32-x86_64\bin\zip.dll
Event: 0.295 Loaded shared library C:\Users\Om\.vscode\extensions\redhat.java-1.28.1-win32-x64\jre\17.0.10-win32-x86_64\bin\instrument.dll
Event: 0.316 Loaded shared library C:\Users\Om\.vscode\extensions\redhat.java-1.28.1-win32-x64\jre\17.0.10-win32-x86_64\bin\net.dll
Event: 0.319 Loaded shared library C:\Users\Om\.vscode\extensions\redhat.java-1.28.1-win32-x64\jre\17.0.10-win32-x86_64\bin\nio.dll
Event: 0.332 Loaded shared library C:\Users\Om\.vscode\extensions\redhat.java-1.28.1-win32-x64\jre\17.0.10-win32-x86_64\bin\zip.dll
Event: 0.360 Loaded shared library C:\Users\Om\.vscode\extensions\redhat.java-1.28.1-win32-x64\jre\17.0.10-win32-x86_64\bin\jimage.dll
Event: 0.468 Loaded shared library c:\Users\Om\.vscode\extensions\redhat.java-1.28.1-win32-x64\jre\17.0.10-win32-x86_64\bin\verify.dll
Event: 2.912 Loaded shared library C:\Users\Om\AppData\Roaming\Code\User\globalStorage\redhat.java\1.28.1\config_win\org.eclipse.equinox.launcher\org.eclipse.equinox.launcher.win32.win32.x86_64_1.2.900.v20240129-1338\eclipse_11900.dll
Event: 9.250 Loaded shared library C:\Users\Om\AppData\Local\Temp\jna-80689643\jna199415176599621285.dll

Deoptimization events (20 events):
Event: 19.207 Thread 0x0000029a21d23fb0 Uncommon trap: trap_request=0xffffff45 fr.pc=0x0000029a11bae868 relative=0x0000000000000268
Event: 19.207 Thread 0x0000029a21d23fb0 Uncommon trap: reason=unstable_if action=reinterpret pc=0x0000029a11bae868 method=java.lang.String.decodeASCII([BI[CII)I @ 7 c2
Event: 19.207 Thread 0x0000029a21d23fb0 DEOPT PACKING pc=0x0000029a11bae868 sp=0x000000f7e48fd4c0
Event: 19.207 Thread 0x0000029a21d23fb0 DEOPT UNPACKING pc=0x0000029a114666a3 sp=0x000000f7e48fd3c0 mode 2
Event: 19.208 Thread 0x0000029a21d23fb0 Uncommon trap: trap_request=0xffffff45 fr.pc=0x0000029a11bad7bc relative=0x000000000000023c
Event: 19.212 Thread 0x0000029a21d23fb0 Uncommon trap: reason=unstable_if action=reinterpret pc=0x0000029a11bad7bc method=java.lang.String.decodeASCII([BI[CII)I @ 7 c2
Event: 19.212 Thread 0x0000029a21d23fb0 DEOPT PACKING pc=0x0000029a11bad7bc sp=0x000000f7e48fd330
Event: 19.212 Thread 0x0000029a21d23fb0 DEOPT UNPACKING pc=0x0000029a114666a3 sp=0x000000f7e48fd2e0 mode 2
Event: 19.218 Thread 0x0000029a21d23fb0 Uncommon trap: trap_request=0xffffff45 fr.pc=0x0000029a11d5cc60 relative=0x0000000000000da0
Event: 19.218 Thread 0x0000029a21d23fb0 Uncommon trap: reason=unstable_if action=reinterpret pc=0x0000029a11d5cc60 method=java.lang.String.indexOf(Ljava/lang/String;)I @ 10 c2
Event: 19.218 Thread 0x0000029a21d23fb0 DEOPT PACKING pc=0x0000029a11d5cc60 sp=0x000000f7e48fdaf0
Event: 19.218 Thread 0x0000029a21d23fb0 DEOPT UNPACKING pc=0x0000029a114666a3 sp=0x000000f7e48fd9d0 mode 2
Event: 19.282 Thread 0x0000029a21d23fb0 Uncommon trap: trap_request=0xffffff45 fr.pc=0x0000029a11ac3028 relative=0x0000000000000108
Event: 19.282 Thread 0x0000029a21d23fb0 Uncommon trap: reason=unstable_if action=reinterpret pc=0x0000029a11ac3028 method=java.lang.CharacterDataLatin1.digit(II)I @ 12 c2
Event: 19.282 Thread 0x0000029a21d23fb0 DEOPT PACKING pc=0x0000029a11ac3028 sp=0x000000f7e48fd820
Event: 19.282 Thread 0x0000029a21d23fb0 DEOPT UNPACKING pc=0x0000029a114666a3 sp=0x000000f7e48fd6d8 mode 2
Event: 19.282 Thread 0x0000029a21d23fb0 Uncommon trap: trap_request=0xffffff45 fr.pc=0x0000029a119dca48 relative=0x00000000000000a8
Event: 19.282 Thread 0x0000029a21d23fb0 Uncommon trap: reason=unstable_if action=reinterpret pc=0x0000029a119dca48 method=java.lang.CharacterDataLatin1.digit(II)I @ 12 c2
Event: 19.282 Thread 0x0000029a21d23fb0 DEOPT PACKING pc=0x0000029a119dca48 sp=0x000000f7e48fd770
Event: 19.282 Thread 0x0000029a21d23fb0 DEOPT UNPACKING pc=0x0000029a114666a3 sp=0x000000f7e48fd6e8 mode 2

Classes unloaded (7 events):
Event: 4.877 Thread 0x0000029a1b7f6560 Unloading class 0x0000000100248400 'java/lang/invoke/LambdaForm$MH+0x0000000100248400'
Event: 4.877 Thread 0x0000029a1b7f6560 Unloading class 0x0000000100248000 'java/lang/invoke/LambdaForm$MH+0x0000000100248000'
Event: 4.877 Thread 0x0000029a1b7f6560 Unloading class 0x0000000100247c00 'java/lang/invoke/LambdaForm$MH+0x0000000100247c00'
Event: 4.877 Thread 0x0000029a1b7f6560 Unloading class 0x0000000100247800 'java/lang/invoke/LambdaForm$MH+0x0000000100247800'
Event: 4.877 Thread 0x0000029a1b7f6560 Unloading class 0x0000000100247400 'java/lang/invoke/LambdaForm$BMH+0x0000000100247400'
Event: 4.877 Thread 0x0000029a1b7f6560 Unloading class 0x0000000100247000 'java/lang/invoke/LambdaForm$DMH+0x0000000100247000'
Event: 4.877 Thread 0x0000029a1b7f6560 Unloading class 0x0000000100244400 'java/lang/invoke/LambdaForm$DMH+0x0000000100244400'

Classes redefined (0 events):
No events

Internal exceptions (20 events):
Event: 11.197 Thread 0x0000029a21d23590 Implicit null exception at 0x0000029a11acea2f to 0x0000029a11acebd8
Event: 11.197 Thread 0x0000029a21d23590 Implicit null exception at 0x0000029a11a41989 to 0x0000029a11a42db4
Event: 11.204 Thread 0x0000029a21d23590 Exception <a 'java/lang/NoSuchMethodError'{0x00000000eb134030}: 'java.lang.Object java.lang.invoke.Invokers$Holder.invokeExact_MT(java.lang.Object, int, java.lang.Object)'> (0x00000000eb134030) 
thrown [s\src\hotspot\share\interpreter\linkResolver.cpp, line 759]
Event: 11.282 Thread 0x0000029a21d23590 Exception <a 'java/lang/NoSuchMethodError'{0x00000000eb4e3e18}: 'int java.lang.invoke.DirectMethodHandle$Holder.invokeSpecial(java.lang.Object, java.lang.Object, java.lang.Object, java.lang.Object)'> (0x00000000eb4e3e18) 
thrown [s\src\hotspot\share\interpreter\linkResolver.cpp, line 759]
Event: 11.334 Thread 0x0000029a2434d3d0 Exception <a 'java/io/FileNotFoundException'{0x00000000eb6c4b48}> (0x00000000eb6c4b48) 
thrown [s\src\hotspot\share\prims\jni.cpp, line 516]
Event: 11.828 Thread 0x0000029a21d23590 Exception <a 'java/lang/NoClassDefFoundError'{0x00000000eae2d098}: com/google/inject/servlet/ServletModuleTargetVisitor> (0x00000000eae2d098) 
thrown [s\src\hotspot\share\classfile\systemDictionary.cpp, line 245]
Event: 11.921 Thread 0x0000029a21d23fb0 Exception <a 'java/lang/NoSuchMethodError'{0x00000000eb28a978}: 'int java.lang.invoke.DirectMethodHandle$Holder.invokeSpecialIFC(java.lang.Object, java.lang.Object, java.lang.Object, java.lang.Object)'> (0x00000000eb28a978) 
thrown [s\src\hotspot\share\interpreter\linkResolver.cpp, line 759]
Event: 12.066 Thread 0x0000029a21d23fb0 Exception <a 'java/io/FileNotFoundException'{0x00000000eb9263a8}> (0x00000000eb9263a8) 
thrown [s\src\hotspot\share\prims\jni.cpp, line 516]
Event: 13.379 Thread 0x0000029a21d23080 Exception <a 'java/lang/NoSuchMethodError'{0x00000000eae6c540}: 'int java.lang.invoke.DirectMethodHandle$Holder.invokeInterface(java.lang.Object, java.lang.Object)'> (0x00000000eae6c540) 
thrown [s\src\hotspot\share\interpreter\linkResolver.cpp, line 759]
Event: 13.380 Thread 0x0000029a21d23080 Exception <a 'java/lang/IncompatibleClassChangeError'{0x00000000eae6f828}: Found class java.lang.Object, but interface was expected> (0x00000000eae6f828) 
thrown [s\src\hotspot\share\interpreter\linkResolver.cpp, line 826]
Event: 13.618 Thread 0x0000029a21d23080 Exception <a 'java/lang/NoSuchMethodError'{0x00000000eb8432b0}: 'java.lang.Object java.lang.invoke.Invokers$Holder.invoke_MT(java.lang.Object, java.lang.Object, java.lang.Object)'> (0x00000000eb8432b0) 
thrown [s\src\hotspot\share\interpreter\linkResolver.cpp, line 759]
Event: 15.035 Thread 0x0000029a2434b060 Exception <a 'java/io/FileNotFoundException'{0x00000000ebb14eb8}> (0x00000000ebb14eb8) 
thrown [s\src\hotspot\share\prims\jni.cpp, line 516]
Event: 15.044 Thread 0x0000029a2434b060 Exception <a 'java/io/FileNotFoundException'{0x00000000ebb163f0}> (0x00000000ebb163f0) 
thrown [s\src\hotspot\share\prims\jni.cpp, line 516]
Event: 15.998 Thread 0x0000029a2434b060 Exception <a 'java/io/FileNotFoundException'{0x00000000eb944608}> (0x00000000eb944608) 
thrown [s\src\hotspot\share\prims\jni.cpp, line 516]
Event: 15.998 Thread 0x0000029a2434b060 Exception <a 'java/io/FileNotFoundException'{0x00000000eb9455f8}> (0x00000000eb9455f8) 
thrown [s\src\hotspot\share\prims\jni.cpp, line 516]
Event: 15.999 Thread 0x0000029a2434b060 Exception <a 'java/io/FileNotFoundException'{0x00000000eb946340}> (0x00000000eb946340) 
thrown [s\src\hotspot\share\prims\jni.cpp, line 516]
Event: 16.456 Thread 0x0000029a21d23080 Exception <a 'sun/nio/fs/WindowsException'{0x00000000eb451770}> (0x00000000eb451770) 
thrown [s\src\hotspot\share\prims\jni.cpp, line 516]
Event: 16.467 Thread 0x0000029a21d23080 Exception <a 'sun/nio/fs/WindowsException'{0x00000000eb4b7220}> (0x00000000eb4b7220) 
thrown [s\src\hotspot\share\prims\jni.cpp, line 516]
Event: 16.642 Thread 0x0000029a2434d3d0 Exception <a 'java/lang/NoSuchMethodError'{0x00000000eb749ae8}: 'java.lang.Object java.lang.invoke.DirectMethodHandle$Holder.invokeInterface(java.lang.Object, java.lang.Object, java.lang.Object)'> (0x00000000eb749ae8) 
thrown [s\src\hotspot\share\interpreter\linkResolver.cpp, line 759]
Event: 16.871 Thread 0x0000029a21d23fb0 Exception <a 'java/lang/NoSuchMethodError'{0x00000000eb6d5dc0}: 'java.lang.Object java.lang.invoke.DirectMethodHandle$Holder.invokeInterface(java.lang.Object, java.lang.Object, java.lang.Object, java.lang.Object)'> (0x00000000eb6d5dc0) 
thrown [s\src\hotspot\share\interpreter\linkResolver.cpp, line 759]

VM Operations (20 events):
Event: 16.378 Executing VM operation: HandshakeAllThreads done
Event: 16.810 Executing VM operation: HandshakeAllThreads
Event: 16.810 Executing VM operation: HandshakeAllThreads done
Event: 16.811 Executing VM operation: HandshakeAllThreads
Event: 16.849 Executing VM operation: HandshakeAllThreads done
Event: 16.934 Executing VM operation: HandshakeAllThreads
Event: 16.934 Executing VM operation: HandshakeAllThreads done
Event: 16.935 Executing VM operation: HandshakeAllThreads
Event: 16.935 Executing VM operation: HandshakeAllThreads done
Event: 16.956 Executing VM operation: ParallelGCFailedAllocation
Event: 16.980 Executing VM operation: ParallelGCFailedAllocation done
Event: 17.879 Executing VM operation: HandshakeAllThreads
Event: 17.879 Executing VM operation: HandshakeAllThreads done
Event: 18.879 Executing VM operation: Cleanup
Event: 18.879 Executing VM operation: Cleanup done
Event: 18.904 Executing VM operation: ParallelGCFailedAllocation
Event: 18.910 Executing VM operation: ParallelGCFailedAllocation done
Event: 20.392 Executing VM operation: ParallelGCFailedAllocation
Event: 20.396 Executing VM operation: ParallelGCFailedAllocation done
Event: 20.660 Executing VM operation: CollectForMetadataAllocation

Events (20 events):
Event: 17.011 Thread 0x0000029a20ff4630 Thread added: 0x0000029a20ff4630
Event: 17.237 Thread 0x0000029a20ff4630 Thread exited: 0x0000029a20ff4630
Event: 17.778 Thread 0x0000029a20ff4630 Thread added: 0x0000029a20ff4630
Event: 18.049 Thread 0x0000029a20ff4630 Thread exited: 0x0000029a20ff4630
Event: 18.331 loading class java/util/AbstractMap$2
Event: 18.331 loading class java/util/AbstractMap$2 done
Event: 18.337 loading class java/util/AbstractMap$2$1
Event: 18.338 loading class java/util/AbstractMap$2$1 done
Event: 18.479 loading class java/text/DontCareFieldPosition
Event: 18.480 loading class java/text/DontCareFieldPosition done
Event: 18.480 loading class java/text/DontCareFieldPosition$1
Event: 18.480 loading class java/text/Format$FieldDelegate
Event: 18.480 loading class java/text/Format$FieldDelegate done
Event: 18.480 loading class java/text/DontCareFieldPosition$1 done
Event: 19.436 loading class java/util/Vector$1
Event: 19.436 loading class java/util/Vector$1 done
Event: 20.544 loading class java/util/Collections$UnmodifiableSortedSet
Event: 20.544 loading class java/util/Collections$UnmodifiableSortedSet done
Event: 20.623 loading class java/util/regex/Pattern$Caret
Event: 20.623 loading class java/util/regex/Pattern$Caret done


Dynamic libraries:
0x00007ff70ebf0000 - 0x00007ff70ebfe000 	c:\Users\Om\.vscode\extensions\redhat.java-1.28.1-win32-x64\jre\17.0.10-win32-x86_64\bin\java.exe
0x00007ffe6e210000 - 0x00007ffe6e408000 	C:\Windows\SYSTEM32\ntdll.dll
0x00007ffe6cbd0000 - 0x00007ffe6cc8d000 	C:\Windows\System32\KERNEL32.DLL
0x00007ffe6bf50000 - 0x00007ffe6c246000 	C:\Windows\System32\KERNELBASE.dll
0x00007ffe6bcb0000 - 0x00007ffe6bdb0000 	C:\Windows\System32\ucrtbase.dll
0x00007ffe55810000 - 0x00007ffe55827000 	c:\Users\Om\.vscode\extensions\redhat.java-1.28.1-win32-x64\jre\17.0.10-win32-x86_64\bin\jli.dll
0x00007ffe5d960000 - 0x00007ffe5d97b000 	c:\Users\Om\.vscode\extensions\redhat.java-1.28.1-win32-x64\jre\17.0.10-win32-x86_64\bin\VCRUNTIME140.dll
0x00007ffe6cd10000 - 0x00007ffe6ceae000 	C:\Windows\System32\USER32.dll
0x00007ffe6b9f0000 - 0x00007ffe6ba12000 	C:\Windows\System32\win32u.dll
0x00007ffe6ac40000 - 0x00007ffe6aeda000 	C:\Windows\WinSxS\amd64_microsoft.windows.common-controls_6595b64144ccf1df_6.0.19041.3636_none_60b6a03d71f818d5\COMCTL32.dll
0x00007ffe6c250000 - 0x00007ffe6c27b000 	C:\Windows\System32\GDI32.dll
0x00007ffe6c7e0000 - 0x00007ffe6c87e000 	C:\Windows\System32\msvcrt.dll
0x00007ffe6b8d0000 - 0x00007ffe6b9e7000 	C:\Windows\System32\gdi32full.dll
0x00007ffe6beb0000 - 0x00007ffe6bf4d000 	C:\Windows\System32\msvcp_win.dll
0x00007ffe6ceb0000 - 0x00007ffe6cee2000 	C:\Windows\System32\IMM32.DLL
0x00007ffe66060000 - 0x00007ffe6606c000 	c:\Users\Om\.vscode\extensions\redhat.java-1.28.1-win32-x64\jre\17.0.10-win32-x86_64\bin\vcruntime140_1.dll
0x00007ffe443f0000 - 0x00007ffe4447d000 	c:\Users\Om\.vscode\extensions\redhat.java-1.28.1-win32-x64\jre\17.0.10-win32-x86_64\bin\msvcp140.dll
0x00007ffdd5980000 - 0x00007ffdd65e2000 	c:\Users\Om\.vscode\extensions\redhat.java-1.28.1-win32-x64\jre\17.0.10-win32-x86_64\bin\server\jvm.dll
0x00007ffe6d330000 - 0x00007ffe6d3e3000 	C:\Windows\System32\ADVAPI32.dll
0x00007ffe6d160000 - 0x00007ffe6d1ff000 	C:\Windows\System32\sechost.dll
0x00007ffe6d030000 - 0x00007ffe6d156000 	C:\Windows\System32\RPCRT4.dll
0x00007ffe6bc80000 - 0x00007ffe6bca7000 	C:\Windows\System32\bcrypt.dll
0x00007ffe6b730000 - 0x00007ffe6b77b000 	C:\Windows\SYSTEM32\POWRPROF.dll
0x00007ffe5a510000 - 0x00007ffe5a519000 	C:\Windows\SYSTEM32\WSOCK32.dll
0x00007ffe6cef0000 - 0x00007ffe6cf5b000 	C:\Windows\System32\WS2_32.dll
0x00007ffe5c800000 - 0x00007ffe5c827000 	C:\Windows\SYSTEM32\WINMM.dll
0x00007ffe5cb50000 - 0x00007ffe5cb5a000 	C:\Windows\SYSTEM32\VERSION.dll
0x00007ffe6b710000 - 0x00007ffe6b722000 	C:\Windows\SYSTEM32\UMPDC.dll
0x00007ffe69aa0000 - 0x00007ffe69ab2000 	C:\Windows\SYSTEM32\kernel.appcore.dll
0x00007ffe641d0000 - 0x00007ffe641da000 	c:\Users\Om\.vscode\extensions\redhat.java-1.28.1-win32-x64\jre\17.0.10-win32-x86_64\bin\jimage.dll
0x00007ffe6b1e0000 - 0x00007ffe6b3c4000 	C:\Windows\SYSTEM32\DBGHELP.DLL
0x00007ffe6aff0000 - 0x00007ffe6b024000 	C:\Windows\SYSTEM32\dbgcore.DLL
0x00007ffe6bdb0000 - 0x00007ffe6be32000 	C:\Windows\System32\bcryptPrimitives.dll
0x00007ffe62f50000 - 0x00007ffe62f5e000 	c:\Users\Om\.vscode\extensions\redhat.java-1.28.1-win32-x64\jre\17.0.10-win32-x86_64\bin\instrument.dll
0x00007ffe4cd50000 - 0x00007ffe4cd75000 	c:\Users\Om\.vscode\extensions\redhat.java-1.28.1-win32-x64\jre\17.0.10-win32-x86_64\bin\java.dll
0x00007ffe4d070000 - 0x00007ffe4d088000 	c:\Users\Om\.vscode\extensions\redhat.java-1.28.1-win32-x64\jre\17.0.10-win32-x86_64\bin\zip.dll
0x00007ffe6da20000 - 0x00007ffe6e165000 	C:\Windows\System32\SHELL32.dll
0x00007ffe691b0000 - 0x00007ffe6994c000 	C:\Windows\SYSTEM32\windows.storage.dll
0x00007ffe6d6c0000 - 0x00007ffe6da14000 	C:\Windows\System32\combase.dll
0x00007ffe6aba0000 - 0x00007ffe6abce000 	C:\Windows\SYSTEM32\Wldp.dll
0x00007ffe6d530000 - 0x00007ffe6d5fd000 	C:\Windows\System32\OLEAUT32.dll
0x00007ffe6d3f0000 - 0x00007ffe6d49d000 	C:\Windows\System32\SHCORE.dll
0x00007ffe6d600000 - 0x00007ffe6d655000 	C:\Windows\System32\shlwapi.dll
0x00007ffe6b800000 - 0x00007ffe6b825000 	C:\Windows\SYSTEM32\profapi.dll
0x00007ffe4cb40000 - 0x00007ffe4cb59000 	C:\Users\Om\.vscode\extensions\redhat.java-1.28.1-win32-x64\jre\17.0.10-win32-x86_64\bin\net.dll
0x00007ffe5fbe0000 - 0x00007ffe5fcea000 	C:\Windows\SYSTEM32\WINHTTP.dll
0x00007ffe6a8b0000 - 0x00007ffe6a91a000 	C:\Windows\system32\mswsock.dll
0x00007ffe4c680000 - 0x00007ffe4c696000 	C:\Users\Om\.vscode\extensions\redhat.java-1.28.1-win32-x64\jre\17.0.10-win32-x86_64\bin\nio.dll
0x00007ffe60500000 - 0x00007ffe60510000 	c:\Users\Om\.vscode\extensions\redhat.java-1.28.1-win32-x64\jre\17.0.10-win32-x86_64\bin\verify.dll
0x00007ffe448c0000 - 0x00007ffe448fe000 	C:\Users\Om\AppData\Roaming\Code\User\globalStorage\redhat.java\1.28.1\config_win\org.eclipse.equinox.launcher\org.eclipse.equinox.launcher.win32.win32.x86_64_1.2.900.v20240129-1338\eclipse_11900.dll
0x00007ffe6d200000 - 0x00007ffe6d32b000 	C:\Windows\System32\ole32.dll
0x00007ffe6b570000 - 0x00007ffe6b588000 	C:\Windows\SYSTEM32\CRYPTSP.dll
0x00007ffe6a280000 - 0x00007ffe6a2b4000 	C:\Windows\system32\rsaenh.dll
0x00007ffe6b780000 - 0x00007ffe6b7ae000 	C:\Windows\SYSTEM32\USERENV.dll
0x00007ffe6ab60000 - 0x00007ffe6ab6c000 	C:\Windows\SYSTEM32\CRYPTBASE.dll
0x00007ffe6a5e0000 - 0x00007ffe6a61b000 	C:\Windows\SYSTEM32\IPHLPAPI.DLL
0x00007ffe6cd00000 - 0x00007ffe6cd08000 	C:\Windows\System32\NSI.dll
0x00007ffe601b0000 - 0x00007ffe601c7000 	C:\Windows\SYSTEM32\dhcpcsvc6.DLL
0x00007ffe60890000 - 0x00007ffe608ad000 	C:\Windows\SYSTEM32\dhcpcsvc.DLL
0x00007ffe6a620000 - 0x00007ffe6a6eb000 	C:\Windows\SYSTEM32\DNSAPI.dll
0x00007ffe35710000 - 0x00007ffe35755000 	C:\Users\Om\AppData\Local\Temp\jna-80689643\jna199415176599621285.dll
0x00007ffe6c360000 - 0x00007ffe6c368000 	C:\Windows\System32\PSAPI.DLL

dbghelp: loaded successfully - version: 4.0.5 - missing functions: none
symbol engine: initialized successfully - sym options: 0x614 - pdb path: .;c:\Users\Om\.vscode\extensions\redhat.java-1.28.1-win32-x64\jre\17.0.10-win32-x86_64\bin;C:\Windows\SYSTEM32;C:\Windows\WinSxS\amd64_microsoft.windows.common-controls_6595b64144ccf1df_6.0.19041.3636_none_60b6a03d71f818d5;c:\Users\Om\.vscode\extensions\redhat.java-1.28.1-win32-x64\jre\17.0.10-win32-x86_64\bin\server;C:\Users\Om\AppData\Roaming\Code\User\globalStorage\redhat.java\1.28.1\config_win\org.eclipse.equinox.launcher\org.eclipse.equinox.launcher.win32.win32.x86_64_1.2.900.v20240129-1338;C:\Users\Om\AppData\Local\Temp\jna-80689643

VM Arguments:
jvm_args: --add-modules=ALL-SYSTEM --add-opens=java.base/java.util=ALL-UNNAMED --add-opens=java.base/java.lang=ALL-UNNAMED --add-opens=java.base/sun.nio.fs=ALL-UNNAMED -Declipse.application=org.eclipse.jdt.ls.core.id1 -Dosgi.bundles.defaultStartLevel=4 -Declipse.product=org.eclipse.jdt.ls.core.product -Djava.import.generatesMetadataFilesAtProjectRoot=false -DDetectVMInstallationsJob.disabled=true -Dfile.encoding=utf8 -XX:+UseParallelGC -XX:GCTimeRatio=4 -XX:AdaptiveSizePolicyWeight=90 -Dsun.zip.disableMemoryMapping=true -Xmx1G -Xms100m -Xlog:disable -javaagent:c:\Users\Om\.vscode\extensions\redhat.java-1.28.1-win32-x64\lombok\lombok-1.18.31.jar -XX:+HeapDumpOnOutOfMemoryError -XX:HeapDumpPath=c:\Users\Om\AppData\Roaming\Code\User\workspaceStorage\db1c570fc97ed4cf375733a2d8d2d0eb\redhat.java -Daether.dependencyCollector.impl=bf 
java_command: c:\Users\Om\.vscode\extensions\redhat.java-1.28.1-win32-x64\server\plugins\org.eclipse.equinox.launcher_1.6.700.v20231214-2017.jar -configuration c:\Users\Om\AppData\Roaming\Code\User\globalStorage\redhat.java\1.28.1\config_win -data c:\Users\Om\AppData\Roaming\Code\User\workspaceStorage\db1c570fc97ed4cf375733a2d8d2d0eb\redhat.java\jdt_ws --stdio
java_class_path (initial): c:\Users\Om\.vscode\extensions\redhat.java-1.28.1-win32-x64\server\plugins\org.eclipse.equinox.launcher_1.6.700.v20231214-2017.jar
Launcher Type: SUN_STANDARD

[Global flags]
    uintx AdaptiveSizePolicyWeight                 = 90                                        {product} {command line}
     intx CICompilerCount                          = 3                                         {product} {ergonomic}
    uintx GCTimeRatio                              = 4                                         {product} {command line}
     bool HeapDumpOnOutOfMemoryError               = true                                   {manageable} {command line}
    ccstr HeapDumpPath                             = c:\Users\Om\AppData\Roaming\Code\User\workspaceStorage\db1c570fc97ed4cf375733a2d8d2d0eb\redhat.java         {manageable} {command line}
   size_t InitialHeapSize                          = 104857600                                 {product} {command line}
   size_t MaxHeapSize                              = 1073741824                                {product} {command line}
   size_t MaxNewSize                               = 357564416                                 {product} {ergonomic}
   size_t MinHeapDeltaBytes                        = 524288                                    {product} {ergonomic}
   size_t MinHeapSize                              = 104857600                                 {product} {command line}
   size_t NewSize                                  = 34603008                                  {product} {ergonomic}
    uintx NonNMethodCodeHeapSize                   = 5832780                                {pd product} {ergonomic}
    uintx NonProfiledCodeHeapSize                  = 122912730                              {pd product} {ergonomic}
   size_t OldSize                                  = 70254592                                  {product} {ergonomic}
    uintx ProfiledCodeHeapSize                     = 122912730                              {pd product} {ergonomic}
    uintx ReservedCodeCacheSize                    = 251658240                              {pd product} {ergonomic}
     bool SegmentedCodeCache                       = true                                      {product} {ergonomic}
   size_t SoftMaxHeapSize                          = 1073741824                             {manageable} {ergonomic}
     bool UseCompressedClassPointers               = true                           {product lp64_product} {ergonomic}
     bool UseCompressedOops                        = true                           {product lp64_product} {ergonomic}
     bool UseLargePagesIndividualAllocation        = false                                  {pd product} {ergonomic}
     bool UseParallelGC                            = true                                      {product} {command line}

Logging:
Log output configuration:
 #0: stdout all=off uptime,level,tags
 #1: stderr all=off uptime,level,tags

Environment Variables:
JAVA_HOME=C:\Program Files\Java\jdk-21
PATH=C:\Program Files\Common Files\Oracle\Java\javapath;C:\Windows\system32;C:\Windows;C:\Windows\System32\Wbem;C:\Windows\System32\WindowsPowerShell\v1.0\;C:\Windows\System32\OpenSSH\;C:\Program Files\Git\cmd;C:\Users\Om\AppData\Local\Programs\Python\Python311\Scripts\;C:\Users\Om\AppData\Local\Programs\Python\Python311\;C:\Users\Om\AppData\Local\Microsoft\WindowsApps;;C:\Users\Om\AppData\Local\Programs\Microsoft VS Code\bin
USERNAME=Tejas
OS=Windows_NT
PROCESSOR_IDENTIFIER=Intel64 Family 6 Model 78 Stepping 3, GenuineIntel
TMP=C:\Users\Om\AppData\Local\Temp
TEMP=C:\Users\Om\AppData\Local\Temp



Periodic native trim disabled


---------------  S Y S T E M  ---------------

OS:
 Windows 10 , 64 bit Build 19041 (10.0.19041.3636)
OS uptime: 0 days 0:09 hours

CPU: total 4 (initial active 4) (2 cores per cpu, 2 threads per core) family 6 model 78 stepping 3 microcode 0xdc, cx8, cmov, fxsr, ht, mmx, 3dnowpref, sse, sse2, sse3, ssse3, sse4.1, sse4.2, popcnt, lzcnt, tsc, tscinvbit, avx, avx2, aes, erms, clmul, bmi1, bmi2, adx, fma, vzeroupper, clflush, clflushopt
Processor Information for all 4 processors :
  Max Mhz: 2401, Current Mhz: 2400, Mhz Limit: 2376

Memory: 4k page, system-wide physical 8082M (2726M free)
TotalPageFile size 9362M (AvailPageFile size 3483M)
current process WorkingSet (physical memory assigned to process): 225M, peak: 225M
current process commit charge ("private bytes"): 282M, peak: 292M

vm_info: OpenJDK 64-Bit Server VM (17.0.10+7) for windows-amd64 JRE (17.0.10+7), built on Jan 16 2024 23:25:11 by "admin" with MS VC++ 16.10 / 16.11 (VS2019)

END.
