#
# A fatal error has been detected by the Java Runtime Environment:
#
#  EXCEPTION_ACCESS_VIOLATION (0xc0000005) at pc=0x0000000000000000, pid=13192, tid=8100
#
# JRE version: OpenJDK Runtime Environment Temurin-17.0.10+7 (17.0.10+7) (build 17.0.10+7)
# Java VM: OpenJDK 64-Bit Server VM Temurin-17.0.10+7 (17.0.10+7, mixed mode, tiered, compressed oops, compressed class ptrs, parallel gc, windows-amd64)
# Problematic frame:
# j  java.lang.invoke.LambdaForm$MH+0x000000010021c400.invoke(Ljava/lang/Object;JLjava/lang/Object;J)J+28 java.base@17.0.10
#
# No core dump will be written. Minidumps are not enabled by default on client versions of Windows
#
# If you would like to submit a bug report, please visit:
#   https://github.com/adoptium/adoptium-support/issues
#

---------------  S U M M A R Y ------------

Command Line: --add-modules=ALL-SYSTEM --add-opens=java.base/java.util=ALL-UNNAMED --add-opens=java.base/java.lang=ALL-UNNAMED --add-opens=java.base/sun.nio.fs=ALL-UNNAMED -Declipse.application=org.eclipse.jdt.ls.core.id1 -Dosgi.bundles.defaultStartLevel=4 -Declipse.product=org.eclipse.jdt.ls.core.product -Djava.import.generatesMetadataFilesAtProjectRoot=false -DDetectVMInstallationsJob.disabled=true -Dfile.encoding=utf8 -XX:+UseParallelGC -XX:GCTimeRatio=4 -XX:AdaptiveSizePolicyWeight=90 -Dsun.zip.disableMemoryMapping=true -Xmx1G -Xms100m -Xlog:disable -javaagent:c:\Users\Om\.vscode\extensions\redhat.java-1.28.1-win32-x64\lombok\lombok-1.18.31.jar -XX:+HeapDumpOnOutOfMemoryError -XX:HeapDumpPath=c:\Users\Om\AppData\Roaming\Code\User\workspaceStorage\db1c570fc97ed4cf375733a2d8d2d0eb\redhat.java -Daether.dependencyCollector.impl=bf c:\Users\Om\.vscode\extensions\redhat.java-1.28.1-win32-x64\server\plugins\org.eclipse.equinox.launcher_1.6.700.v20231214-2017.jar -configuration c:\Users\Om\AppData\Roaming\Code\User\globalStorage\redhat.java\1.28.1\config_win -data c:\Users\Om\AppData\Roaming\Code\User\workspaceStorage\db1c570fc97ed4cf375733a2d8d2d0eb\redhat.java\jdt_ws --stdio

Host: Intel(R) Core(TM) i5-6200U CPU @ 2.30GHz, 4 cores, 7G,  Windows 10 , 64 bit Build 19041 (10.0.19041.3636)
Time: Sun Mar  3 11:00:55 2024 India Standard Time elapsed time: 24.171874 seconds (0d 0h 0m 24s)

---------------  T H R E A D  ---------------

Current thread (0x000001d3669c4540):  JavaThread "Start Level: Equinox Container: c823915c-27a8-46b9-995c-6c5dd0b78cd6" daemon [_thread_in_Java, id=8100, stack(0x0000008c6c300000,0x0000008c6c400000)]

Stack: [0x0000008c6c300000,0x0000008c6c400000],  sp=0x0000008c6c3fcb60,  free space=1010k
Native frames: (J=compiled Java code, j=interpreted, Vv=VM code, C=native code)


siginfo: EXCEPTION_ACCESS_VIOLATION (0xc0000005), data execution prevention violation at address 0x0000000000000000


Registers:
RAX=0x0000000000000000, RBX=0x000001d3622d4220, RCX=0x00000000eb62a050, RDX=0x0000000000000007
RSP=0x0000008c6c3fcb58, RBP=0x0000008c6c3fcbe0, RSI=0x000001d3623c01a0, RDI=0x00000001000407c0
R8 =0x0000000000000009, R9 =0x0000000000000009, R10=0x00007ffdd65260a0, R11=0x000001d362fc8bf0
R12=0x0000000000000000, R13=0x0000008c6c3fcb60, R14=0x0000008c6c3fcc28, R15=0x000001d3669c4540
RIP=0x0000000000000000, EFLAGS=0x0000000000010202


Register to memory mapping:

RIP=0x0 is NULL
RAX=0x0 is NULL
RBX=0x000001d3622d4220 is pointing into metadata
RCX=0x00000000eb62a050 is an oop: java.lang.invoke.DirectMethodHandle 
{0x00000000eb62a050} - klass: 'java/lang/invoke/DirectMethodHandle'
 - ---- fields (total size 4 words):
 - private 'customizationCount' 'B' @12  0
 - private volatile 'updateInProgress' 'Z' @13  false
 - private final 'type' 'Ljava/lang/invoke/MethodType;' @16  a 'java/lang/invoke/MethodType'{0x00000000eb629778} = (J[BJLjava/lang/String;)J (eb629778)
 - final 'form' 'Ljava/lang/invoke/LambdaForm;' @20  a 'java/lang/invoke/LambdaForm'{0x00000000eb629f00} => a 'java/lang/invoke/MemberName'{0x00000000eb629fe0} = 
[error occurred during error reporting (printing register info), id 0xc0000005, EXCEPTION_ACCESS_VIOLATION (0xc0000005) at pc=0x00000000000000ad]

Top of Stack: (sp=0x0000008c6c3fcb58)
0x0000008c6c3fcb58:   000001d3575195bb 00000000ebaf1378
0x0000008c6c3fcb68:   0000000000000000 0000000000000000
0x0000008c6c3fcb78:   00000000ebb11a40 000000000000001d
0x0000008c6c3fcb88:   0000000000000000 00000000eb62a050
0x0000008c6c3fcb98:   0000008c6c3fcb98 000001d3630a0ad4
0x0000008c6c3fcba8:   0000008c6c3fcc28 000001d3630a0bf0
0x0000008c6c3fcbb8:   0000000000000000 00000000eb62e338
0x0000008c6c3fcbc8:   000001d3630a0ae0 0000008c6c3fcb60
0x0000008c6c3fcbd8:   0000008c6c3fcc00 0000008c6c3fcc78
0x0000008c6c3fcbe8:   000001d3575195bb 00000000eb62a050
0x0000008c6c3fcbf8:   00000000ebaf1378 0000000000000000
0x0000008c6c3fcc08:   0000000000000000 00000000ebb11a40
0x0000008c6c3fcc18:   000000000000001d 0000000000000000
0x0000008c6c3fcc28:   00000000ebaf8208 0000008c6c3fcc30
0x0000008c6c3fcc38:   000001d36310f43d 0000008c6c3fcd28
0x0000008c6c3fcc48:   000001d36310f588 0000000000000000
0x0000008c6c3fcc58:   00000000ebb0e5a0 000001d36310f478
0x0000008c6c3fcc68:   0000008c6c3fcc00 0000008c6c3fcd10
0x0000008c6c3fcc78:   0000008c6c3fcd78 000001d357519645
0x0000008c6c3fcc88:   0000000000000000 0000000000000000
0x0000008c6c3fcc98:   0000000000000000 0000000000000000
0x0000008c6c3fcca8:   0000000000000000 0000000000000000
0x0000008c6c3fccb8:   00000000ebaf8208 00000000ebb11a40
0x0000008c6c3fccc8:   00000000c044aa60 000000000000001d
0x0000008c6c3fccd8:   0000000000000000 00000000c0447c30
0x0000008c6c3fcce8:   0000000000000002 0000000000000000
0x0000008c6c3fccf8:   00000000ebb04348 00000000ebaef0a8
0x0000008c6c3fcd08:   00000000c044a9b8 0000000000000000
0x0000008c6c3fcd18:   0000000000000000 00000000ebaef0a8
0x0000008c6c3fcd28:   00000000ebb0e6d0 0000008c6c3fcd30
0x0000008c6c3fcd38:   000001d36310fa5e 0000008c6c3fcda0
0x0000008c6c3fcd48:   000001d36310fb80 0000000000000000 

Instructions: (pc=0x000001d3575195bb)
0x000001d3575194bb:   41 0f b7 4d 01 48 8b 5d d0 c1 e1 02 8b 5c cb 38
0x000001d3575194cb:   81 e3 ff 00 00 00 48 8d 24 dc 41 0f b6 5d 02 49
0x000001d3575194db:   83 c5 02 49 ba 90 a1 52 d6 fd 7f 00 00 41 ff 24
0x000001d3575194eb:   da 48 8b 65 f0 48 c7 45 f0 00 00 00 00 4c 8b 6d
0x000001d3575194fb:   c0 4c 8b 75 c8 41 0f b7 4d 01 48 8b 5d d0 c1 e1
0x000001d35751950b:   02 8b 5c cb 38 81 e3 ff 00 00 00 48 8d 24 dc 41
0x000001d35751951b:   0f b6 5d 03 49 83 c5 03 49 ba 90 a9 52 d6 fd 7f
0x000001d35751952b:   00 00 41 ff 24 da 48 8b 65 f0 48 c7 45 f0 00 00
0x000001d35751953b:   00 00 4c 8b 6d c0 4c 8b 75 c8 41 0f b7 4d 01 48
0x000001d35751954b:   8b 5d d0 c1 e1 02 8b 5c cb 38 81 e3 ff 00 00 00
0x000001d35751955b:   48 8d 24 dc 41 0f b6 5d 03 49 83 c5 03 49 ba 90
0x000001d35751956b:   99 52 d6 fd 7f 00 00 41 ff 24 da 48 8b 65 f0 48
0x000001d35751957b:   c7 45 f0 00 00 00 00 4c 8b 6d c0 4c 8b 75 c8 41
0x000001d35751958b:   0f b7 4d 01 48 8b 5d d0 c1 e1 02 8b 5c cb 38 81
0x000001d35751959b:   e3 ff 00 00 00 48 8d 24 dc 41 0f b6 5d 03 49 83
0x000001d3575195ab:   c5 03 49 ba 90 91 52 d6 fd 7f 00 00 41 ff 24 da
0x000001d3575195bb:   48 8b 65 f0 48 c7 45 f0 00 00 00 00 4c 8b 6d c0
0x000001d3575195cb:   4c 8b 75 c8 41 0f b7 4d 01 48 8b 5d d0 c1 e1 02
0x000001d3575195db:   8b 5c cb 38 81 e3 ff 00 00 00 48 8d 24 dc 41 0f
0x000001d3575195eb:   b6 5d 03 49 83 c5 03 49 ba 90 89 52 d6 fd 7f 00
0x000001d3575195fb:   00 41 ff 24 da 48 8b 65 f0 48 c7 45 f0 00 00 00
0x000001d35751960b:   00 4c 8b 6d c0 4c 8b 75 c8 41 0f b7 4d 01 48 8b
0x000001d35751961b:   5d d0 c1 e1 02 8b 5c cb 38 81 e3 ff 00 00 00 48
0x000001d35751962b:   8d 24 dc 41 0f b6 5d 03 49 83 c5 03 49 ba 90 81
0x000001d35751963b:   52 d6 fd 7f 00 00 41 ff 24 da 48 8b 65 f0 48 c7
0x000001d35751964b:   45 f0 00 00 00 00 4c 8b 6d c0 4c 8b 75 c8 48 8b
0x000001d35751965b:   5d d8 48 85 db 0f 84 7e 00 00 00 41 80 7d 00 ba
0x000001d35751966b:   0f 84 1b 00 00 00 41 80 7d 00 e9 0f 84 10 00 00
0x000001d35751967b:   00 48 8b 4d e8 66 81 79 30 5b 01 0f 85 58 00 00
0x000001d35751968b:   00 48 8b c8 48 85 c9 75 07 48 83 4b f8 01 eb 49
0x000001d35751969b:   8b 49 08 48 c1 e1 03 48 33 4b f8 48 f7 c1 fc ff
0x000001d3575196ab:   ff ff 74 35 48 f7 c1 02 00 00 00 75 2c 48 81 7b 


Stack slot to memory mapping:
stack at sp + 0 slots: 0x00000000ebaf1378 is an oop: java.lang.String 
{0x00000000ebaf1378} - klass: 'java/lang/String'
 - string: "."
stack at sp + 1 slots: 0x0 is NULL
stack at sp + 2 slots: 0x0 is NULL
stack at sp + 3 slots: 0x00000000ebb11a40 is an oop: [B 
{0x00000000ebb11a40} - klass: {type array byte}
 - length: 29
stack at sp + 4 slots: 0x000000000000001d is an unknown value
stack at sp + 5 slots: 0x0 is NULL
stack at sp + 6 slots: 0x00000000eb62a050 is an oop: java.lang.invoke.DirectMethodHandle 
{0x00000000eb62a050} - klass: 'java/lang/invoke/DirectMethodHandle'
 - ---- fields (total size 4 words):
 - private 'customizationCount' 'B' @12  0
 - private volatile 'updateInProgress' 'Z' @13  false
 - private final 'type' 'Ljava/lang/invoke/MethodType;' @16  a 'java/lang/invoke/MethodType'{0x00000000eb629778} = (J[BJLjava/lang/String;)J (eb629778)
 - final 'form' 'Ljava/lang/invoke/LambdaForm;' @20  a 'java/lang/invoke/LambdaForm'{0x00000000eb629f00} => a 'java/lang/invoke/MemberName'{0x00000000eb629fe0} = 
[error occurred during error reporting (inspecting top of stack), id 0xc0000005, EXCEPTION_ACCESS_VIOLATION (0xc0000005) at pc=0x00000000000000ad]


---------------  P R O C E S S  ---------------

Threads class SMR info:
_java_thread_list=0x000001d3668c5430, length=18, elements={
0x000001d34d33f890, 0x000001d34d3f9a00, 0x000001d361187930, 0x000001d36119a770,
0x000001d3611b5990, 0x000001d3611b75d0, 0x000001d3611b80a0, 0x000001d3611bacb0,
0x000001d3611d8dd0, 0x000001d3611dbaa0, 0x000001d3663f5030, 0x000001d366622a90,
0x000001d366c1d0a0, 0x000001d36699e900, 0x000001d3669c4540, 0x000001d366690cf0,
0x000001d366414550, 0x000001d366f1e9b0
}

Java Threads: ( => current thread )
  0x000001d34d33f890 JavaThread "main" [_thread_blocked, id=9800, stack(0x0000008c6ae00000,0x0000008c6af00000)]
  0x000001d34d3f9a00 JavaThread "Reference Handler" daemon [_thread_blocked, id=2340, stack(0x0000008c6b100000,0x0000008c6b200000)]
  0x000001d361187930 JavaThread "Finalizer" daemon [_thread_blocked, id=1304, stack(0x0000008c6b200000,0x0000008c6b300000)]
  0x000001d36119a770 JavaThread "Signal Dispatcher" daemon [_thread_blocked, id=3528, stack(0x0000008c6b300000,0x0000008c6b400000)]
  0x000001d3611b5990 JavaThread "Attach Listener" daemon [_thread_blocked, id=11192, stack(0x0000008c6b400000,0x0000008c6b500000)]
  0x000001d3611b75d0 JavaThread "Service Thread" daemon [_thread_blocked, id=7528, stack(0x0000008c6b500000,0x0000008c6b600000)]
  0x000001d3611b80a0 JavaThread "Monitor Deflation Thread" daemon [_thread_blocked, id=3104, stack(0x0000008c6b600000,0x0000008c6b700000)]
  0x000001d3611bacb0 JavaThread "C2 CompilerThread0" daemon [_thread_blocked, id=10348, stack(0x0000008c6b700000,0x0000008c6b800000)]
  0x000001d3611d8dd0 JavaThread "C1 CompilerThread0" daemon [_thread_blocked, id=7988, stack(0x0000008c6b800000,0x0000008c6b900000)]
  0x000001d3611dbaa0 JavaThread "Sweeper thread" daemon [_thread_blocked, id=7576, stack(0x0000008c6b900000,0x0000008c6ba00000)]
  0x000001d3663f5030 JavaThread "Common-Cleaner" daemon [_thread_blocked, id=1268, stack(0x0000008c6ba00000,0x0000008c6bb00000)]
  0x000001d366622a90 JavaThread "Notification Thread" daemon [_thread_blocked, id=13036, stack(0x0000008c6bb00000,0x0000008c6bc00000)]
  0x000001d366c1d0a0 JavaThread "Active Thread: Equinox Container: c823915c-27a8-46b9-995c-6c5dd0b78cd6" [_thread_blocked, id=3328, stack(0x0000008c6c100000,0x0000008c6c200000)]
  0x000001d36699e900 JavaThread "Framework Event Dispatcher: Equinox Container: c823915c-27a8-46b9-995c-6c5dd0b78cd6" daemon [_thread_blocked, id=10008, stack(0x0000008c6c200000,0x0000008c6c300000)]
=>0x000001d3669c4540 JavaThread "Start Level: Equinox Container: c823915c-27a8-46b9-995c-6c5dd0b78cd6" daemon [_thread_in_Java, id=8100, stack(0x0000008c6c300000,0x0000008c6c400000)]
  0x000001d366690cf0 JavaThread "Bundle File Closer" daemon [_thread_blocked, id=9756, stack(0x0000008c6c400000,0x0000008c6c500000)]
  0x000001d366414550 JavaThread "SCR Component Actor" daemon [_thread_blocked, id=3448, stack(0x0000008c6c000000,0x0000008c6c100000)]
  0x000001d366f1e9b0 JavaThread "SCR Component Registry" daemon [_thread_blocked, id=12968, stack(0x0000008c6c500000,0x0000008c6c600000)]

Other Threads:
  0x000001d34d3f7b20 VMThread "VM Thread" [stack: 0x0000008c6b000000,0x0000008c6b100000] [id=7232]
  0x000001d366622f70 WatcherThread [stack: 0x0000008c6bc00000,0x0000008c6bd00000] [id=13128]
  0x000001d34d356870 GCTaskThread "GC Thread#0" [stack: 0x0000008c6af00000,0x0000008c6b000000] [id=13164]
  0x000001d366db4ec0 GCTaskThread "GC Thread#1" [stack: 0x0000008c6bd00000,0x0000008c6be00000] [id=11016]
  0x000001d366c55e40 GCTaskThread "GC Thread#2" [stack: 0x0000008c6be00000,0x0000008c6bf00000] [id=9832]
  0x000001d366c56100 GCTaskThread "GC Thread#3" [stack: 0x0000008c6bf00000,0x0000008c6c000000] [id=4404]

Threads with active compile tasks:

VM state: not at safepoint (normal execution)

VM Mutex/Monitor currently owned by a thread: None

Heap address: 0x00000000c0000000, size: 1024 MB, Compressed Oops mode: 32-bit

CDS archive(s) not mapped
Compressed class space mapped at: 0x0000000100000000-0x0000000140000000, reserved size: 1073741824
Narrow klass base: 0x0000000000000000, Narrow klass shift: 3, Narrow klass range: 0x140000000

GC Precious Log:
 CPUs: 4 total, 4 available
 Memory: 8082M
 Large Page Support: Disabled
 NUMA Support: Disabled
 Compressed Oops: Enabled (32-bit)
 Alignments: Space 512K, Generation 512K, Heap 2M
 Heap Min Capacity: 100M
 Heap Initial Capacity: 100M
 Heap Max Capacity: 1G
 Pre-touch: Disabled
 Parallel Workers: 4

Heap:
 PSYoungGen      total 29696K, used 20737K [0x00000000eab00000, 0x00000000ecc00000, 0x0000000100000000)
  eden space 25600K, 65% used [0x00000000eab00000,0x00000000ebb46ba8,0x00000000ec400000)
  from space 4096K, 99% used [0x00000000ec400000,0x00000000ec7f9900,0x00000000ec800000)
  to   space 4096K, 0% used [0x00000000ec800000,0x00000000ec800000,0x00000000ecc00000)
 ParOldGen       total 68608K, used 5310K [0x00000000c0000000, 0x00000000c4300000, 0x00000000eab00000)
  object space 68608K, 7% used [0x00000000c0000000,0x00000000c052f9f0,0x00000000c4300000)
 Metaspace       used 19240K, committed 19648K, reserved 1114112K
  class space    used 1958K, committed 2112K, reserved 1048576K

Card table byte_map: [0x000001d34cd00000,0x000001d34cf10000] _byte_map_base: 0x000001d34c700000

Marking Bits: (ParMarkBitMap*) 0x00007ffdd651d7d0
 Begin Bits: [0x000001d35efe0000, 0x000001d35ffe0000)
 End Bits:   [0x000001d35ffe0000, 0x000001d360fe0000)

Polling page: 0x000001d34b340000

Metaspace:

Usage:
  Non-class:     16.88 MB used.
      Class:      1.91 MB used.
       Both:     18.79 MB used.

Virtual space:
  Non-class space:       64.00 MB reserved,      17.12 MB ( 27%) committed,  1 nodes.
      Class space:        1.00 GB reserved,       2.06 MB ( <1%) committed,  1 nodes.
             Both:        1.06 GB reserved,      19.19 MB (  2%) committed. 

Chunk freelists:
   Non-Class:  14.94 MB
       Class:  13.84 MB
        Both:  28.77 MB

MaxMetaspaceSize: unlimited
CompressedClassSpaceSize: 1.00 GB
Initial GC threshold: 21.00 MB
Current GC threshold: 21.00 MB
CDS: off
MetaspaceReclaimPolicy: balanced
 - commit_granule_bytes: 65536.
 - commit_granule_words: 8192.
 - virtual_space_node_default_size: 8388608.
 - enlarge_chunks_in_place: 1.
 - new_chunks_are_fully_committed: 0.
 - uncommit_free_chunks: 1.
 - use_allocation_guard: 0.
 - handle_deallocations: 1.


Internal statistics:

num_allocs_failed_limit: 0.
num_arena_births: 190.
num_arena_deaths: 0.
num_vsnodes_births: 2.
num_vsnodes_deaths: 0.
num_space_committed: 307.
num_space_uncommitted: 0.
num_chunks_returned_to_freelist: 0.
num_chunks_taken_from_freelist: 562.
num_chunk_merges: 0.
num_chunk_splits: 360.
num_chunks_enlarged: 256.
num_inconsistent_stats: 0.

CodeHeap 'non-profiled nmethods': size=120000Kb used=1076Kb max_used=1076Kb free=118923Kb
 bounds [0x000001d357ab0000, 0x000001d357d20000, 0x000001d35efe0000]
CodeHeap 'profiled nmethods': size=120000Kb used=5026Kb max_used=5026Kb free=114973Kb
 bounds [0x000001d34ffe0000, 0x000001d3504d0000, 0x000001d357510000]
CodeHeap 'non-nmethods': size=5760Kb used=1177Kb max_used=1209Kb free=4582Kb
 bounds [0x000001d357510000, 0x000001d357780000, 0x000001d357ab0000]
 total_blobs=2963 nmethods=2487 adapters=390
 compilation: enabled
              stopped_count=0, restarted_count=0
 full_count=0

Compilation events (20 events):
Event: 24.134 Thread 0x000001d3611bacb0 nmethod 2471 0x000001d357bb6c10 code [0x000001d357bb6ec0, 0x000001d357bb9920]
Event: 24.136 Thread 0x000001d3611bacb0 2478       4       java.util.Arrays::copyOf (40 bytes)
Event: 24.144 Thread 0x000001d3611bacb0 nmethod 2478 0x000001d357bbae10 code [0x000001d357bbafa0, 0x000001d357bbb4b8]
Event: 24.145 Thread 0x000001d3611d8dd0 2479   !   3       java.lang.invoke.MemberName::getFieldType (176 bytes)
Event: 24.147 Thread 0x000001d3611bacb0 2482       4       jdk.internal.org.objectweb.asm.SymbolTable::addConstantUtf8 (98 bytes)
Event: 24.147 Thread 0x000001d3611d8dd0 nmethod 2479 0x000001d3504c1e10 code [0x000001d3504c2140, 0x000001d3504c3618]
Event: 24.147 Thread 0x000001d3611d8dd0 2480       3       java.lang.invoke.InvokerBytecodeGenerator::storeInsnOpcode (98 bytes)
Event: 24.148 Thread 0x000001d3611d8dd0 nmethod 2480 0x000001d3504c3d10 code [0x000001d3504c3f80, 0x000001d3504c4958]
Event: 24.148 Thread 0x000001d3611d8dd0 2481       3       jdk.internal.org.objectweb.asm.Frame::pop (53 bytes)
Event: 24.149 Thread 0x000001d3611d8dd0 nmethod 2481 0x000001d3504c4c90 code [0x000001d3504c4ee0, 0x000001d3504c5658]
Event: 24.149 Thread 0x000001d3611d8dd0 2483       3       java.lang.invoke.MethodHandle::intrinsicName (4 bytes)
Event: 24.150 Thread 0x000001d3611d8dd0 nmethod 2483 0x000001d3504c5990 code [0x000001d3504c5b20, 0x000001d3504c5c38]
Event: 24.158 Thread 0x000001d3611d8dd0 2485       3       java.lang.invoke.LambdaFormBuffer::changeName (149 bytes)
Event: 24.159 Thread 0x000001d3611d8dd0 nmethod 2485 0x000001d3504c5d10 code [0x000001d3504c5ee0, 0x000001d3504c6388]
Event: 24.159 Thread 0x000001d3611d8dd0 2486       3       java.lang.invoke.LambdaForm$Name::internArguments (62 bytes)
Event: 24.159 Thread 0x000001d3611d8dd0 nmethod 2486 0x000001d3504c6510 code [0x000001d3504c66e0, 0x000001d3504c6d68]
Event: 24.160 Thread 0x000001d3611d8dd0 2487       3       java.lang.invoke.InvokerBytecodeGenerator::getInternalName (100 bytes)
Event: 24.161 Thread 0x000001d3611d8dd0 nmethod 2487 0x000001d3504c6f10 code [0x000001d3504c7120, 0x000001d3504c75f8]
Event: 24.162 Thread 0x000001d3611d8dd0 2488       3       java.util.Arrays::copyOfRange (90 bytes)
Event: 24.163 Thread 0x000001d3611d8dd0 nmethod 2488 0x000001d3504c7710 code [0x000001d3504c79c0, 0x000001d3504c8698]

GC Heap History (6 events):
Event: 3.861 GC heap before
{Heap before GC invocations=1 (full 0):
 PSYoungGen      total 29696K, used 25600K [0x00000000eab00000, 0x00000000ecc00000, 0x0000000100000000)
  eden space 25600K, 100% used [0x00000000eab00000,0x00000000ec400000,0x00000000ec400000)
  from space 4096K, 0% used [0x00000000ec800000,0x00000000ec800000,0x00000000ecc00000)
  to   space 4096K, 0% used [0x00000000ec400000,0x00000000ec400000,0x00000000ec800000)
 ParOldGen       total 68608K, used 0K [0x00000000c0000000, 0x00000000c4300000, 0x00000000eab00000)
  object space 68608K, 0% used [0x00000000c0000000,0x00000000c0000000,0x00000000c4300000)
 Metaspace       used 11017K, committed 11200K, reserved 1114112K
  class space    used 1098K, committed 1216K, reserved 1048576K
}
Event: 3.873 GC heap after
{Heap after GC invocations=1 (full 0):
 PSYoungGen      total 29696K, used 3214K [0x00000000eab00000, 0x00000000ecc00000, 0x0000000100000000)
  eden space 25600K, 0% used [0x00000000eab00000,0x00000000eab00000,0x00000000ec400000)
  from space 4096K, 78% used [0x00000000ec400000,0x00000000ec723b88,0x00000000ec800000)
  to   space 4096K, 0% used [0x00000000ec800000,0x00000000ec800000,0x00000000ecc00000)
 ParOldGen       total 68608K, used 8K [0x00000000c0000000, 0x00000000c4300000, 0x00000000eab00000)
  object space 68608K, 0% used [0x00000000c0000000,0x00000000c0002000,0x00000000c4300000)
 Metaspace       used 11017K, committed 11200K, reserved 1114112K
  class space    used 1098K, committed 1216K, reserved 1048576K
}
Event: 9.802 GC heap before
{Heap before GC invocations=2 (full 0):
 PSYoungGen      total 29696K, used 28814K [0x00000000eab00000, 0x00000000ecc00000, 0x0000000100000000)
  eden space 25600K, 100% used [0x00000000eab00000,0x00000000ec400000,0x00000000ec400000)
  from space 4096K, 78% used [0x00000000ec400000,0x00000000ec723b88,0x00000000ec800000)
  to   space 4096K, 0% used [0x00000000ec800000,0x00000000ec800000,0x00000000ecc00000)
 ParOldGen       total 68608K, used 8K [0x00000000c0000000, 0x00000000c4300000, 0x00000000eab00000)
  object space 68608K, 0% used [0x00000000c0000000,0x00000000c0002000,0x00000000c4300000)
 Metaspace       used 14662K, committed 14912K, reserved 1114112K
  class space    used 1468K, committed 1600K, reserved 1048576K
}
Event: 9.810 GC heap after
{Heap after GC invocations=2 (full 0):
 PSYoungGen      total 29696K, used 4083K [0x00000000eab00000, 0x00000000ecc00000, 0x0000000100000000)
  eden space 25600K, 0% used [0x00000000eab00000,0x00000000eab00000,0x00000000ec400000)
  from space 4096K, 99% used [0x00000000ec800000,0x00000000ecbfce00,0x00000000ecc00000)
  to   space 4096K, 0% used [0x00000000ec400000,0x00000000ec400000,0x00000000ec800000)
 ParOldGen       total 68608K, used 1512K [0x00000000c0000000, 0x00000000c4300000, 0x00000000eab00000)
  object space 68608K, 2% used [0x00000000c0000000,0x00000000c017a360,0x00000000c4300000)
 Metaspace       used 14662K, committed 14912K, reserved 1114112K
  class space    used 1468K, committed 1600K, reserved 1048576K
}
Event: 23.225 GC heap before
{Heap before GC invocations=3 (full 0):
 PSYoungGen      total 29696K, used 29683K [0x00000000eab00000, 0x00000000ecc00000, 0x0000000100000000)
  eden space 25600K, 100% used [0x00000000eab00000,0x00000000ec400000,0x00000000ec400000)
  from space 4096K, 99% used [0x00000000ec800000,0x00000000ecbfce00,0x00000000ecc00000)
  to   space 4096K, 0% used [0x00000000ec400000,0x00000000ec400000,0x00000000ec800000)
 ParOldGen       total 68608K, used 1512K [0x00000000c0000000, 0x00000000c4300000, 0x00000000eab00000)
  object space 68608K, 2% used [0x00000000c0000000,0x00000000c017a360,0x00000000c4300000)
 Metaspace       used 16361K, committed 16576K, reserved 1114112K
  class space    used 1647K, committed 1728K, reserved 1048576K
}
Event: 23.234 GC heap after
{Heap after GC invocations=3 (full 0):
 PSYoungGen      total 29696K, used 4070K [0x00000000eab00000, 0x00000000ecc00000, 0x0000000100000000)
  eden space 25600K, 0% used [0x00000000eab00000,0x00000000eab00000,0x00000000ec400000)
  from space 4096K, 99% used [0x00000000ec400000,0x00000000ec7f9900,0x00000000ec800000)
  to   space 4096K, 0% used [0x00000000ec800000,0x00000000ec800000,0x00000000ecc00000)
 ParOldGen       total 68608K, used 5310K [0x00000000c0000000, 0x00000000c4300000, 0x00000000eab00000)
  object space 68608K, 7% used [0x00000000c0000000,0x00000000c052f9f0,0x00000000c4300000)
 Metaspace       used 16361K, committed 16576K, reserved 1114112K
  class space    used 1647K, committed 1728K, reserved 1048576K
}

Dll operation events (9 events):
Event: 0.015 Loaded shared library c:\Users\Om\.vscode\extensions\redhat.java-1.28.1-win32-x64\jre\17.0.10-win32-x86_64\bin\java.dll
Event: 1.266 Loaded shared library c:\Users\Om\.vscode\extensions\redhat.java-1.28.1-win32-x64\jre\17.0.10-win32-x86_64\bin\zip.dll
Event: 1.275 Loaded shared library C:\Users\Om\.vscode\extensions\redhat.java-1.28.1-win32-x64\jre\17.0.10-win32-x86_64\bin\instrument.dll
Event: 1.316 Loaded shared library C:\Users\Om\.vscode\extensions\redhat.java-1.28.1-win32-x64\jre\17.0.10-win32-x86_64\bin\net.dll
Event: 1.361 Loaded shared library C:\Users\Om\.vscode\extensions\redhat.java-1.28.1-win32-x64\jre\17.0.10-win32-x86_64\bin\nio.dll
Event: 1.389 Loaded shared library C:\Users\Om\.vscode\extensions\redhat.java-1.28.1-win32-x64\jre\17.0.10-win32-x86_64\bin\zip.dll
Event: 1.557 Loaded shared library C:\Users\Om\.vscode\extensions\redhat.java-1.28.1-win32-x64\jre\17.0.10-win32-x86_64\bin\jimage.dll
Event: 1.878 Loaded shared library c:\Users\Om\.vscode\extensions\redhat.java-1.28.1-win32-x64\jre\17.0.10-win32-x86_64\bin\verify.dll
Event: 9.649 Loaded shared library C:\Users\Om\AppData\Roaming\Code\User\globalStorage\redhat.java\1.28.1\config_win\org.eclipse.equinox.launcher\org.eclipse.equinox.launcher.win32.win32.x86_64_1.2.900.v20240129-1338\eclipse_11900.dll

Deoptimization events (20 events):
Event: 23.486 Thread 0x000001d3669c4540 Uncommon trap: trap_request=0xffffffde fr.pc=0x000001d357b68428 relative=0x0000000000000368
Event: 23.486 Thread 0x000001d3669c4540 Uncommon trap: reason=class_check action=maybe_recompile pc=0x000001d357b68428 method=java.io.DataInputStream.readUnsignedShort()I @ 6 c2
Event: 23.486 Thread 0x000001d3669c4540 DEOPT PACKING pc=0x000001d357b68428 sp=0x0000008c6c3fb930
Event: 23.486 Thread 0x000001d3669c4540 DEOPT UNPACKING pc=0x000001d3575666a3 sp=0x0000008c6c3fb8e8 mode 2
Event: 23.486 Thread 0x000001d3669c4540 Uncommon trap: trap_request=0xffffffde fr.pc=0x000001d357b68428 relative=0x0000000000000368
Event: 23.486 Thread 0x000001d3669c4540 Uncommon trap: reason=class_check action=maybe_recompile pc=0x000001d357b68428 method=java.io.DataInputStream.readUnsignedShort()I @ 6 c2
Event: 23.486 Thread 0x000001d3669c4540 DEOPT PACKING pc=0x000001d357b68428 sp=0x0000008c6c3fb930
Event: 23.486 Thread 0x000001d3669c4540 DEOPT UNPACKING pc=0x000001d3575666a3 sp=0x0000008c6c3fb8e8 mode 2
Event: 23.486 Thread 0x000001d3669c4540 Uncommon trap: trap_request=0xffffffde fr.pc=0x000001d357b68428 relative=0x0000000000000368
Event: 23.486 Thread 0x000001d3669c4540 Uncommon trap: reason=class_check action=maybe_recompile pc=0x000001d357b68428 method=java.io.DataInputStream.readUnsignedShort()I @ 6 c2
Event: 23.486 Thread 0x000001d3669c4540 DEOPT PACKING pc=0x000001d357b68428 sp=0x0000008c6c3fb930
Event: 23.486 Thread 0x000001d3669c4540 DEOPT UNPACKING pc=0x000001d3575666a3 sp=0x0000008c6c3fb8e8 mode 2
Event: 23.486 Thread 0x000001d3669c4540 Uncommon trap: trap_request=0xffffffde fr.pc=0x000001d357b68428 relative=0x0000000000000368
Event: 23.486 Thread 0x000001d3669c4540 Uncommon trap: reason=class_check action=maybe_recompile pc=0x000001d357b68428 method=java.io.DataInputStream.readUnsignedShort()I @ 6 c2
Event: 23.486 Thread 0x000001d3669c4540 DEOPT PACKING pc=0x000001d357b68428 sp=0x0000008c6c3fb930
Event: 23.486 Thread 0x000001d3669c4540 DEOPT UNPACKING pc=0x000001d3575666a3 sp=0x0000008c6c3fb8e8 mode 2
Event: 24.004 Thread 0x000001d3669c4540 Uncommon trap: trap_request=0xffffffcc fr.pc=0x000001d357bb6114 relative=0x00000000000001f4
Event: 24.004 Thread 0x000001d3669c4540 Uncommon trap: reason=intrinsic_or_type_checked_inlining action=make_not_entrant pc=0x000001d357bb6114 method=java.util.Arrays.copyOf([Ljava/lang/Object;ILjava/lang/Class;)[Ljava/lang/Object; @ 35 c2
Event: 24.004 Thread 0x000001d3669c4540 DEOPT PACKING pc=0x000001d357bb6114 sp=0x0000008c6c3fe2d0
Event: 24.004 Thread 0x000001d3669c4540 DEOPT UNPACKING pc=0x000001d3575666a3 sp=0x0000008c6c3fe260 mode 2

Classes unloaded (0 events):
No events

Classes redefined (0 events):
No events

Internal exceptions (20 events):
Event: 3.709 Thread 0x000001d34d33f890 Implicit null exception at 0x000001d357af7b0e to 0x000001d357af7d5c
Event: 3.709 Thread 0x000001d34d33f890 Implicit null exception at 0x000001d357af658f to 0x000001d357af6609
Event: 3.803 Thread 0x000001d34d33f890 Exception <a 'java/lang/NoSuchMethodError'{0x00000000ec3a5c88}: 'int java.lang.invoke.DirectMethodHandle$Holder.invokeStaticInit(java.lang.Object, java.lang.Object, java.lang.Object, java.lang.Object)'> (0x00000000ec3a5c88) 
thrown [s\src\hotspot\share\interpreter\linkResolver.cpp, line 759]
Event: 3.805 Thread 0x000001d34d33f890 Exception <a 'java/lang/NoSuchMethodError'{0x00000000ec3b02f8}: 'java.lang.Object java.lang.invoke.DirectMethodHandle$Holder.invokeInterface(java.lang.Object, java.lang.Object)'> (0x00000000ec3b02f8) 
thrown [s\src\hotspot\share\interpreter\linkResolver.cpp, line 759]
Event: 3.806 Thread 0x000001d34d33f890 Exception <a 'java/lang/IncompatibleClassChangeError'{0x00000000ec3b3af0}: Found class java.lang.Object, but interface was expected> (0x00000000ec3b3af0) 
thrown [s\src\hotspot\share\interpreter\linkResolver.cpp, line 826]
Event: 3.806 Thread 0x000001d34d33f890 Exception <a 'java/lang/NoSuchMethodError'{0x00000000ec3b7fe0}: 'void java.lang.invoke.DirectMethodHandle$Holder.invokeStatic(java.lang.Object, java.lang.Object)'> (0x00000000ec3b7fe0) 
thrown [s\src\hotspot\share\interpreter\linkResolver.cpp, line 759]
Event: 3.808 Thread 0x000001d34d33f890 Exception <a 'java/lang/NoSuchMethodError'{0x00000000ec3bb7e0}: 'void java.lang.invoke.DirectMethodHandle$Holder.invokeStaticInit(java.lang.Object, java.lang.Object)'> (0x00000000ec3bb7e0) 
thrown [s\src\hotspot\share\interpreter\linkResolver.cpp, line 759]
Event: 3.813 Thread 0x000001d34d33f890 Exception <a 'java/lang/NoSuchMethodError'{0x00000000ec3c2dd0}: 'int java.lang.invoke.DirectMethodHandle$Holder.invokeStaticInit(java.lang.Object, java.lang.Object)'> (0x00000000ec3c2dd0) 
thrown [s\src\hotspot\share\interpreter\linkResolver.cpp, line 759]
Event: 4.083 Thread 0x000001d34d33f890 Exception <a 'java/lang/NoSuchMethodError'{0x00000000eac514c8}: 'void java.lang.invoke.DirectMethodHandle$Holder.invokeSpecial(java.lang.Object, java.lang.Object, java.lang.Object)'> (0x00000000eac514c8) 
thrown [s\src\hotspot\share\interpreter\linkResolver.cpp, line 759]
Event: 4.893 Thread 0x000001d34d33f890 Exception <a 'java/lang/NoSuchMethodError'{0x00000000eb9d4770}: 'java.lang.Object java.lang.invoke.DirectMethodHandle$Holder.newInvokeSpecial(java.lang.Object, int, java.lang.Object)'> (0x00000000eb9d4770) 
thrown [s\src\hotspot\share\interpreter\linkResolver.cpp, line 759]
Event: 9.646 Thread 0x000001d34d33f890 Exception <a 'java/lang/UnsatisfiedLinkError'{0x00000000ebf75bc8}: 'void org.eclipse.equinox.launcher.JNIBridge._update_splash()'> (0x00000000ebf75bc8) 
thrown [s\src\hotspot\share\prims\nativeLookup.cpp, line 543]
Event: 9.759 Thread 0x000001d3669c4540 Exception <a 'java/lang/NoSuchMethodError'{0x00000000ec2fb180}: 'java.lang.Object java.lang.invoke.DirectMethodHandle$Holder.invokeStaticInit(java.lang.Object)'> (0x00000000ec2fb180) 
thrown [s\src\hotspot\share\interpreter\linkResolver.cpp, line 759]
Event: 9.790 Thread 0x000001d3669c4540 Exception <a 'java/lang/NoSuchMethodError'{0x00000000ec3c3688}: 'java.lang.Object java.lang.invoke.DirectMethodHandle$Holder.newInvokeSpecial(java.lang.Object, java.lang.Object, int, java.lang.Object)'> (0x00000000ec3c3688) 
thrown [s\src\hotspot\share\interpreter\linkResolver.cpp, line 759]
Event: 9.792 Thread 0x000001d3669c4540 Exception <a 'java/lang/NoSuchMethodError'{0x00000000ec3c7970}: 'java.lang.Object java.lang.invoke.DirectMethodHandle$Holder.invokeSpecial(java.lang.Object, java.lang.Object, java.lang.Object, int, java.lang.Object)'> (0x00000000ec3c7970) 
thrown [s\src\hotspot\share\interpreter\linkResolver.cpp, line 759]
Event: 9.910 Thread 0x000001d3669c4540 Exception <a 'java/lang/ClassNotFoundException'{0x00000000ead88f80}: sun/util/logging/resources/spi/loggingProvider> (0x00000000ead88f80) 
thrown [s\src\hotspot\share\classfile\systemDictionary.cpp, line 256]
Event: 23.210 Thread 0x000001d3669c4540 Exception <a 'java/lang/NullPointerException'{0x00000000ec364858}> (0x00000000ec364858) 
thrown [s\src\hotspot\share\interpreter\linkResolver.cpp, line 1350]
Event: 23.210 Thread 0x000001d3669c4540 Exception <a 'java/lang/NullPointerException'{0x00000000ec364b30}> (0x00000000ec364b30) 
thrown [s\src\hotspot\share\interpreter\linkResolver.cpp, line 1350]
Event: 23.474 Thread 0x000001d3669c4540 Exception <a 'java/io/FileNotFoundException'{0x00000000eb617938}> (0x00000000eb617938) 
thrown [s\src\hotspot\share\prims\jni.cpp, line 516]
Event: 23.972 Thread 0x000001d3669c4540 Exception <a 'java/lang/NoSuchMethodError'{0x00000000eb9d11e0}: 'java.lang.Object java.lang.invoke.Invokers$Holder.invokeExact_MT(java.lang.Object, java.lang.Object, java.lang.Object, java.lang.Object, java.lang.Object, java.lang.Object)'> (0x00000000eb9d11e0) 
thrown [s\src\hotspot\share\interpreter\linkResolver.cpp, line 759]
Event: 24.164 Thread 0x000001d3669c4540 Exception <a 'java/lang/NoSuchMethodError'{0x00000000ebb0ea68}: 'java.lang.Object java.lang.invoke.Invokers$Holder.linkToTargetMethod(java.lang.Object, long, java.lang.Object)'> (0x00000000ebb0ea68) 
thrown [s\src\hotspot\share\interpreter\linkResolver.cpp, line 759]

VM Operations (20 events):
Event: 10.971 Executing VM operation: Cleanup
Event: 10.971 Executing VM operation: Cleanup done
Event: 12.971 Executing VM operation: Cleanup
Event: 12.971 Executing VM operation: Cleanup done
Event: 13.972 Executing VM operation: Cleanup
Event: 13.972 Executing VM operation: Cleanup done
Event: 17.973 Executing VM operation: Cleanup
Event: 17.974 Executing VM operation: Cleanup done
Event: 18.975 Executing VM operation: Cleanup
Event: 18.975 Executing VM operation: Cleanup done
Event: 19.975 Executing VM operation: Cleanup
Event: 19.975 Executing VM operation: Cleanup done
Event: 20.976 Executing VM operation: Cleanup
Event: 20.976 Executing VM operation: Cleanup done
Event: 22.978 Executing VM operation: Cleanup
Event: 22.978 Executing VM operation: Cleanup done
Event: 23.206 Executing VM operation: HandshakeAllThreads
Event: 23.206 Executing VM operation: HandshakeAllThreads done
Event: 23.225 Executing VM operation: ParallelGCFailedAllocation
Event: 23.234 Executing VM operation: ParallelGCFailedAllocation done

Events (20 events):
Event: 23.309 loading class java/util/TimerThread done
Event: 23.309 loading class java/util/Timer$ThreadReaper
Event: 23.309 loading class java/util/Timer$ThreadReaper done
Event: 23.309 Thread 0x000001d366f1e9b0 Thread added: 0x000001d366f1e9b0
Event: 23.324 loading class java/util/concurrent/locks/ReentrantLock$FairSync
Event: 23.324 loading class java/util/concurrent/locks/ReentrantLock$FairSync done
Event: 23.326 loading class java/util/Collections$ReverseComparator
Event: 23.326 loading class java/util/Collections$ReverseComparator done
Event: 23.371 loading class java/lang/CloneNotSupportedException
Event: 23.372 loading class java/lang/CloneNotSupportedException done
Event: 23.444 loading class java/util/TreeMap$Values
Event: 23.447 loading class java/util/TreeMap$Values done
Event: 23.447 loading class java/util/TreeMap$ValueIterator
Event: 23.447 loading class java/util/TreeMap$ValueIterator done
Event: 23.532 loading class java/lang/Process
Event: 23.532 loading class java/lang/Process done
Event: 23.992 loading class java/util/Comparators$NaturalOrderComparator
Event: 23.992 loading class java/util/Comparators$NaturalOrderComparator done
Event: 23.992 loading class java/util/Collections$ReverseComparator2
Event: 23.992 loading class java/util/Collections$ReverseComparator2 done


Dynamic libraries:
0x00007ff70ebf0000 - 0x00007ff70ebfe000 	c:\Users\Om\.vscode\extensions\redhat.java-1.28.1-win32-x64\jre\17.0.10-win32-x86_64\bin\java.exe
0x00007ffe6e210000 - 0x00007ffe6e408000 	C:\Windows\SYSTEM32\ntdll.dll
0x00007ffe6cbd0000 - 0x00007ffe6cc8d000 	C:\Windows\System32\KERNEL32.DLL
0x00007ffe6bf50000 - 0x00007ffe6c246000 	C:\Windows\System32\KERNELBASE.dll
0x00007ffe6bcb0000 - 0x00007ffe6bdb0000 	C:\Windows\System32\ucrtbase.dll
0x00007ffe55810000 - 0x00007ffe55827000 	c:\Users\Om\.vscode\extensions\redhat.java-1.28.1-win32-x64\jre\17.0.10-win32-x86_64\bin\jli.dll
0x00007ffe6cd10000 - 0x00007ffe6ceae000 	C:\Windows\System32\USER32.dll
0x00007ffe6b9f0000 - 0x00007ffe6ba12000 	C:\Windows\System32\win32u.dll
0x00007ffe6c250000 - 0x00007ffe6c27b000 	C:\Windows\System32\GDI32.dll
0x00007ffe6b8d0000 - 0x00007ffe6b9e7000 	C:\Windows\System32\gdi32full.dll
0x00007ffe6beb0000 - 0x00007ffe6bf4d000 	C:\Windows\System32\msvcp_win.dll
0x00007ffe5d960000 - 0x00007ffe5d97b000 	c:\Users\Om\.vscode\extensions\redhat.java-1.28.1-win32-x64\jre\17.0.10-win32-x86_64\bin\VCRUNTIME140.dll
0x00007ffe6ac40000 - 0x00007ffe6aeda000 	C:\Windows\WinSxS\amd64_microsoft.windows.common-controls_6595b64144ccf1df_6.0.19041.3636_none_60b6a03d71f818d5\COMCTL32.dll
0x00007ffe6c7e0000 - 0x00007ffe6c87e000 	C:\Windows\System32\msvcrt.dll
0x00007ffe6ceb0000 - 0x00007ffe6cee2000 	C:\Windows\System32\IMM32.DLL
0x00007ffe66060000 - 0x00007ffe6606c000 	c:\Users\Om\.vscode\extensions\redhat.java-1.28.1-win32-x64\jre\17.0.10-win32-x86_64\bin\vcruntime140_1.dll
0x00007ffe443f0000 - 0x00007ffe4447d000 	c:\Users\Om\.vscode\extensions\redhat.java-1.28.1-win32-x64\jre\17.0.10-win32-x86_64\bin\msvcp140.dll
0x00007ffdd5980000 - 0x00007ffdd65e2000 	c:\Users\Om\.vscode\extensions\redhat.java-1.28.1-win32-x64\jre\17.0.10-win32-x86_64\bin\server\jvm.dll
0x00007ffe6d330000 - 0x00007ffe6d3e3000 	C:\Windows\System32\ADVAPI32.dll
0x00007ffe6d160000 - 0x00007ffe6d1ff000 	C:\Windows\System32\sechost.dll
0x00007ffe6d030000 - 0x00007ffe6d156000 	C:\Windows\System32\RPCRT4.dll
0x00007ffe6bc80000 - 0x00007ffe6bca7000 	C:\Windows\System32\bcrypt.dll
0x00007ffe6b730000 - 0x00007ffe6b77b000 	C:\Windows\SYSTEM32\POWRPROF.dll
0x00007ffe5a510000 - 0x00007ffe5a519000 	C:\Windows\SYSTEM32\WSOCK32.dll
0x00007ffe6cef0000 - 0x00007ffe6cf5b000 	C:\Windows\System32\WS2_32.dll
0x00007ffe5c800000 - 0x00007ffe5c827000 	C:\Windows\SYSTEM32\WINMM.dll
0x00007ffe5cb50000 - 0x00007ffe5cb5a000 	C:\Windows\SYSTEM32\VERSION.dll
0x00007ffe6b710000 - 0x00007ffe6b722000 	C:\Windows\SYSTEM32\UMPDC.dll
0x00007ffe69aa0000 - 0x00007ffe69ab2000 	C:\Windows\SYSTEM32\kernel.appcore.dll
0x00007ffe641d0000 - 0x00007ffe641da000 	c:\Users\Om\.vscode\extensions\redhat.java-1.28.1-win32-x64\jre\17.0.10-win32-x86_64\bin\jimage.dll
0x00007ffe6b1e0000 - 0x00007ffe6b3c4000 	C:\Windows\SYSTEM32\DBGHELP.DLL
0x00007ffe6aff0000 - 0x00007ffe6b024000 	C:\Windows\SYSTEM32\dbgcore.DLL
0x00007ffe6bdb0000 - 0x00007ffe6be32000 	C:\Windows\System32\bcryptPrimitives.dll
0x00007ffe62f50000 - 0x00007ffe62f5e000 	c:\Users\Om\.vscode\extensions\redhat.java-1.28.1-win32-x64\jre\17.0.10-win32-x86_64\bin\instrument.dll
0x00007ffe4cd50000 - 0x00007ffe4cd75000 	c:\Users\Om\.vscode\extensions\redhat.java-1.28.1-win32-x64\jre\17.0.10-win32-x86_64\bin\java.dll
0x00007ffe4d070000 - 0x00007ffe4d088000 	c:\Users\Om\.vscode\extensions\redhat.java-1.28.1-win32-x64\jre\17.0.10-win32-x86_64\bin\zip.dll
0x00007ffe6da20000 - 0x00007ffe6e165000 	C:\Windows\System32\SHELL32.dll
0x00007ffe691b0000 - 0x00007ffe6994c000 	C:\Windows\SYSTEM32\windows.storage.dll
0x00007ffe6d6c0000 - 0x00007ffe6da14000 	C:\Windows\System32\combase.dll
0x00007ffe6aba0000 - 0x00007ffe6abce000 	C:\Windows\SYSTEM32\Wldp.dll
0x00007ffe6d530000 - 0x00007ffe6d5fd000 	C:\Windows\System32\OLEAUT32.dll
0x00007ffe6d3f0000 - 0x00007ffe6d49d000 	C:\Windows\System32\SHCORE.dll
0x00007ffe6d600000 - 0x00007ffe6d655000 	C:\Windows\System32\shlwapi.dll
0x00007ffe6b800000 - 0x00007ffe6b825000 	C:\Windows\SYSTEM32\profapi.dll
0x00007ffe4cb40000 - 0x00007ffe4cb59000 	C:\Users\Om\.vscode\extensions\redhat.java-1.28.1-win32-x64\jre\17.0.10-win32-x86_64\bin\net.dll
0x00007ffe5fbe0000 - 0x00007ffe5fcea000 	C:\Windows\SYSTEM32\WINHTTP.dll
0x00007ffe6a8b0000 - 0x00007ffe6a91a000 	C:\Windows\system32\mswsock.dll
0x00007ffe4c680000 - 0x00007ffe4c696000 	C:\Users\Om\.vscode\extensions\redhat.java-1.28.1-win32-x64\jre\17.0.10-win32-x86_64\bin\nio.dll
0x00007ffe60500000 - 0x00007ffe60510000 	c:\Users\Om\.vscode\extensions\redhat.java-1.28.1-win32-x64\jre\17.0.10-win32-x86_64\bin\verify.dll
0x00007ffe448c0000 - 0x00007ffe448fe000 	C:\Users\Om\AppData\Roaming\Code\User\globalStorage\redhat.java\1.28.1\config_win\org.eclipse.equinox.launcher\org.eclipse.equinox.launcher.win32.win32.x86_64_1.2.900.v20240129-1338\eclipse_11900.dll
0x00007ffe6d200000 - 0x00007ffe6d32b000 	C:\Windows\System32\ole32.dll

dbghelp: loaded successfully - version: 4.0.5 - missing functions: none
symbol engine: initialized successfully - sym options: 0x614 - pdb path: .;c:\Users\Om\.vscode\extensions\redhat.java-1.28.1-win32-x64\jre\17.0.10-win32-x86_64\bin;C:\Windows\SYSTEM32;C:\Windows\WinSxS\amd64_microsoft.windows.common-controls_6595b64144ccf1df_6.0.19041.3636_none_60b6a03d71f818d5;c:\Users\Om\.vscode\extensions\redhat.java-1.28.1-win32-x64\jre\17.0.10-win32-x86_64\bin\server;C:\Users\Om\AppData\Roaming\Code\User\globalStorage\redhat.java\1.28.1\config_win\org.eclipse.equinox.launcher\org.eclipse.equinox.launcher.win32.win32.x86_64_1.2.900.v20240129-1338

VM Arguments:
jvm_args: --add-modules=ALL-SYSTEM --add-opens=java.base/java.util=ALL-UNNAMED --add-opens=java.base/java.lang=ALL-UNNAMED --add-opens=java.base/sun.nio.fs=ALL-UNNAMED -Declipse.application=org.eclipse.jdt.ls.core.id1 -Dosgi.bundles.defaultStartLevel=4 -Declipse.product=org.eclipse.jdt.ls.core.product -Djava.import.generatesMetadataFilesAtProjectRoot=false -DDetectVMInstallationsJob.disabled=true -Dfile.encoding=utf8 -XX:+UseParallelGC -XX:GCTimeRatio=4 -XX:AdaptiveSizePolicyWeight=90 -Dsun.zip.disableMemoryMapping=true -Xmx1G -Xms100m -Xlog:disable -javaagent:c:\Users\Om\.vscode\extensions\redhat.java-1.28.1-win32-x64\lombok\lombok-1.18.31.jar -XX:+HeapDumpOnOutOfMemoryError -XX:HeapDumpPath=c:\Users\Om\AppData\Roaming\Code\User\workspaceStorage\db1c570fc97ed4cf375733a2d8d2d0eb\redhat.java -Daether.dependencyCollector.impl=bf 
java_command: c:\Users\Om\.vscode\extensions\redhat.java-1.28.1-win32-x64\server\plugins\org.eclipse.equinox.launcher_1.6.700.v20231214-2017.jar -configuration c:\Users\Om\AppData\Roaming\Code\User\globalStorage\redhat.java\1.28.1\config_win -data c:\Users\Om\AppData\Roaming\Code\User\workspaceStorage\db1c570fc97ed4cf375733a2d8d2d0eb\redhat.java\jdt_ws --stdio
java_class_path (initial): c:\Users\Om\.vscode\extensions\redhat.java-1.28.1-win32-x64\server\plugins\org.eclipse.equinox.launcher_1.6.700.v20231214-2017.jar
Launcher Type: SUN_STANDARD

[Global flags]
    uintx AdaptiveSizePolicyWeight                 = 90                                        {product} {command line}
     intx CICompilerCount                          = 3                                         {product} {ergonomic}
    uintx GCTimeRatio                              = 4                                         {product} {command line}
     bool HeapDumpOnOutOfMemoryError               = true                                   {manageable} {command line}
    ccstr HeapDumpPath                             = c:\Users\Om\AppData\Roaming\Code\User\workspaceStorage\db1c570fc97ed4cf375733a2d8d2d0eb\redhat.java         {manageable} {command line}
   size_t InitialHeapSize                          = 104857600                                 {product} {command line}
   size_t MaxHeapSize                              = 1073741824                                {product} {command line}
   size_t MaxNewSize                               = 357564416                                 {product} {ergonomic}
   size_t MinHeapDeltaBytes                        = 524288                                    {product} {ergonomic}
   size_t MinHeapSize                              = 104857600                                 {product} {command line}
   size_t NewSize                                  = 34603008                                  {product} {ergonomic}
    uintx NonNMethodCodeHeapSize                   = 5832780                                {pd product} {ergonomic}
    uintx NonProfiledCodeHeapSize                  = 122912730                              {pd product} {ergonomic}
   size_t OldSize                                  = 70254592                                  {product} {ergonomic}
    uintx ProfiledCodeHeapSize                     = 122912730                              {pd product} {ergonomic}
    uintx ReservedCodeCacheSize                    = 251658240                              {pd product} {ergonomic}
     bool SegmentedCodeCache                       = true                                      {product} {ergonomic}
   size_t SoftMaxHeapSize                          = 1073741824                             {manageable} {ergonomic}
     bool UseCompressedClassPointers               = true                           {product lp64_product} {ergonomic}
     bool UseCompressedOops                        = true                           {product lp64_product} {ergonomic}
     bool UseLargePagesIndividualAllocation        = false                                  {pd product} {ergonomic}
     bool UseParallelGC                            = true                                      {product} {command line}

Logging:
Log output configuration:
 #0: stdout all=off uptime,level,tags
 #1: stderr all=off uptime,level,tags

Environment Variables:
JAVA_HOME=C:\Program Files\Java\jdk-21
PATH=C:\Program Files\Common Files\Oracle\Java\javapath;C:\Windows\system32;C:\Windows;C:\Windows\System32\Wbem;C:\Windows\System32\WindowsPowerShell\v1.0\;C:\Windows\System32\OpenSSH\;C:\Program Files\Git\cmd;C:\Users\Om\AppData\Local\Programs\Python\Python311\Scripts\;C:\Users\Om\AppData\Local\Programs\Python\Python311\;C:\Users\Om\AppData\Local\Microsoft\WindowsApps;;C:\Users\Om\AppData\Local\Programs\Microsoft VS Code\bin
USERNAME=Tejas
OS=Windows_NT
PROCESSOR_IDENTIFIER=Intel64 Family 6 Model 78 Stepping 3, GenuineIntel
TMP=C:\Users\Om\AppData\Local\Temp
TEMP=C:\Users\Om\AppData\Local\Temp



Periodic native trim disabled


---------------  S Y S T E M  ---------------

OS:
 Windows 10 , 64 bit Build 19041 (10.0.19041.3636)
OS uptime: 0 days 0:09 hours

CPU: total 4 (initial active 4) (2 cores per cpu, 2 threads per core) family 6 model 78 stepping 3 microcode 0xdc, cx8, cmov, fxsr, ht, mmx, 3dnowpref, sse, sse2, sse3, ssse3, sse4.1, sse4.2, popcnt, lzcnt, tsc, tscinvbit, avx, avx2, aes, erms, clmul, bmi1, bmi2, adx, fma, vzeroupper, clflush, clflushopt
Processor Information for all 4 processors :
  Max Mhz: 2401, Current Mhz: 2400, Mhz Limit: 2376

Memory: 4k page, system-wide physical 8082M (2833M free)
TotalPageFile size 9362M (AvailPageFile size 3548M)
current process WorkingSet (physical memory assigned to process): 104M, peak: 105M
current process commit charge ("private bytes"): 202M, peak: 203M

vm_info: OpenJDK 64-Bit Server VM (17.0.10+7) for windows-amd64 JRE (17.0.10+7), built on Jan 16 2024 23:25:11 by "admin" with MS VC++ 16.10 / 16.11 (VS2019)

END.
