#
# A fatal error has been detected by the Java Runtime Environment:
#
#  EXCEPTION_ACCESS_VIOLATION (0xc0000005) at pc=0x0000021e9daf4174, pid=6896, tid=9592
#
# JRE version: OpenJDK Runtime Environment Temurin-17.0.10+7 (17.0.10+7) (build 17.0.10+7)
# Java VM: OpenJDK 64-Bit Server VM Temurin-17.0.10+7 (17.0.10+7, mixed mode, tiered, compressed oops, compressed class ptrs, parallel gc, windows-amd64)
# Problematic frame:
# J 2369 c1 org.eclipse.core.internal.preferences.DefaultPreferences.getScopeRelativePath(Ljava/lang/String;)Ljava/lang/String; (43 bytes) @ 0x0000021e9daf4174 [0x0000021e9daf3dc0+0x00000000000003b4]
#
# No core dump will be written. Minidumps are not enabled by default on client versions of Windows
#
# If you would like to submit a bug report, please visit:
#   https://github.com/adoptium/adoptium-support/issues
#

---------------  S U M M A R Y ------------

Command Line: --add-modules=ALL-SYSTEM --add-opens=java.base/java.util=ALL-UNNAMED --add-opens=java.base/java.lang=ALL-UNNAMED --add-opens=java.base/sun.nio.fs=ALL-UNNAMED -Declipse.application=org.eclipse.jdt.ls.core.id1 -Dosgi.bundles.defaultStartLevel=4 -Declipse.product=org.eclipse.jdt.ls.core.product -Djava.import.generatesMetadataFilesAtProjectRoot=false -DDetectVMInstallationsJob.disabled=true -Dfile.encoding=utf8 -XX:+UseParallelGC -XX:GCTimeRatio=4 -XX:AdaptiveSizePolicyWeight=90 -Dsun.zip.disableMemoryMapping=true -Xmx1G -Xms100m -Xlog:disable -javaagent:c:\Users\Om\.vscode\extensions\redhat.java-1.28.1-win32-x64\lombok\lombok-1.18.31.jar c:\Users\Om\.vscode\extensions\redhat.java-1.28.1-win32-x64\server\plugins\org.eclipse.equinox.launcher_1.6.700.v20231214-2017.jar -configuration c:\Users\Om\AppData\Roaming\Code\User\globalStorage\redhat.java\1.28.1\config_ss_win -data c:\Users\Om\AppData\Roaming\Code\User\workspaceStorage\42bdb4185651d2b693c19901c167aa87\redhat.java\ss_ws --stdio

Host: Intel(R) Core(TM) i5-6200U CPU @ 2.30GHz, 4 cores, 7G,  Windows 10 , 64 bit Build 19041 (10.0.19041.3636)
Time: Sun Mar 17 10:35:38 2024 India Standard Time elapsed time: 17.895234 seconds (0d 0h 0m 17s)

---------------  T H R E A D  ---------------

Current thread (0x0000021eb4557140):  JavaThread "Worker-0: Synchronizing projects" [_thread_in_Java, id=9592, stack(0x000000377f500000,0x000000377f600000)]

Stack: [0x000000377f500000,0x000000377f600000],  sp=0x000000377f5fdc50,  free space=1015k
Native frames: (J=compiled Java code, j=interpreted, Vv=VM code, C=native code)
C  0x0000021e9daf4174

The last pc belongs to nmethod (printed below).

siginfo: EXCEPTION_ACCESS_VIOLATION (0xc0000005), writing address 0x00000216af4568f8


Registers:
RAX=0x0000000000000008, RBX=0x0000000000000007, RCX=0x0000000000000000, RDX=0x00000000ebfa5678
RSP=0x000000377f5fdc50, RBP=0x000000377f5fdeb0, RSI=0x00000216af2567c8, RDI=0x00000000ebfa5651
R8 =0x0000000000000009, R9 =0x0000000000000022, R10=0x0000000000000000, R11=0x00000000ebfa5640
R12=0x0000000000000000, R13=0x0000021e9dae690c, R14=0x000000377f5fdc18, R15=0x0000021eb4557140
RIP=0x0000021e9daf4174, EFLAGS=0x0000000000010202


Register to memory mapping:

RIP=0x0000021e9daf4174 is at entry_point+948 in (nmethod*)0x0000021e9daf3b90
Compiled method (c1)   17931 2369       3       org.eclipse.core.internal.preferences.DefaultPreferences::getScopeRelativePath (43 bytes)
 total in heap  [0x0000021e9daf3b90,0x0000021e9daf47a8] = 3096
 relocation     [0x0000021e9daf3ce8,0x0000021e9daf3db8] = 208
 main code      [0x0000021e9daf3dc0,0x0000021e9daf44e0] = 1824
 stub code      [0x0000021e9daf44e0,0x0000021e9daf4548] = 104
 oops           [0x0000021e9daf4548,0x0000021e9daf4550] = 8
 metadata       [0x0000021e9daf4550,0x0000021e9daf4580] = 48
 scopes data    [0x0000021e9daf4580,0x0000021e9daf4658] = 216
 scopes pcs     [0x0000021e9daf4658,0x0000021e9daf4778] = 288
 dependencies   [0x0000021e9daf4778,0x0000021e9daf4788] = 16
 nul chk table  [0x0000021e9daf4788,0x0000021e9daf47a8] = 32
RAX=0x0000000000000008 is an unknown value
RBX=0x0000000000000007 is an unknown value
RCX=0x0 is NULL
RDX=0x00000000ebfa5678 is an oop: java.lang.String 
{0x00000000ebfa5678} - klass: 'java/lang/String'
 - string: "/default/org.eclipse.jdt.launching"
RSP=0x000000377f5fdc50 is pointing into the stack for thread: 0x0000021eb4557140
RBP=0x000000377f5fdeb0 is pointing into the stack for thread: 0x0000021eb4557140
RSI=0x00000216af2567c8 is an unknown value
RDI=0x00000000ebfa5651 points into unknown readable memory: 64 65 66 61 75 6c 74
R8 =0x0000000000000009 is an unknown value
R9 =0x0000000000000022 is an unknown value
R10=0x0 is NULL
R11=0x00000000ebfa5640 is an oop: [B 
{0x00000000ebfa5640} - klass: {type array byte}
 - length: 34
R12=0x0 is NULL
R13=0x0000021e9dae690c is at entry_point+1068 in (nmethod*)0x0000021e9dae6290
Compiled method (c1)   18070 2357   !   3       org.eclipse.core.internal.preferences.EclipsePreferences::internalPut (87 bytes)
 total in heap  [0x0000021e9dae6290,0x0000021e9dae7290] = 4096
 relocation     [0x0000021e9dae63e8,0x0000021e9dae64c8] = 224
 main code      [0x0000021e9dae64e0,0x0000021e9dae6cc0] = 2016
 stub code      [0x0000021e9dae6cc0,0x0000021e9dae6d68] = 168
 oops           [0x0000021e9dae6d68,0x0000021e9dae6d70] = 8
 metadata       [0x0000021e9dae6d70,0x0000021e9dae6d88] = 24
 scopes data    [0x0000021e9dae6d88,0x0000021e9dae6ee0] = 344
 scopes pcs     [0x0000021e9dae6ee0,0x0000021e9dae7070] = 400
 dependencies   [0x0000021e9dae7070,0x0000021e9dae7080] = 16
 handler table  [0x0000021e9dae7080,0x0000021e9dae7248] = 456
 nul chk table  [0x0000021e9dae7248,0x0000021e9dae7290] = 72
R14=0x000000377f5fdc18 is pointing into the stack for thread: 0x0000021eb4557140
R15=0x0000021eb4557140 is a thread


Top of Stack: (sp=0x000000377f5fdc50)
0x000000377f5fdc50:   000000377f5fdf20 00007ffb738b06af
0x000000377f5fdc60:   00000001001bd000 0000021eafe4aa60
0x000000377f5fdc70:   000000377f5fde50 00000000ebfad1c8
0x000000377f5fdc80:   00000000ebfa55a0 00000000eba67cc8
0x000000377f5fdc90:   000000377f5fdeb0 0000021e9daf7954
0x000000377f5fdca0:   00000000c03820c8 00000000eba67cc8
0x000000377f5fdcb0:   000000377f5fdd10 00000000ebfa5678
0x000000377f5fdcc0:   00000000ebfa55f0 0000000000000000
0x000000377f5fdcd0:   000000377f5fdeb0 0000021e9daf4bf4
0x000000377f5fdce0:   0000000000000005 00007ffb734b1c75
0x000000377f5fdcf0:   00000000ebfad1b0 0000021eb4557140
0x000000377f5fdd00:   00000001000407c0 0000021e9daf693c
0x000000377f5fdd10:   00007ffb73bddec0 0000021eb4557140
0x000000377f5fdd20:   00000000ebfa55a0 00000000eba67cc8
0x000000377f5fdd30:   00000000ebfad1c8 0000000000000000
0x000000377f5fdd40:   0000000000000005 00007ffb73a9e7a6
0x000000377f5fdd50:   000000377f5fde39 00007ffb733c63da
0x000000377f5fdd60:   000000377f5fdeb0 0000021e9daea654
0x000000377f5fdd70:   000000377f5fde01 0000021eb4557140
0x000000377f5fdd80:   00000000fffe7960 00007ffb73624e45
0x000000377f5fdd90:   0000021eb4557140 000000377f5fde30
0x000000377f5fdda0:   0000000000000000 0000000000000000
0x000000377f5fddb0:   000000377f5fde30 0000021ea4b994ec
0x000000377f5fddc0:   0000021ea4b994ec 0000000000000000
0x000000377f5fddd0:   00000000ebfad1b0 00000000ebfad1c8
0x000000377f5fdde0:   00000000ebfad1c8 00000000ebfad1c8
0x000000377f5fddf0:   00000000ebfa55a0 00000000eba67cc8
0x000000377f5fde00:   0000021eaf158938 0000000000000000
0x000000377f5fde10:   00000000c02e6db0 0000021eaf0f4980
0x000000377f5fde20:   0000000000000000 000000377f5fde50
0x000000377f5fde30:   000000377f5fdeb0 0000021ea4b994ec
0x000000377f5fde40:   00000000ebfad1b0 0000021ea4b994ec 

Instructions: (pc=0x0000021e9daf4174)
0x0000021e9daf4074:   8b d6 41 b8 2f 00 00 00 41 b9 01 00 00 00 0f 1f
0x0000021e9daf4084:   44 00 00 e8 f4 d5 0e 07 83 f8 ff 48 b9 40 f3 2e
0x0000021e9daf4094:   b0 1e 02 00 00 49 b8 a0 01 00 00 00 00 00 00 0f
0x0000021e9daf40a4:   84 0a 00 00 00 49 b8 b0 01 00 00 00 00 00 00 4e
0x0000021e9daf40b4:   8b 0c 01 4d 8d 49 01 4e 89 0c 01 0f 84 05 02 00
0x0000021e9daf40c4:   00 48 8b 54 24 68 4c 8b c0 41 ff c0 48 8b ca 49
0x0000021e9daf40d4:   b9 40 f3 2e b0 1e 02 00 00 49 83 81 c0 01 00 00
0x0000021e9daf40e4:   01 48 b9 40 69 25 af 1e 02 00 00 44 8b 89 cc 00
0x0000021e9daf40f4:   00 00 41 83 c1 02 44 89 89 cc 00 00 00 41 81 e1
0x0000021e9daf4104:   fe ff 1f 00 41 83 f9 00 0f 84 a7 02 00 00 8b 4a
0x0000021e9daf4114:   14 44 8b 49 0c 48 8b ca 48 be 40 69 25 af 1e 02
0x0000021e9daf4124:   00 00 48 83 86 10 01 00 00 01 48 b9 c8 67 25 af
0x0000021e9daf4134:   1e 02 00 00 8b b1 cc 00 00 00 83 c6 02 89 b1 cc
0x0000021e9daf4144:   00 00 00 81 e6 fe ff 1f 00 83 fe 00 0f 84 89 02
0x0000021e9daf4154:   00 00 48 b9 c8 67 25 af 1e 02 00 00 ff 81 20 01
0x0000021e9daf4164:   00 00 0f be 4a 10 48 be c8 67 25 af 16 02 00 00
0x0000021e9daf4174:   ff 86 30 01 20 00 c1 e1 18 c1 f9 18 49 8b f1 d3
0x0000021e9daf4184:   fe 44 3b c6 48 bf 40 f3 2e b0 1e 02 00 00 48 bb
0x0000021e9daf4194:   08 02 00 00 00 00 00 00 0f 8d 0a 00 00 00 48 bb
0x0000021e9daf41a4:   f8 01 00 00 00 00 00 00 48 8b 04 1f 48 8d 40 01
0x0000021e9daf41b4:   48 89 04 1f 0f 8d 0c 01 00 00 48 8b fa 48 bb 40
0x0000021e9daf41c4:   f3 2e b0 1e 02 00 00 48 83 83 18 02 00 00 01 48
0x0000021e9daf41d4:   bf 40 41 4c af 1e 02 00 00 8b 9f cc 00 00 00 83
0x0000021e9daf41e4:   c3 02 89 9f cc 00 00 00 81 e3 fe ff 1f 00 83 fb
0x0000021e9daf41f4:   00 0f 84 05 02 00 00 48 8b fa 48 bb 40 41 4c af
0x0000021e9daf4204:   1e 02 00 00 48 83 83 10 01 00 00 01 48 bf 40 69
0x0000021e9daf4214:   25 af 1e 02 00 00 8b 9f cc 00 00 00 83 c3 02 89
0x0000021e9daf4224:   9f cc 00 00 00 81 e3 fe ff 1f 00 83 fb 00 0f 84
0x0000021e9daf4234:   e9 01 00 00 48 8b fa 48 bb 40 69 25 af 1e 02 00
0x0000021e9daf4244:   00 48 83 83 10 01 00 00 01 48 bf c8 67 25 af 1e
0x0000021e9daf4254:   02 00 00 8b bf cc 00 00 00 83 c3 02 89 9f cc 00
0x0000021e9daf4264:   00 00 81 e3 fe ff 1f 00 83 fb 00 0f 84 cd 01 00 


Stack slot to memory mapping:
stack at sp + 0 slots: 0x000000377f5fdf20 is pointing into the stack for thread: 0x0000021eb4557140
stack at sp + 1 slots: 0x00007ffb738b06af jvm.dll
stack at sp + 2 slots: 0x00000001001bd000 is a pointer to class: 
org.eclipse.core.runtime.preferences.IEclipsePreferences {0x00000001001bd008}
 - instance size:     2
 - klass size:        63
 - access:            public interface abstract 
 - state:             linked
 - name:              'org/eclipse/core/runtime/preferences/IEclipsePreferences'
 - super:             'java/lang/Object'
 - sub:               
 - nof implementors:  1
 - implementor:    
   'org/eclipse/core/internal/preferences/EclipsePreferences'
 - arrays:            'org/eclipse/core/runtime/preferences/IEclipsePreferences'[]
 - methods:           Array<T>(0x0000021eafeaabe8)
 - method ordering:   Array<T>(0x0000021eaf000018)
 - default_methods:   Array<T>(0x0000000000000000)
 - local interfaces:  Array<T>(0x0000021eafeaabc8)
 - trans. interfaces: Array<T>(0x0000021eafeaabc8)
 - constants:         constant pool [38] {0x0000021eafeaaa10} for 'org/eclipse/core/runtime/preferences/IEclipsePreferences' cache=0x0000021eafeba368
 - class loader data:  loader data: 0x0000021eb3cbe270 for instance a 'org/eclipse/osgi/internal/loader/EquinoxClassLoader'{0x00000000c04f6d10}
 - source file:       'IEclipsePreferences.java'
 - class annotations:       Array<T>(0x0000000000000000)
 - class type annotations:  Array<T>(0x0000000000000000)
 - field annotations:       Array<T>(0x0000000000000000)
 - field type annotations:  Array<T>(0x0000000000000000)
 - inner classes:     Array<T>(0x0000021eafeaaff0)
 - nest members:     Array<T>(0x0000021eafeab020)
 - permitted subclasses:     Array<T>(0x0000021eaf000028)
 - java mirror:       a 'java/lang/Class'{0x00000000c05114a8} = 'org/eclipse/core/runtime/preferences/IEclipsePreferences'
 - vtable length      5  (start addr: 0x00000001001bd1c8)
 - itable length      0 (start addr: 0x00000001001bd1f0)
 - ---- static fields (0 words):
 - ---- non-static fields (0 words):
 - non-static oop maps: 
stack at sp + 3 slots: {method} {0x0000021eafe4aa68} 'putInt' '(Ljava/lang/String;I)V' in 'org/osgi/service/prefs/Preferences'
stack at sp + 4 slots: 0x000000377f5fde50 is pointing into the stack for thread: 0x0000021eb4557140
stack at sp + 5 slots: 0x00000000ebfad1c8 is an oop: java.lang.String 
{0x00000000ebfad1c8} - klass: 'java/lang/String'
 - string: "20000"
stack at sp + 6 slots: 0x00000000ebfa55a0 is an oop: org.eclipse.core.internal.preferences.DefaultPreferences 
{0x00000000ebfa55a0} - klass: 'org/eclipse/core/internal/preferences/DefaultPreferences'
 - ---- fields (total size 10 words):
 - protected 'dirty' 'Z' @12  false
 - protected 'loading' 'Z' @13  true
 - protected 'removed' 'Z' @14  false
 - private 'cachedPath' 'Ljava/lang/String;' @16  "/default/org.eclipse.jdt.launching"{0x00000000ebfa5678} (ebfa5678)
 - protected 'properties' 'Lorg/eclipse/core/internal/preferences/ImmutableMap;' @20  a 'org/eclipse/core/internal/preferences/ImmutableMap$ArrayMap'{0x00000000ebfad1e0} (ebfad1e0)
 - protected 'children' 'Ljava/util/Map;' @24  NULL (0)
 - private final 'childAndPropertyLock' 'Ljava/lang/Object;' @28  a 'java/lang/Object'{0x00000000ebfa55f0} (ebfa55f0)
 - protected final 'name' 'Ljava/lang/String;' @32  "org.eclipse.jdt.launching"{0x00000000c05061b0} (c05061b0)
 - protected final 'parent' 'Lorg/eclipse/core/internal/preferences/EclipsePreferences;' @36  a 'org/eclipse/core/internal/preferences/DefaultPreferences'{0x00000000c03be568} (c03be568)
 - private final 'nodeChangeListeners' 'Lorg/eclipse/core/runtime/ListenerList;' @40  a 'org/eclipse/core/runtime/ListenerList'{0x00000000ebfa5600} (ebfa5600)
 - private final 'preferenceChangeListeners' 'Lorg/eclipse/core/runtime/ListenerList;' @44  a 'org/eclipse/core/runtime/ListenerList'{0x00000000ebfa5618} (ebfa5618)
 - private 'descriptor' 'Lorg/eclipse/core/internal/preferences/ScopeDescriptor;' @48  NULL (0)
 - private final 'writeLock' 'Ljava/lang/Object;' @52  a 'java/lang/Object'{0x00000000ebfa5630} (ebfa5630)
 - private final 'segmentCount' 'I' @56  2
 - private 'loadLevel' 'Lorg/eclipse/core/internal/preferences/EclipsePreferences;' @60  a 'org/eclipse/core/internal/preferences/DefaultPreferences'{0x00000000ebfa55a0} (ebfa55a0)
 - private 'initializingThread' 'Ljava/lang/Thread;' @64  a 'org/eclipse/core/internal/jobs/Worker'{0x00000000c0382ca8} (c0382ca8)
 - private final 'qualifier' 'Ljava/lang/String;' @68  "org.eclipse.jdt.launching"{0x00000000ebfa56f0} (ebfa56f0)
 - private 'pluginReference' 'Ljava/lang/ref/WeakReference;' @72  a 'java/lang/ref/WeakReference'{0x00000000ebfa5738} (ebfa5738)
stack at sp + 7 slots: 0x00000000eba67cc8 is an oop: java.lang.String 
{0x00000000eba67cc8} - klass: 'java/lang/String'
 - string: "org.eclipse.jdt.launching.PREF_CONNECT_TIMEOUT"


Compiled method (c1)   18132 2369       3       org.eclipse.core.internal.preferences.DefaultPreferences::getScopeRelativePath (43 bytes)
 total in heap  [0x0000021e9daf3b90,0x0000021e9daf47a8] = 3096
 relocation     [0x0000021e9daf3ce8,0x0000021e9daf3db8] = 208
 main code      [0x0000021e9daf3dc0,0x0000021e9daf44e0] = 1824
 stub code      [0x0000021e9daf44e0,0x0000021e9daf4548] = 104
 oops           [0x0000021e9daf4548,0x0000021e9daf4550] = 8
 metadata       [0x0000021e9daf4550,0x0000021e9daf4580] = 48
 scopes data    [0x0000021e9daf4580,0x0000021e9daf4658] = 216
 scopes pcs     [0x0000021e9daf4658,0x0000021e9daf4778] = 288
 dependencies   [0x0000021e9daf4778,0x0000021e9daf4788] = 16
 nul chk table  [0x0000021e9daf4788,0x0000021e9daf47a8] = 32

[Constant Pool (empty)]

[MachCode]
[Verified Entry Point]
  # {method} {0x0000021eafeb4d58} 'getScopeRelativePath' '(Ljava/lang/String;)Ljava/lang/String;' in 'org/eclipse/core/internal/preferences/DefaultPreferences'
  # parm0:    rdx:rdx   = 'java/lang/String'
  #           [sp+0x90]  (sp of caller)
  0x0000021e9daf3dc0: 8984 2400 | 90ff ff55 | 4881 ec80 

  0x0000021e9daf3dcc: ;   {metadata(method data for {method} {0x0000021eafeb4d58} 'getScopeRelativePath' '(Ljava/lang/String;)Ljava/lang/String;' in 'org/eclipse/core/internal/preferences/DefaultPreferences')}
  0x0000021e9daf3dcc: 0000 0048 | b940 f32e | b01e 0200 | 0044 8b81 | cc00 0000 | 4183 c002 | 4489 81cc | 0000 0041 
  0x0000021e9daf3dec: 81e0 fe07 | 0000 4183 | f800 0f84 | 0e05 0000 

  0x0000021e9daf3dfc: ; implicit exception: dispatches to 0x0000021e9daf432b
  0x0000021e9daf3dfc: 483b 0248 

  0x0000021e9daf3e00: ;   {metadata(method data for {method} {0x0000021eafeb4d58} 'getScopeRelativePath' '(Ljava/lang/String;)Ljava/lang/String;' in 'org/eclipse/core/internal/preferences/DefaultPreferences')}
  0x0000021e9daf3e00: 8bca 49b8 | 40f3 2eb0 | 1e02 0000 | 4983 8010 | 0100 0001 

  0x0000021e9daf3e14: ;   {metadata(method data for {method} {0x0000021eaf008068} 'length' '()I' in 'java/lang/String')}
  0x0000021e9daf3e14: 48b9 4069 | 25af 1e02 | 0000 448b | 81cc 0000 | 0041 83c0 | 0244 8981 | cc00 0000 | 4181 e0fe 
  0x0000021e9daf3e34: ff1f 0041 | 83f8 000f | 84ef 0400 | 008b 7214 

  0x0000021e9daf3e44: ; implicit exception: dispatches to 0x0000021e9daf4351
  0x0000021e9daf3e44: 448b 460c 

  0x0000021e9daf3e48: ;   {metadata(method data for {method} {0x0000021eaf008068} 'length' '()I' in 'java/lang/String')}
  0x0000021e9daf3e48: 488b ca49 | b940 6925 | af1e 0200 | 0049 8381 | 1001 0000 

  0x0000021e9daf3e5c: ;   {metadata(method data for {method} {0x0000021eaf00c5b8} 'coder' '()B' in 'java/lang/String')}
  0x0000021e9daf3e5c: 0148 b9c8 | 6725 af1e | 0200 0044 | 8b89 cc00 | 0000 4183 | c102 4489 | 89cc 0000 | 0041 81e1 
  0x0000021e9daf3e7c: feff 1f00 | 4183 f900 | 0f84 cc04 

  0x0000021e9daf3e88: ;   {metadata(method data for {method} {0x0000021eaf00c5b8} 'coder' '()B' in 'java/lang/String')}
  0x0000021e9daf3e88: 0000 48b9 | c867 25af | 1e02 0000 | ff81 2001 | 0000 440f 

  0x0000021e9daf3e9c: ;   {metadata(method data for {method} {0x0000021eaf00c5b8} 'coder' '()B' in 'java/lang/String')}
  0x0000021e9daf3e9c: be4a 1048 | b9c8 6725 | af1e 0200 | 00ff 8130 | 0100 0049 | 8bc9 c1e1 | 18c1 f918 | 41d3 f841 
  0x0000021e9daf3ebc: ;   {metadata(method data for {method} {0x0000021eafeb4d58} 'getScopeRelativePath' '(Ljava/lang/String;)Ljava/lang/String;' in 'org/eclipse/core/internal/preferences/DefaultPreferences')}
  0x0000021e9daf3ebc: 83f8 0249 | b840 f32e | b01e 0200 | 0048 bf58 | 0100 0000 | 0000 000f | 8c0a 0000 | 0048 bf48 
  0x0000021e9daf3edc: 0100 0000 | 0000 0049 | 8b1c 3848 | 8d5b 0149 | 891c 380f | 8cf5 0300 | 004c 8bc2 

  0x0000021e9daf3ef8: ;   {metadata(method data for {method} {0x0000021eafeb4d58} 'getScopeRelativePath' '(Ljava/lang/String;)Ljava/lang/String;' in 'org/eclipse/core/internal/preferences/DefaultPreferences')}
  0x0000021e9daf3ef8: 48bf 40f3 | 2eb0 1e02 | 0000 4883 | 8768 0100 

  0x0000021e9daf3f08: ;   {metadata(method data for {method} {0x0000021eaf009438} 'indexOf' '(II)I' in 'java/lang/String')}
  0x0000021e9daf3f08: 0001 49b8 | 608f 3eaf | 1e02 0000 | 418b b8cc | 0000 0083 | c702 4189 | b8cc 0000 | 0081 e7fe 
  0x0000021e9daf3f28: ff1f 0083 | ff00 0f84 | 4304 0000 

  0x0000021e9daf3f34: ;   {metadata(method data for {method} {0x0000021eaf009438} 'indexOf' '(II)I' in 'java/lang/String')}
  0x0000021e9daf3f34: 4c8b c248 | bf60 8f3e | af1e 0200 | 0048 8387 | 1001 0000 

  0x0000021e9daf3f48: ;   {metadata(method data for {method} {0x0000021eaf00c6e8} 'isLatin1' '()Z' in 'java/lang/String')}
  0x0000021e9daf3f48: 0149 b820 | e51f af1e | 0200 0041 | 8bb8 cc00 | 0000 83c7 | 0241 89b8 | cc00 0000 | 81e7 feff 
  0x0000021e9daf3f68: 1f00 83ff | 000f 8425 

  0x0000021e9daf3f70: ;   {metadata(method data for {method} {0x0000021eaf00c6e8} 'isLatin1' '()Z' in 'java/lang/String')}
  0x0000021e9daf3f70: 0400 0049 | b820 e51f | af1e 0200 | 0041 ff80 | 2001 0000 | 4183 f900 

  0x0000021e9daf3f88: ;   {metadata(method data for {method} {0x0000021eaf00c6e8} 'isLatin1' '()Z' in 'java/lang/String')}
  0x0000021e9daf3f88: 49b8 20e5 | 1faf 1e02 | 0000 49b9 | 3001 0000 | 0000 0000 | 0f85 0a00 | 0000 49b9 | 4001 0000 
  0x0000021e9daf3fa8: 0000 0000 | 4b8b 3c08 | 488d 7f01 | 4b89 3c08 | 0f85 1c00 

  0x0000021e9daf3fbc: ;   {metadata(method data for {method} {0x0000021eaf00c6e8} 'isLatin1' '()Z' in 'java/lang/String')}
  0x0000021e9daf3fbc: 0000 49b8 | 20e5 1faf | 1e02 0000 | 41ff 8050 | 0100 0041 | b801 0000 | 00e9 0600 | 0000 41b8 
  0x0000021e9daf3fdc: 0000 0000 | 4183 e001 | 4183 f800 

  0x0000021e9daf3fe8: ;   {metadata(method data for {method} {0x0000021eaf009438} 'indexOf' '(II)I' in 'java/lang/String')}
  0x0000021e9daf3fe8: 49b8 608f | 3eaf 1e02 | 0000 49b9 | 4801 0000 | 0000 0000 | 0f84 0a00 | 0000 49b9 | 5801 0000 
  0x0000021e9daf4008: 0000 0000 | 4b8b 3c08 | 488d 7f01 | 4b89 3c08 | 4889 5424 | 680f 843e 

  0x0000021e9daf4020: ;   {metadata(method data for {method} {0x0000021eaf009438} 'indexOf' '(II)I' in 'java/lang/String')}
  0x0000021e9daf4020: 0000 0049 | b860 8f3e | af1e 0200 | 0049 8380 | 6801 0000 | 0148 8bd6 | 41b8 2f00 | 0000 41b9 
  0x0000021e9daf4040: 0100 0000 

  0x0000021e9daf4044: ;   {static_call}
  0x0000021e9daf4044: 6666 90e8 

  0x0000021e9daf4048: ; ImmutableOopMap {[104]=Oop }
                      ;*invokestatic indexOf {reexecute=0 rethrow=0 return_oop=0}
                      ; - java.lang.String::indexOf@13
                      ; - org.eclipse.core.internal.preferences.DefaultPreferences::getScopeRelativePath@14 (line 362)
  0x0000021e9daf4048: b433 6507 

  0x0000021e9daf404c: ;   {metadata(method data for {method} {0x0000021eaf009438} 'indexOf' '(II)I' in 'java/lang/String')}
  0x0000021e9daf404c: 48ba 608f | 3eaf 1e02 | 0000 ff82 | 7801 0000 | e92b 0000 

  0x0000021e9daf4060: ;   {metadata(method data for {method} {0x0000021eaf009438} 'indexOf' '(II)I' in 'java/lang/String')}
  0x0000021e9daf4060: 0048 ba60 | 8f3e af1e | 0200 0048 | 8382 9001 | 0000 0148 | 8bd6 41b8 | 2f00 0000 | 41b9 0100 
  0x0000021e9daf4080: 0000 0f1f 

  0x0000021e9daf4084: ;   {static_call}
  0x0000021e9daf4084: 4400 00e8 | f4d5 0e07 

  0x0000021e9daf408c: ;   {metadata(method data for {method} {0x0000021eafeb4d58} 'getScopeRelativePath' '(Ljava/lang/String;)Ljava/lang/String;' in 'org/eclipse/core/internal/preferences/DefaultPreferences')}
  0x0000021e9daf408c: 83f8 ff48 | b940 f32e | b01e 0200 | 0049 b8a0 | 0100 0000 | 0000 000f | 840a 0000 

  0x0000021e9daf40a8: ;*invokestatic indexOf {reexecute=0 rethrow=0 return_oop=0}
                      ; - java.lang.String::indexOf@25
                      ; - org.eclipse.core.internal.preferences.DefaultPreferences::getScopeRelativePath@14 (line 362)
  0x0000021e9daf40a8: 0049 b8b0 | 0100 0000 | 0000 004e | 8b0c 014d | 8d49 014e | 890c 010f | 8405 0200 | 0048 8b54 
  0x0000021e9daf40c8: 2468 4c8b | c041 ffc0 

  0x0000021e9daf40d0: ;   {metadata(method data for {method} {0x0000021eafeb4d58} 'getScopeRelativePath' '(Ljava/lang/String;)Ljava/lang/String;' in 'org/eclipse/core/internal/preferences/DefaultPreferences')}
  0x0000021e9daf40d0: 488b ca49 | b940 f32e | b01e 0200 | 0049 8381 | c001 0000 

  0x0000021e9daf40e4: ;   {metadata(method data for {method} {0x0000021eaf008068} 'length' '()I' in 'java/lang/String')}
  0x0000021e9daf40e4: 0148 b940 | 6925 af1e | 0200 0044 | 8b89 cc00 | 0000 4183 | c102 4489 | 89cc 0000 | 0041 81e1 
  0x0000021e9daf4104: feff 1f00 | 4183 f900 | 0f84 a702 | 0000 8b4a | 1444 8b49 | 0c48 8bca 

  0x0000021e9daf411c: ;   {metadata(method data for {method} {0x0000021eaf008068} 'length' '()I' in 'java/lang/String')}
  0x0000021e9daf411c: 48be 4069 | 25af 1e02 | 0000 4883 | 8610 0100 

  0x0000021e9daf412c: ;   {metadata(method data for {method} {0x0000021eaf00c5b8} 'coder' '()B' in 'java/lang/String')}
  0x0000021e9daf412c: 0001 48b9 | c867 25af | 1e02 0000 | 8bb1 cc00 | 0000 83c6 | 0289 b1cc | 0000 0081 | e6fe ff1f 
  0x0000021e9daf414c: 0083 fe00 | 0f84 8902 

  0x0000021e9daf4154: ;   {metadata(method data for {method} {0x0000021eaf00c5b8} 'coder' '()B' in 'java/lang/String')}
  0x0000021e9daf4154: 0000 48b9 | c867 25af | 1e02 0000 | ff81 2001 | 0000 0fbe 
[error occurred during error reporting (printing code blobs if possible), id 0xc0000005, EXCEPTION_ACCESS_VIOLATION (0xc0000005) at pc=0x00007ffb738f744e]


---------------  P R O C E S S  ---------------

Threads class SMR info:
_java_thread_list=0x0000021eb3ae0150, length=22, elements={
0x0000021e9a9c1e20, 0x0000021e9aa7c4c0, 0x0000021eae7ff140, 0x0000021eae83d130,
0x0000021eae83dec0, 0x0000021eae83ec50, 0x0000021eae80bed0, 0x0000021eae80c6e0,
0x0000021eb39c24b0, 0x0000021eb39c5180, 0x0000021eae73c0e0, 0x0000021eb3c434a0,
0x0000021eb4434cf0, 0x0000021eb438d110, 0x0000021eb46c0630, 0x0000021eb3d40210,
0x0000021eb42489b0, 0x0000021eb4557650, 0x0000021eb4557140, 0x0000021eb4556210,
0x0000021eb4556720, 0x0000021eb5383040
}

Java Threads: ( => current thread )
  0x0000021e9a9c1e20 JavaThread "main" [_thread_blocked, id=6084, stack(0x000000377dd00000,0x000000377de00000)]
  0x0000021e9aa7c4c0 JavaThread "Reference Handler" daemon [_thread_blocked, id=9360, stack(0x000000377e000000,0x000000377e100000)]
  0x0000021eae7ff140 JavaThread "Finalizer" daemon [_thread_blocked, id=10420, stack(0x000000377e100000,0x000000377e200000)]
  0x0000021eae83d130 JavaThread "Signal Dispatcher" daemon [_thread_blocked, id=2720, stack(0x000000377e200000,0x000000377e300000)]
  0x0000021eae83dec0 JavaThread "Attach Listener" daemon [_thread_blocked, id=10104, stack(0x000000377e300000,0x000000377e400000)]
  0x0000021eae83ec50 JavaThread "Service Thread" daemon [_thread_blocked, id=6340, stack(0x000000377e400000,0x000000377e500000)]
  0x0000021eae80bed0 JavaThread "Monitor Deflation Thread" daemon [_thread_blocked, id=6704, stack(0x000000377e500000,0x000000377e600000)]
  0x0000021eae80c6e0 JavaThread "C2 CompilerThread0" daemon [_thread_blocked, id=6536, stack(0x000000377e600000,0x000000377e700000)]
  0x0000021eb39c24b0 JavaThread "C1 CompilerThread0" daemon [_thread_blocked, id=11176, stack(0x000000377e700000,0x000000377e800000)]
  0x0000021eb39c5180 JavaThread "Sweeper thread" daemon [_thread_blocked, id=10728, stack(0x000000377e800000,0x000000377e900000)]
  0x0000021eae73c0e0 JavaThread "Common-Cleaner" daemon [_thread_blocked, id=800, stack(0x000000377e900000,0x000000377ea00000)]
  0x0000021eb3c434a0 JavaThread "Notification Thread" daemon [_thread_blocked, id=1856, stack(0x000000377ea00000,0x000000377eb00000)]
  0x0000021eb4434cf0 JavaThread "Active Thread: Equinox Container: aec446b0-0053-4c0b-b426-680cef69e5e2" [_thread_blocked, id=3656, stack(0x000000377f000000,0x000000377f100000)]
  0x0000021eb438d110 JavaThread "Framework Event Dispatcher: Equinox Container: aec446b0-0053-4c0b-b426-680cef69e5e2" daemon [_thread_blocked, id=13080, stack(0x000000377ec00000,0x000000377ed00000)]
  0x0000021eb46c0630 JavaThread "Start Level: Equinox Container: aec446b0-0053-4c0b-b426-680cef69e5e2" daemon [_thread_in_Java, id=13088, stack(0x000000377f100000,0x000000377f200000)]
  0x0000021eb3d40210 JavaThread "SCR Component Actor" daemon [_thread_blocked, id=13104, stack(0x000000377f200000,0x000000377f300000)]
  0x0000021eb42489b0 JavaThread "SCR Component Registry" daemon [_thread_blocked, id=13160, stack(0x000000377f300000,0x000000377f400000)]
  0x0000021eb4557650 JavaThread "Worker-JM" [_thread_blocked, id=8396, stack(0x000000377f400000,0x000000377f500000)]
=>0x0000021eb4557140 JavaThread "Worker-0: Synchronizing projects" [_thread_in_Java, id=9592, stack(0x000000377f500000,0x000000377f600000)]
  0x0000021eb4556210 JavaThread "Worker-1" [_thread_blocked, id=1464, stack(0x000000377f600000,0x000000377f700000)]
  0x0000021eb4556720 JavaThread "Worker-2" [_thread_blocked, id=12772, stack(0x000000377f700000,0x000000377f800000)]
  0x0000021eb5383040 JavaThread "C2 CompilerThread1" daemon [_thread_blocked, id=12940, stack(0x000000377f800000,0x000000377f900000)]

Other Threads:
  0x0000021e9aa76b60 VMThread "VM Thread" [stack: 0x000000377df00000,0x000000377e000000] [id=8252]
  0x0000021eb3d74920 WatcherThread [stack: 0x000000377eb00000,0x000000377ec00000] [id=4964]
  0x0000021e9a9d5b70 GCTaskThread "GC Thread#0" [stack: 0x000000377de00000,0x000000377df00000] [id=11492]
  0x0000021eb40d1340 GCTaskThread "GC Thread#1" [stack: 0x000000377ed00000,0x000000377ee00000] [id=1740]
  0x0000021eb40d1600 GCTaskThread "GC Thread#2" [stack: 0x000000377ee00000,0x000000377ef00000] [id=3812]
  0x0000021eb40c4dd0 GCTaskThread "GC Thread#3" [stack: 0x000000377ef00000,0x000000377f000000] [id=3616]

Threads with active compile tasks:

VM state: not at safepoint (normal execution)

VM Mutex/Monitor currently owned by a thread: None

Heap address: 0x00000000c0000000, size: 1024 MB, Compressed Oops mode: 32-bit

CDS archive(s) not mapped
Compressed class space mapped at: 0x0000000100000000-0x0000000140000000, reserved size: 1073741824
Narrow klass base: 0x0000000000000000, Narrow klass shift: 3, Narrow klass range: 0x140000000

GC Precious Log:
 CPUs: 4 total, 4 available
 Memory: 8082M
 Large Page Support: Disabled
 NUMA Support: Disabled
 Compressed Oops: Enabled (32-bit)
 Alignments: Space 512K, Generation 512K, Heap 2M
 Heap Min Capacity: 100M
 Heap Initial Capacity: 100M
 Heap Max Capacity: 1G
 Pre-touch: Disabled
 Parallel Workers: 4

Heap:
 PSYoungGen      total 26624K, used 25631K [0x00000000eab00000, 0x00000000ec880000, 0x0000000100000000)
  eden space 24576K, 97% used [0x00000000eab00000,0x00000000ec267f30,0x00000000ec300000)
  from space 2048K, 81% used [0x00000000ec680000,0x00000000ec81fd68,0x00000000ec880000)
  to   space 2048K, 0% used [0x00000000ec480000,0x00000000ec480000,0x00000000ec680000)
 ParOldGen       total 68608K, used 7451K [0x00000000c0000000, 0x00000000c4300000, 0x00000000eab00000)
  object space 68608K, 10% used [0x00000000c0000000,0x00000000c0746d10,0x00000000c4300000)
 Metaspace       used 30860K, committed 31424K, reserved 1114112K
  class space    used 3012K, committed 3264K, reserved 1048576K

Card table byte_map: [0x0000021e9a360000,0x0000021e9a570000] _byte_map_base: 0x0000021e99d60000

Marking Bits: (ParMarkBitMap*) 0x00007ffb73e3d7d0
 Begin Bits: [0x0000021eac660000, 0x0000021ead660000)
 End Bits:   [0x0000021ead660000, 0x0000021eae660000)

Polling page: 0x0000021e98840000

Metaspace:

Usage:
  Non-class:     27.19 MB used.
      Class:      2.94 MB used.
       Both:     30.14 MB used.

Virtual space:
  Non-class space:       64.00 MB reserved,      27.50 MB ( 43%) committed,  1 nodes.
      Class space:        1.00 GB reserved,       3.19 MB ( <1%) committed,  1 nodes.
             Both:        1.06 GB reserved,      30.69 MB (  3%) committed. 

Chunk freelists:
   Non-Class:  4.33 MB
       Class:  12.81 MB
        Both:  17.14 MB

MaxMetaspaceSize: unlimited
CompressedClassSpaceSize: 1.00 GB
Initial GC threshold: 21.00 MB
Current GC threshold: 35.00 MB
CDS: off
MetaspaceReclaimPolicy: balanced
 - commit_granule_bytes: 65536.
 - commit_granule_words: 8192.
 - virtual_space_node_default_size: 8388608.
 - enlarge_chunks_in_place: 1.
 - new_chunks_are_fully_committed: 0.
 - uncommit_free_chunks: 1.
 - use_allocation_guard: 0.
 - handle_deallocations: 1.


Internal statistics:

num_allocs_failed_limit: 3.
num_arena_births: 326.
num_arena_deaths: 14.
num_vsnodes_births: 2.
num_vsnodes_deaths: 0.
num_space_committed: 491.
num_space_uncommitted: 0.
num_chunks_returned_to_freelist: 17.
num_chunks_taken_from_freelist: 1167.
num_chunk_merges: 5.
num_chunk_splits: 770.
num_chunks_enlarged: 537.
num_inconsistent_stats: 0.

CodeHeap 'non-profiled nmethods': size=120000Kb used=1145Kb max_used=1145Kb free=118854Kb
 bounds [0x0000021ea5130000, 0x0000021ea53a0000, 0x0000021eac660000]
CodeHeap 'profiled nmethods': size=120000Kb used=5661Kb max_used=5661Kb free=114338Kb
 bounds [0x0000021e9d660000, 0x0000021e9dbf0000, 0x0000021ea4b90000]
CodeHeap 'non-nmethods': size=5760Kb used=1236Kb max_used=1279Kb free=4523Kb
 bounds [0x0000021ea4b90000, 0x0000021ea4e00000, 0x0000021ea5130000]
 total_blobs=3353 nmethods=2797 adapters=470
 compilation: enabled
              stopped_count=0, restarted_count=0
 full_count=0

Compilation events (20 events):
Event: 17.881 Thread 0x0000021eb39c24b0 2672       3       jdk.internal.misc.Unsafe::getLongUnaligned (173 bytes)
Event: 17.881 Thread 0x0000021eb39c24b0 nmethod 2672 0x0000021e9db90c90 code [0x0000021e9db90e60, 0x0000021e9db91288]
Event: 17.881 Thread 0x0000021eb39c24b0 2673       3       java.nio.HeapByteBuffer::byteOffset (7 bytes)
Event: 17.881 Thread 0x0000021eb39c24b0 nmethod 2673 0x0000021e9db91390 code [0x0000021e9db91520, 0x0000021e9db91638]
Event: 17.881 Thread 0x0000021eb39c24b0 2674       3       java.nio.Buffer::nextGetIndex (32 bytes)
Event: 17.882 Thread 0x0000021eb39c24b0 nmethod 2674 0x0000021e9db91710 code [0x0000021e9db918c0, 0x0000021e9db91a88]
Event: 17.882 Thread 0x0000021eb39c24b0 2675       3       jdk.internal.misc.Unsafe::getLongUnaligned (12 bytes)
Event: 17.882 Thread 0x0000021eb39c24b0 nmethod 2675 0x0000021e9db91b90 code [0x0000021e9db91d40, 0x0000021e9db91f28]
Event: 17.887 Thread 0x0000021eb39c24b0 2676       3       java.lang.reflect.Constructor::setConstructorAccessor (21 bytes)
Event: 17.887 Thread 0x0000021eb39c24b0 nmethod 2676 0x0000021e9db92010 code [0x0000021e9db921c0, 0x0000021e9db92428]
Event: 17.887 Thread 0x0000021eb39c24b0 2677       3       java.nio.charset.Charset::checkName (157 bytes)
Event: 17.889 Thread 0x0000021eb39c24b0 nmethod 2677 0x0000021e9db92510 code [0x0000021e9db92780, 0x0000021e9db93498]
Event: 17.889 Thread 0x0000021eb39c24b0 2678       3       java.nio.ByteBuffer::limit (8 bytes)
Event: 17.889 Thread 0x0000021eb39c24b0 nmethod 2678 0x0000021e9db93910 code [0x0000021e9db93aa0, 0x0000021e9db93be8]
Event: 17.890 Thread 0x0000021eb39c24b0 2679       3       java.lang.Class$ReflectionData::<init> (10 bytes)
Event: 17.890 Thread 0x0000021eb39c24b0 nmethod 2679 0x0000021e9db93c90 code [0x0000021e9db93e20, 0x0000021e9db93f98]
Event: 17.890 Thread 0x0000021eb39c24b0 2680       3       java.lang.Class$Atomic::casReflectionData (13 bytes)
Event: 17.890 Thread 0x0000021eb39c24b0 nmethod 2680 0x0000021e9db94090 code [0x0000021e9db94220, 0x0000021e9db94338]
Event: 17.891 Thread 0x0000021eb5383040 nmethod 2662 0x0000021ea5242c10 code [0x0000021ea5242dc0, 0x0000021ea52433f8]
Event: 17.891 Thread 0x0000021eb39c24b0 2681       3       java.lang.Class::privateGetDeclaredConstructors (79 bytes)

GC Heap History (14 events):
Event: 2.755 GC heap before
{Heap before GC invocations=1 (full 0):
 PSYoungGen      total 29696K, used 25600K [0x00000000eab00000, 0x00000000ecc00000, 0x0000000100000000)
  eden space 25600K, 100% used [0x00000000eab00000,0x00000000ec400000,0x00000000ec400000)
  from space 4096K, 0% used [0x00000000ec800000,0x00000000ec800000,0x00000000ecc00000)
  to   space 4096K, 0% used [0x00000000ec400000,0x00000000ec400000,0x00000000ec800000)
 ParOldGen       total 68608K, used 0K [0x00000000c0000000, 0x00000000c4300000, 0x00000000eab00000)
  object space 68608K, 0% used [0x00000000c0000000,0x00000000c0000000,0x00000000c4300000)
 Metaspace       used 11018K, committed 11200K, reserved 1114112K
  class space    used 1098K, committed 1216K, reserved 1048576K
}
Event: 2.772 GC heap after
{Heap after GC invocations=1 (full 0):
 PSYoungGen      total 29696K, used 3205K [0x00000000eab00000, 0x00000000ecc00000, 0x0000000100000000)
  eden space 25600K, 0% used [0x00000000eab00000,0x00000000eab00000,0x00000000ec400000)
  from space 4096K, 78% used [0x00000000ec400000,0x00000000ec721710,0x00000000ec800000)
  to   space 4096K, 0% used [0x00000000ec800000,0x00000000ec800000,0x00000000ecc00000)
 ParOldGen       total 68608K, used 0K [0x00000000c0000000, 0x00000000c4300000, 0x00000000eab00000)
  object space 68608K, 0% used [0x00000000c0000000,0x00000000c0000000,0x00000000c4300000)
 Metaspace       used 11018K, committed 11200K, reserved 1114112K
  class space    used 1098K, committed 1216K, reserved 1048576K
}
Event: 13.106 GC heap before
{Heap before GC invocations=2 (full 0):
 PSYoungGen      total 29696K, used 28805K [0x00000000eab00000, 0x00000000ecc00000, 0x0000000100000000)
  eden space 25600K, 100% used [0x00000000eab00000,0x00000000ec400000,0x00000000ec400000)
  from space 4096K, 78% used [0x00000000ec400000,0x00000000ec721710,0x00000000ec800000)
  to   space 4096K, 0% used [0x00000000ec800000,0x00000000ec800000,0x00000000ecc00000)
 ParOldGen       total 68608K, used 0K [0x00000000c0000000, 0x00000000c4300000, 0x00000000eab00000)
  object space 68608K, 0% used [0x00000000c0000000,0x00000000c0000000,0x00000000c4300000)
 Metaspace       used 14896K, committed 15168K, reserved 1114112K
  class space    used 1513K, committed 1664K, reserved 1048576K
}
Event: 13.113 GC heap after
{Heap after GC invocations=2 (full 0):
 PSYoungGen      total 29696K, used 4073K [0x00000000eab00000, 0x00000000ecc00000, 0x0000000100000000)
  eden space 25600K, 0% used [0x00000000eab00000,0x00000000eab00000,0x00000000ec400000)
  from space 4096K, 99% used [0x00000000ec800000,0x00000000ecbfa640,0x00000000ecc00000)
  to   space 4096K, 0% used [0x00000000ec400000,0x00000000ec400000,0x00000000ec800000)
 ParOldGen       total 68608K, used 756K [0x00000000c0000000, 0x00000000c4300000, 0x00000000eab00000)
  object space 68608K, 1% used [0x00000000c0000000,0x00000000c00bd350,0x00000000c4300000)
 Metaspace       used 14896K, committed 15168K, reserved 1114112K
  class space    used 1513K, committed 1664K, reserved 1048576K
}
Event: 14.702 GC heap before
{Heap before GC invocations=3 (full 0):
 PSYoungGen      total 29696K, used 29673K [0x00000000eab00000, 0x00000000ecc00000, 0x0000000100000000)
  eden space 25600K, 100% used [0x00000000eab00000,0x00000000ec400000,0x00000000ec400000)
  from space 4096K, 99% used [0x00000000ec800000,0x00000000ecbfa640,0x00000000ecc00000)
  to   space 4096K, 0% used [0x00000000ec400000,0x00000000ec400000,0x00000000ec800000)
 ParOldGen       total 68608K, used 756K [0x00000000c0000000, 0x00000000c4300000, 0x00000000eab00000)
  object space 68608K, 1% used [0x00000000c0000000,0x00000000c00bd350,0x00000000c4300000)
 Metaspace       used 20013K, committed 20352K, reserved 1114112K
  class space    used 2040K, committed 2176K, reserved 1048576K
}
Event: 14.711 GC heap after
{Heap after GC invocations=3 (full 0):
 PSYoungGen      total 29696K, used 4066K [0x00000000eab00000, 0x00000000ecc00000, 0x0000000100000000)
  eden space 25600K, 0% used [0x00000000eab00000,0x00000000eab00000,0x00000000ec400000)
  from space 4096K, 99% used [0x00000000ec400000,0x00000000ec7f8ad8,0x00000000ec800000)
  to   space 4096K, 0% used [0x00000000ec800000,0x00000000ec800000,0x00000000ecc00000)
 ParOldGen       total 68608K, used 2519K [0x00000000c0000000, 0x00000000c4300000, 0x00000000eab00000)
  object space 68608K, 3% used [0x00000000c0000000,0x00000000c0275f20,0x00000000c4300000)
 Metaspace       used 20013K, committed 20352K, reserved 1114112K
  class space    used 2040K, committed 2176K, reserved 1048576K
}
Event: 15.224 GC heap before
{Heap before GC invocations=4 (full 0):
 PSYoungGen      total 29696K, used 10660K [0x00000000eab00000, 0x00000000ecc00000, 0x0000000100000000)
  eden space 25600K, 25% used [0x00000000eab00000,0x00000000eb170890,0x00000000ec400000)
  from space 4096K, 99% used [0x00000000ec400000,0x00000000ec7f8ad8,0x00000000ec800000)
  to   space 4096K, 0% used [0x00000000ec800000,0x00000000ec800000,0x00000000ecc00000)
 ParOldGen       total 68608K, used 2519K [0x00000000c0000000, 0x00000000c4300000, 0x00000000eab00000)
  object space 68608K, 3% used [0x00000000c0000000,0x00000000c0275f20,0x00000000c4300000)
 Metaspace       used 21054K, committed 21504K, reserved 1114112K
  class space    used 2159K, committed 2368K, reserved 1048576K
}
Event: 15.229 GC heap after
{Heap after GC invocations=4 (full 0):
 PSYoungGen      total 29696K, used 4072K [0x00000000eab00000, 0x00000000ecc00000, 0x0000000100000000)
  eden space 25600K, 0% used [0x00000000eab00000,0x00000000eab00000,0x00000000ec400000)
  from space 4096K, 99% used [0x00000000ec800000,0x00000000ecbfa328,0x00000000ecc00000)
  to   space 4096K, 0% used [0x00000000ec400000,0x00000000ec400000,0x00000000ec800000)
 ParOldGen       total 68608K, used 2783K [0x00000000c0000000, 0x00000000c4300000, 0x00000000eab00000)
  object space 68608K, 4% used [0x00000000c0000000,0x00000000c02b7f30,0x00000000c4300000)
 Metaspace       used 21054K, committed 21504K, reserved 1114112K
  class space    used 2159K, committed 2368K, reserved 1048576K
}
Event: 15.229 GC heap before
{Heap before GC invocations=5 (full 1):
 PSYoungGen      total 29696K, used 4072K [0x00000000eab00000, 0x00000000ecc00000, 0x0000000100000000)
  eden space 25600K, 0% used [0x00000000eab00000,0x00000000eab00000,0x00000000ec400000)
  from space 4096K, 99% used [0x00000000ec800000,0x00000000ecbfa328,0x00000000ecc00000)
  to   space 4096K, 0% used [0x00000000ec400000,0x00000000ec400000,0x00000000ec800000)
 ParOldGen       total 68608K, used 2783K [0x00000000c0000000, 0x00000000c4300000, 0x00000000eab00000)
  object space 68608K, 4% used [0x00000000c0000000,0x00000000c02b7f30,0x00000000c4300000)
 Metaspace       used 21054K, committed 21504K, reserved 1114112K
  class space    used 2159K, committed 2368K, reserved 1048576K
}
Event: 15.265 GC heap after
{Heap after GC invocations=5 (full 1):
 PSYoungGen      total 29696K, used 0K [0x00000000eab00000, 0x00000000ecc00000, 0x0000000100000000)
  eden space 25600K, 0% used [0x00000000eab00000,0x00000000eab00000,0x00000000ec400000)
  from space 4096K, 0% used [0x00000000ec800000,0x00000000ec800000,0x00000000ecc00000)
  to   space 4096K, 0% used [0x00000000ec400000,0x00000000ec400000,0x00000000ec800000)
 ParOldGen       total 68608K, used 6654K [0x00000000c0000000, 0x00000000c4300000, 0x00000000eab00000)
  object space 68608K, 9% used [0x00000000c0000000,0x00000000c067f800,0x00000000c4300000)
 Metaspace       used 21041K, committed 21504K, reserved 1114112K
  class space    used 2156K, committed 2368K, reserved 1048576K
}
Event: 15.871 GC heap before
{Heap before GC invocations=6 (full 1):
 PSYoungGen      total 29696K, used 25600K [0x00000000eab00000, 0x00000000ecc00000, 0x0000000100000000)
  eden space 25600K, 100% used [0x00000000eab00000,0x00000000ec400000,0x00000000ec400000)
  from space 4096K, 0% used [0x00000000ec800000,0x00000000ec800000,0x00000000ecc00000)
  to   space 4096K, 0% used [0x00000000ec400000,0x00000000ec400000,0x00000000ec800000)
 ParOldGen       total 68608K, used 6654K [0x00000000c0000000, 0x00000000c4300000, 0x00000000eab00000)
  object space 68608K, 9% used [0x00000000c0000000,0x00000000c067f800,0x00000000c4300000)
 Metaspace       used 23896K, committed 24384K, reserved 1114112K
  class space    used 2357K, committed 2560K, reserved 1048576K
}
Event: 15.872 GC heap after
{Heap after GC invocations=6 (full 1):
 PSYoungGen      total 26112K, used 557K [0x00000000eab00000, 0x00000000ec880000, 0x0000000100000000)
  eden space 25088K, 0% used [0x00000000eab00000,0x00000000eab00000,0x00000000ec380000)
  from space 1024K, 54% used [0x00000000ec400000,0x00000000ec48b400,0x00000000ec500000)
  to   space 2048K, 0% used [0x00000000ec680000,0x00000000ec680000,0x00000000ec880000)
 ParOldGen       total 68608K, used 6662K [0x00000000c0000000, 0x00000000c4300000, 0x00000000eab00000)
  object space 68608K, 9% used [0x00000000c0000000,0x00000000c0681800,0x00000000c4300000)
 Metaspace       used 23896K, committed 24384K, reserved 1114112K
  class space    used 2357K, committed 2560K, reserved 1048576K
}
Event: 16.259 GC heap before
{Heap before GC invocations=7 (full 1):
 PSYoungGen      total 26112K, used 25645K [0x00000000eab00000, 0x00000000ec880000, 0x0000000100000000)
  eden space 25088K, 100% used [0x00000000eab00000,0x00000000ec380000,0x00000000ec380000)
  from space 1024K, 54% used [0x00000000ec400000,0x00000000ec48b400,0x00000000ec500000)
  to   space 2048K, 0% used [0x00000000ec680000,0x00000000ec680000,0x00000000ec880000)
 ParOldGen       total 68608K, used 6662K [0x00000000c0000000, 0x00000000c4300000, 0x00000000eab00000)
  object space 68608K, 9% used [0x00000000c0000000,0x00000000c0681800,0x00000000c4300000)
 Metaspace       used 26597K, committed 27072K, reserved 1114112K
  class space    used 2563K, committed 2752K, reserved 1048576K
}
Event: 16.261 GC heap after
{Heap after GC invocations=7 (full 1):
 PSYoungGen      total 26624K, used 1663K [0x00000000eab00000, 0x00000000ec880000, 0x0000000100000000)
  eden space 24576K, 0% used [0x00000000eab00000,0x00000000eab00000,0x00000000ec300000)
  from space 2048K, 81% used [0x00000000ec680000,0x00000000ec81fd68,0x00000000ec880000)
  to   space 2048K, 0% used [0x00000000ec480000,0x00000000ec480000,0x00000000ec680000)
 ParOldGen       total 68608K, used 7451K [0x00000000c0000000, 0x00000000c4300000, 0x00000000eab00000)
  object space 68608K, 10% used [0x00000000c0000000,0x00000000c0746d10,0x00000000c4300000)
 Metaspace       used 26597K, committed 27072K, reserved 1114112K
  class space    used 2563K, committed 2752K, reserved 1048576K
}

Dll operation events (9 events):
Event: 0.042 Loaded shared library c:\Users\Om\.vscode\extensions\redhat.java-1.28.1-win32-x64\jre\17.0.10-win32-x86_64\bin\java.dll
Event: 0.504 Loaded shared library c:\Users\Om\.vscode\extensions\redhat.java-1.28.1-win32-x64\jre\17.0.10-win32-x86_64\bin\zip.dll
Event: 0.510 Loaded shared library C:\Users\Om\.vscode\extensions\redhat.java-1.28.1-win32-x64\jre\17.0.10-win32-x86_64\bin\instrument.dll
Event: 0.606 Loaded shared library C:\Users\Om\.vscode\extensions\redhat.java-1.28.1-win32-x64\jre\17.0.10-win32-x86_64\bin\net.dll
Event: 0.622 Loaded shared library C:\Users\Om\.vscode\extensions\redhat.java-1.28.1-win32-x64\jre\17.0.10-win32-x86_64\bin\nio.dll
Event: 0.635 Loaded shared library C:\Users\Om\.vscode\extensions\redhat.java-1.28.1-win32-x64\jre\17.0.10-win32-x86_64\bin\zip.dll
Event: 0.666 Loaded shared library C:\Users\Om\.vscode\extensions\redhat.java-1.28.1-win32-x64\jre\17.0.10-win32-x86_64\bin\jimage.dll
Event: 0.929 Loaded shared library c:\Users\Om\.vscode\extensions\redhat.java-1.28.1-win32-x64\jre\17.0.10-win32-x86_64\bin\verify.dll
Event: 12.831 Loaded shared library C:\Users\Om\AppData\Roaming\Code\User\globalStorage\redhat.java\1.28.1\config_ss_win\org.eclipse.equinox.launcher\org.eclipse.equinox.launcher.win32.win32.x86_64_1.2.900.v20240129-1338\eclipse_11900.dll

Deoptimization events (20 events):
Event: 16.699 Thread 0x0000021eb46c0630 Uncommon trap: trap_request=0xffffffc6 fr.pc=0x0000021ea51bb07c relative=0x000000000000095c
Event: 16.699 Thread 0x0000021eb46c0630 Uncommon trap: reason=bimorphic_or_optimized_type_check action=maybe_recompile pc=0x0000021ea51bb07c method=java.util.HashMap.putVal(ILjava/lang/Object;Ljava/lang/Object;ZZ)Ljava/lang/Object; @ 56 c2
Event: 16.699 Thread 0x0000021eb46c0630 DEOPT PACKING pc=0x0000021ea51bb07c sp=0x000000377f1fdd20
Event: 16.700 Thread 0x0000021eb46c0630 DEOPT UNPACKING pc=0x0000021ea4be66a3 sp=0x000000377f1fdc78 mode 2
Event: 16.700 Thread 0x0000021eb46c0630 Uncommon trap: trap_request=0xffffffc6 fr.pc=0x0000021ea51bb07c relative=0x000000000000095c
Event: 16.700 Thread 0x0000021eb46c0630 Uncommon trap: reason=bimorphic_or_optimized_type_check action=maybe_recompile pc=0x0000021ea51bb07c method=java.util.HashMap.putVal(ILjava/lang/Object;Ljava/lang/Object;ZZ)Ljava/lang/Object; @ 56 c2
Event: 16.700 Thread 0x0000021eb46c0630 DEOPT PACKING pc=0x0000021ea51bb07c sp=0x000000377f1fdd20
Event: 16.700 Thread 0x0000021eb46c0630 DEOPT UNPACKING pc=0x0000021ea4be66a3 sp=0x000000377f1fdc78 mode 2
Event: 17.636 Thread 0x0000021eb46c0630 Uncommon trap: trap_request=0xffffff45 fr.pc=0x0000021ea5219a8c relative=0x0000000000000bac
Event: 17.636 Thread 0x0000021eb46c0630 Uncommon trap: reason=unstable_if action=reinterpret pc=0x0000021ea5219a8c method=java.util.Properties$LineReader.readLine()I @ 221 c2
Event: 17.636 Thread 0x0000021eb46c0630 DEOPT PACKING pc=0x0000021ea5219a8c sp=0x000000377f1fd4e0
Event: 17.636 Thread 0x0000021eb46c0630 DEOPT UNPACKING pc=0x0000021ea4be66a3 sp=0x000000377f1fd480 mode 2
Event: 17.637 Thread 0x0000021eb46c0630 Uncommon trap: trap_request=0xffffff76 fr.pc=0x0000021ea51fa924 relative=0x0000000000000ea4
Event: 17.637 Thread 0x0000021eb46c0630 Uncommon trap: reason=predicate action=maybe_recompile pc=0x0000021ea51fa924 method=java.util.Properties$LineReader.readLine()I @ 53 c2
Event: 17.637 Thread 0x0000021eb46c0630 DEOPT PACKING pc=0x0000021ea51fa924 sp=0x000000377f1fd4e0
Event: 17.637 Thread 0x0000021eb46c0630 DEOPT UNPACKING pc=0x0000021ea4be66a3 sp=0x000000377f1fd498 mode 2
Event: 17.644 Thread 0x0000021eb4557140 Uncommon trap: trap_request=0xffffff45 fr.pc=0x0000021ea5217cc0 relative=0x0000000000001320
Event: 17.644 Thread 0x0000021eb4557140 Uncommon trap: reason=unstable_if action=reinterpret pc=0x0000021ea5217cc0 method=java.util.Properties.loadConvert([CIILjava/lang/StringBuilder;)Ljava/lang/String; @ 477 c2
Event: 17.644 Thread 0x0000021eb4557140 DEOPT PACKING pc=0x0000021ea5217cc0 sp=0x000000377f5fd1c0
Event: 17.644 Thread 0x0000021eb4557140 DEOPT UNPACKING pc=0x0000021ea4be66a3 sp=0x000000377f5fd1a0 mode 2

Classes unloaded (7 events):
Event: 15.235 Thread 0x0000021e9aa76b60 Unloading class 0x000000010021a400 'java/lang/invoke/LambdaForm$MH+0x000000010021a400'
Event: 15.235 Thread 0x0000021e9aa76b60 Unloading class 0x000000010021a000 'java/lang/invoke/LambdaForm$MH+0x000000010021a000'
Event: 15.235 Thread 0x0000021e9aa76b60 Unloading class 0x0000000100219c00 'java/lang/invoke/LambdaForm$MH+0x0000000100219c00'
Event: 15.235 Thread 0x0000021e9aa76b60 Unloading class 0x0000000100219800 'java/lang/invoke/LambdaForm$MH+0x0000000100219800'
Event: 15.235 Thread 0x0000021e9aa76b60 Unloading class 0x0000000100219400 'java/lang/invoke/LambdaForm$BMH+0x0000000100219400'
Event: 15.235 Thread 0x0000021e9aa76b60 Unloading class 0x0000000100219000 'java/lang/invoke/LambdaForm$DMH+0x0000000100219000'
Event: 15.235 Thread 0x0000021e9aa76b60 Unloading class 0x0000000100214400 'java/lang/invoke/LambdaForm$DMH+0x0000000100214400'

Classes redefined (0 events):
No events

Internal exceptions (20 events):
Event: 15.111 Thread 0x0000021eb46c0630 Exception <a 'java/lang/NoSuchMethodError'{0x00000000eaf443a8}: 'java.lang.Object java.lang.invoke.DirectMethodHandle$Holder.newInvokeSpecial(java.lang.Object, java.lang.Object, java.lang.Object, long)'> (0x00000000eaf443a8) 
thrown [s\src\hotspot\share\interpreter\linkResolver.cpp, line 759]
Event: 15.112 Thread 0x0000021eb46c0630 Exception <a 'java/lang/NoSuchMethodError'{0x00000000eaf48948}: 'java.lang.Object java.lang.invoke.DirectMethodHandle$Holder.invokeSpecial(java.lang.Object, java.lang.Object, java.lang.Object, java.lang.Object, long)'> (0x00000000eaf48948) 
thrown [s\src\hotspot\share\interpreter\linkResolver.cpp, line 759]
Event: 15.151 Thread 0x0000021eb46c0630 Exception <a 'java/lang/NoSuchMethodError'{0x00000000eaf4c7c0}: 'java.lang.Object java.lang.invoke.Invokers$Holder.linkToTargetMethod(java.lang.Object, java.lang.Object, long, java.lang.Object)'> (0x00000000eaf4c7c0) 
thrown [s\src\hotspot\share\interpreter\linkResolver.cpp, line 759]
Event: 15.166 Thread 0x0000021eb46c0630 Exception <a 'java/lang/NoSuchMethodError'{0x00000000eafab288}: 'int java.lang.invoke.DirectMethodHandle$Holder.invokeStaticInit(java.lang.Object, java.lang.Object, java.lang.Object)'> (0x00000000eafab288) 
thrown [s\src\hotspot\share\interpreter\linkResolver.cpp, line 759]
Event: 15.176 Thread 0x0000021eb46c0630 Exception <a 'java/lang/IncompatibleClassChangeError'{0x00000000eb0177b8}: Found class java.lang.Object, but interface was expected> (0x00000000eb0177b8) 
thrown [s\src\hotspot\share\interpreter\linkResolver.cpp, line 826]
Event: 15.182 Thread 0x0000021eb46c0630 Exception <a 'java/lang/NoSuchMethodError'{0x00000000eb02a320}: 'java.lang.Object java.lang.invoke.DirectMethodHandle$Holder.invokeSpecial(java.lang.Object, java.lang.Object, java.lang.Object, int, java.lang.Object, java.lang.Object)'> (0x00000000eb02a320) 
thrown [s\src\hotspot\share\interpreter\linkResolver.cpp, line 759]
Event: 15.183 Thread 0x0000021eb46c0630 Exception <a 'java/lang/NoSuchMethodError'{0x00000000eb032aa8}: 'java.lang.Object java.lang.invoke.DirectMethodHandle$Holder.newInvokeSpecial(java.lang.Object, java.lang.Object, java.lang.Object, int, java.lang.Object)'> (0x00000000eb032aa8) 
thrown [s\src\hotspot\share\interpreter\linkResolver.cpp, line 759]
Event: 15.183 Thread 0x0000021eb46c0630 Exception <a 'java/lang/NoSuchMethodError'{0x00000000eb036f00}: 'java.lang.Object java.lang.invoke.DirectMethodHandle$Holder.invokeSpecial(java.lang.Object, java.lang.Object, java.lang.Object, java.lang.Object, int, java.lang.Object)'> (0x00000000eb036f00) 
thrown [s\src\hotspot\share\interpreter\linkResolver.cpp, line 759]
Event: 15.191 Thread 0x0000021eb4557140 Exception <a 'java/lang/NoSuchMethodError'{0x00000000eb0589c0}: 'java.lang.Object java.lang.invoke.DirectMethodHandle$Holder.invokeSpecial(java.lang.Object, java.lang.Object, int, java.lang.Object, java.lang.Object)'> (0x00000000eb0589c0) 
thrown [s\src\hotspot\share\interpreter\linkResolver.cpp, line 759]
Event: 15.192 Thread 0x0000021eb4557140 Exception <a 'java/lang/NoSuchMethodError'{0x00000000eb060090}: 'java.lang.Object java.lang.invoke.DirectMethodHandle$Holder.newInvokeSpecial(java.lang.Object, java.lang.Object, int, java.lang.Object)'> (0x00000000eb060090) 
thrown [s\src\hotspot\share\interpreter\linkResolver.cpp, line 759]
Event: 15.193 Thread 0x0000021eb4557140 Exception <a 'java/lang/NoSuchMethodError'{0x00000000eb063ba0}: 'java.lang.Object java.lang.invoke.DirectMethodHandle$Holder.invokeSpecial(java.lang.Object, java.lang.Object, java.lang.Object, int, java.lang.Object)'> (0x00000000eb063ba0) 
thrown [s\src\hotspot\share\interpreter\linkResolver.cpp, line 759]
Event: 16.366 Thread 0x0000021eb46c0630 Exception <a 'java/lang/ClassNotFoundException'{0x00000000eae04fc0}: com/sun/org/apache/xerces/internal/impl/msg/spi/DOMMessagesProvider> (0x00000000eae04fc0) 
thrown [s\src\hotspot\share\classfile\systemDictionary.cpp, line 256]
Event: 16.370 Thread 0x0000021eb46c0630 Exception <a 'java/lang/ClassNotFoundException'{0x00000000eae31370}: com/sun/org/apache/xerces/internal/impl/msg/spi/XMLSerializerMessagesProvider> (0x00000000eae31370) 
thrown [s\src\hotspot\share\classfile\systemDictionary.cpp, line 256]
Event: 16.371 Thread 0x0000021eb46c0630 Exception <a 'java/lang/ClassNotFoundException'{0x00000000eae3e5a8}: com/sun/org/apache/xerces/internal/impl/msg/spi/XMLMessagesProvider> (0x00000000eae3e5a8) 
thrown [s\src\hotspot\share\classfile\systemDictionary.cpp, line 256]
Event: 16.523 Thread 0x0000021eb46c0630 Exception <a 'java/lang/NoSuchMethodError'{0x00000000eb069468}: 'java.lang.Object java.lang.invoke.DirectMethodHandle$Holder.newInvokeSpecial(java.lang.Object, int, java.lang.Object, java.lang.Object)'> (0x00000000eb069468) 
thrown [s\src\hotspot\share\interpreter\linkResolver.cpp, line 759]
Event: 17.220 Thread 0x0000021eb46c0630 Exception <a 'java/lang/NoSuchMethodError'{0x00000000eb1be7a0}: 'java.lang.Object java.lang.invoke.DirectMethodHandle$Holder.invokeStaticInit(java.lang.Object, int, int, int, int)'> (0x00000000eb1be7a0) 
thrown [s\src\hotspot\share\interpreter\linkResolver.cpp, line 759]
Event: 17.443 Thread 0x0000021eb46c0630 Exception <a 'java/lang/NoSuchMethodError'{0x00000000eb2efc38}: 'java.lang.Object java.lang.invoke.DirectMethodHandle$Holder.invokeStaticInit(java.lang.Object, java.lang.Object, int, int, int, int)'> (0x00000000eb2efc38) 
thrown [s\src\hotspot\share\interpreter\linkResolver.cpp, line 759]
Event: 17.573 Thread 0x0000021eb46c0630 Exception <a 'sun/nio/fs/WindowsException'{0x00000000eb59bf68}> (0x00000000eb59bf68) 
thrown [s\src\hotspot\share\prims\jni.cpp, line 516]
Event: 17.637 Thread 0x0000021eb46c0630 Implicit null exception at 0x0000021ea51f9b8d to 0x0000021ea51fa8dc
Event: 17.788 Thread 0x0000021eb46c0630 Exception <a 'java/lang/ClassNotFoundException'{0x00000000ebd03ef8}: com/sun/org/apache/xml/internal/serializer/spi/XMLEntitiesProvider> (0x00000000ebd03ef8) 
thrown [s\src\hotspot\share\classfile\systemDictionary.cpp, line 256]

VM Operations (20 events):
Event: 15.224 Executing VM operation: CollectForMetadataAllocation
Event: 15.265 Executing VM operation: CollectForMetadataAllocation done
Event: 15.871 Executing VM operation: ParallelGCFailedAllocation
Event: 15.872 Executing VM operation: ParallelGCFailedAllocation done
Event: 16.259 Executing VM operation: ParallelGCFailedAllocation
Event: 16.261 Executing VM operation: ParallelGCFailedAllocation done
Event: 16.307 Executing VM operation: HandshakeAllThreads
Event: 16.307 Executing VM operation: HandshakeAllThreads done
Event: 16.526 Executing VM operation: HandshakeAllThreads
Event: 16.696 Executing VM operation: HandshakeAllThreads done
Event: 17.460 Executing VM operation: HandshakeAllThreads
Event: 17.460 Executing VM operation: HandshakeAllThreads done
Event: 17.460 Executing VM operation: Cleanup
Event: 17.460 Executing VM operation: Cleanup done
Event: 17.586 Executing VM operation: HandshakeAllThreads
Event: 17.586 Executing VM operation: HandshakeAllThreads done
Event: 17.700 Executing VM operation: HandshakeAllThreads
Event: 17.700 Executing VM operation: HandshakeAllThreads done
Event: 17.876 Executing VM operation: HandshakeAllThreads
Event: 17.876 Executing VM operation: HandshakeAllThreads done

Events (20 events):
Event: 17.875 loading class sun/nio/cs/DoubleByte$Decoder
Event: 17.875 loading class sun/nio/cs/DoubleByte$Decoder done
Event: 17.876 loading class sun/nio/cs/DoubleByte$Encoder
Event: 17.876 loading class sun/nio/cs/DoubleByte$Encoder done
Event: 17.877 loading class sun/nio/cs/MS1251
Event: 17.877 loading class sun/nio/cs/MS1251 done
Event: 17.878 loading class sun/nio/cs/MS1250
Event: 17.878 loading class sun/nio/cs/MS1250 done
Event: 17.879 loading class sun/nio/cs/ISO_8859_2
Event: 17.879 loading class sun/nio/cs/ISO_8859_2 done
Event: 17.887 loading class sun/nio/cs/ISO_8859_4
Event: 17.887 loading class sun/nio/cs/ISO_8859_4 done
Event: 17.887 loading class sun/nio/cs/ISO_8859_5
Event: 17.887 loading class sun/nio/cs/ISO_8859_5 done
Event: 17.888 loading class sun/nio/cs/ISO_8859_9
Event: 17.888 loading class sun/nio/cs/ISO_8859_9 done
Event: 17.889 loading class sun/nio/cs/ISO_8859_7
Event: 17.889 loading class sun/nio/cs/ISO_8859_7 done
Event: 17.891 loading class sun/nio/cs/IBM850
Event: 17.891 loading class sun/nio/cs/IBM850 done


Dynamic libraries:
0x00007ff7ef450000 - 0x00007ff7ef45e000 	c:\Users\Om\.vscode\extensions\redhat.java-1.28.1-win32-x64\jre\17.0.10-win32-x86_64\bin\java.exe
0x00007ffbfb3b0000 - 0x00007ffbfb5a8000 	C:\Windows\SYSTEM32\ntdll.dll
0x00007ffbf9520000 - 0x00007ffbf95dd000 	C:\Windows\System32\KERNEL32.DLL
0x00007ffbf8fe0000 - 0x00007ffbf92d6000 	C:\Windows\System32\KERNELBASE.dll
0x00007ffbf92e0000 - 0x00007ffbf93e0000 	C:\Windows\System32\ucrtbase.dll
0x00007ffba5000000 - 0x00007ffba5017000 	c:\Users\Om\.vscode\extensions\redhat.java-1.28.1-win32-x64\jre\17.0.10-win32-x86_64\bin\jli.dll
0x00007ffbf9c10000 - 0x00007ffbf9dae000 	C:\Windows\System32\USER32.dll
0x00007ffb94e80000 - 0x00007ffb94e9b000 	c:\Users\Om\.vscode\extensions\redhat.java-1.28.1-win32-x64\jre\17.0.10-win32-x86_64\bin\VCRUNTIME140.dll
0x00007ffbf8b40000 - 0x00007ffbf8b62000 	C:\Windows\System32\win32u.dll
0x00007ffbf9440000 - 0x00007ffbf946b000 	C:\Windows\System32\GDI32.dll
0x00007ffbf8ec0000 - 0x00007ffbf8fd7000 	C:\Windows\System32\gdi32full.dll
0x00007ffbf7dd0000 - 0x00007ffbf806a000 	C:\Windows\WinSxS\amd64_microsoft.windows.common-controls_6595b64144ccf1df_6.0.19041.3636_none_60b6a03d71f818d5\COMCTL32.dll
0x00007ffbf8cc0000 - 0x00007ffbf8d5d000 	C:\Windows\System32\msvcp_win.dll
0x00007ffbf9ab0000 - 0x00007ffbf9b4e000 	C:\Windows\System32\msvcrt.dll
0x00007ffbf9b50000 - 0x00007ffbf9b82000 	C:\Windows\System32\IMM32.DLL
0x00007ffbf3570000 - 0x00007ffbf357c000 	c:\Users\Om\.vscode\extensions\redhat.java-1.28.1-win32-x64\jre\17.0.10-win32-x86_64\bin\vcruntime140_1.dll
0x00007ffb85810000 - 0x00007ffb8589d000 	c:\Users\Om\.vscode\extensions\redhat.java-1.28.1-win32-x64\jre\17.0.10-win32-x86_64\bin\msvcp140.dll
0x00007ffb732a0000 - 0x00007ffb73f02000 	c:\Users\Om\.vscode\extensions\redhat.java-1.28.1-win32-x64\jre\17.0.10-win32-x86_64\bin\server\jvm.dll
0x00007ffbf9470000 - 0x00007ffbf9520000 	C:\Windows\System32\ADVAPI32.dll
0x00007ffbfa4b0000 - 0x00007ffbfa550000 	C:\Windows\System32\sechost.dll
0x00007ffbf9db0000 - 0x00007ffbf9ed5000 	C:\Windows\System32\RPCRT4.dll
0x00007ffbf8b10000 - 0x00007ffbf8b37000 	C:\Windows\System32\bcrypt.dll
0x00007ffbf88c0000 - 0x00007ffbf890b000 	C:\Windows\SYSTEM32\POWRPROF.dll
0x00007ffbe8e50000 - 0x00007ffbe8e59000 	C:\Windows\SYSTEM32\WSOCK32.dll
0x00007ffbfa700000 - 0x00007ffbfa76b000 	C:\Windows\System32\WS2_32.dll
0x00007ffbea1f0000 - 0x00007ffbea217000 	C:\Windows\SYSTEM32\WINMM.dll
0x00007ffbea320000 - 0x00007ffbea32a000 	C:\Windows\SYSTEM32\VERSION.dll
0x00007ffbf88a0000 - 0x00007ffbf88b2000 	C:\Windows\SYSTEM32\UMPDC.dll
0x00007ffbf6c30000 - 0x00007ffbf6c42000 	C:\Windows\SYSTEM32\kernel.appcore.dll
0x00007ffbf3560000 - 0x00007ffbf356a000 	c:\Users\Om\.vscode\extensions\redhat.java-1.28.1-win32-x64\jre\17.0.10-win32-x86_64\bin\jimage.dll
0x00007ffbf8370000 - 0x00007ffbf8554000 	C:\Windows\SYSTEM32\DBGHELP.DLL
0x00007ffbf8180000 - 0x00007ffbf81b4000 	C:\Windows\SYSTEM32\dbgcore.DLL
0x00007ffbf8c30000 - 0x00007ffbf8cb2000 	C:\Windows\System32\bcryptPrimitives.dll
0x00007ffbf3550000 - 0x00007ffbf355e000 	c:\Users\Om\.vscode\extensions\redhat.java-1.28.1-win32-x64\jre\17.0.10-win32-x86_64\bin\instrument.dll
0x00007ffbeb780000 - 0x00007ffbeb7a5000 	c:\Users\Om\.vscode\extensions\redhat.java-1.28.1-win32-x64\jre\17.0.10-win32-x86_64\bin\java.dll
0x00007ffbf3530000 - 0x00007ffbf3548000 	c:\Users\Om\.vscode\extensions\redhat.java-1.28.1-win32-x64\jre\17.0.10-win32-x86_64\bin\zip.dll
0x00007ffbfac00000 - 0x00007ffbfb36b000 	C:\Windows\System32\SHELL32.dll
0x00007ffbf6480000 - 0x00007ffbf6c1e000 	C:\Windows\SYSTEM32\windows.storage.dll
0x00007ffbfa030000 - 0x00007ffbfa383000 	C:\Windows\System32\combase.dll
0x00007ffbf7d30000 - 0x00007ffbf7d5e000 	C:\Windows\SYSTEM32\Wldp.dll
0x00007ffbf9640000 - 0x00007ffbf970d000 	C:\Windows\System32\OLEAUT32.dll
0x00007ffbf9850000 - 0x00007ffbf98fd000 	C:\Windows\System32\SHCORE.dll
0x00007ffbf93e0000 - 0x00007ffbf9435000 	C:\Windows\System32\shlwapi.dll
0x00007ffbf8990000 - 0x00007ffbf89b5000 	C:\Windows\SYSTEM32\profapi.dll
0x00007ffbeb720000 - 0x00007ffbeb739000 	C:\Users\Om\.vscode\extensions\redhat.java-1.28.1-win32-x64\jre\17.0.10-win32-x86_64\bin\net.dll
0x00007ffbef390000 - 0x00007ffbef49a000 	C:\Windows\SYSTEM32\WINHTTP.dll
0x00007ffbf7a10000 - 0x00007ffbf7a7a000 	C:\Windows\system32\mswsock.dll
0x00007ffbeb2c0000 - 0x00007ffbeb2d6000 	C:\Users\Om\.vscode\extensions\redhat.java-1.28.1-win32-x64\jre\17.0.10-win32-x86_64\bin\nio.dll
0x00007ffbf29a0000 - 0x00007ffbf29b0000 	c:\Users\Om\.vscode\extensions\redhat.java-1.28.1-win32-x64\jre\17.0.10-win32-x86_64\bin\verify.dll
0x00007ffbead30000 - 0x00007ffbead6e000 	C:\Users\Om\AppData\Roaming\Code\User\globalStorage\redhat.java\1.28.1\config_ss_win\org.eclipse.equinox.launcher\org.eclipse.equinox.launcher.win32.win32.x86_64_1.2.900.v20240129-1338\eclipse_11900.dll
0x00007ffbf9710000 - 0x00007ffbf983b000 	C:\Windows\System32\ole32.dll
0x00007ffbf8700000 - 0x00007ffbf8718000 	C:\Windows\SYSTEM32\CRYPTSP.dll
0x00007ffbf7420000 - 0x00007ffbf7454000 	C:\Windows\system32\rsaenh.dll
0x00007ffbf8910000 - 0x00007ffbf893e000 	C:\Windows\SYSTEM32\USERENV.dll
0x00007ffbf7c40000 - 0x00007ffbf7c4c000 	C:\Windows\SYSTEM32\CRYPTBASE.dll
0x00007ffbf7780000 - 0x00007ffbf77bb000 	C:\Windows\SYSTEM32\IPHLPAPI.DLL
0x00007ffbf9840000 - 0x00007ffbf9848000 	C:\Windows\System32\NSI.dll
0x00007ffbefdd0000 - 0x00007ffbefde7000 	C:\Windows\SYSTEM32\dhcpcsvc6.DLL
0x00007ffbf04a0000 - 0x00007ffbf04bd000 	C:\Windows\SYSTEM32\dhcpcsvc.DLL
0x00007ffbf77c0000 - 0x00007ffbf788b000 	C:\Windows\SYSTEM32\DNSAPI.dll

dbghelp: loaded successfully - version: 4.0.5 - missing functions: none
symbol engine: initialized successfully - sym options: 0x614 - pdb path: .;c:\Users\Om\.vscode\extensions\redhat.java-1.28.1-win32-x64\jre\17.0.10-win32-x86_64\bin;C:\Windows\SYSTEM32;C:\Windows\WinSxS\amd64_microsoft.windows.common-controls_6595b64144ccf1df_6.0.19041.3636_none_60b6a03d71f818d5;c:\Users\Om\.vscode\extensions\redhat.java-1.28.1-win32-x64\jre\17.0.10-win32-x86_64\bin\server;C:\Users\Om\AppData\Roaming\Code\User\globalStorage\redhat.java\1.28.1\config_ss_win\org.eclipse.equinox.launcher\org.eclipse.equinox.launcher.win32.win32.x86_64_1.2.900.v20240129-1338

VM Arguments:
jvm_args: --add-modules=ALL-SYSTEM --add-opens=java.base/java.util=ALL-UNNAMED --add-opens=java.base/java.lang=ALL-UNNAMED --add-opens=java.base/sun.nio.fs=ALL-UNNAMED -Declipse.application=org.eclipse.jdt.ls.core.id1 -Dosgi.bundles.defaultStartLevel=4 -Declipse.product=org.eclipse.jdt.ls.core.product -Djava.import.generatesMetadataFilesAtProjectRoot=false -DDetectVMInstallationsJob.disabled=true -Dfile.encoding=utf8 -XX:+UseParallelGC -XX:GCTimeRatio=4 -XX:AdaptiveSizePolicyWeight=90 -Dsun.zip.disableMemoryMapping=true -Xmx1G -Xms100m -Xlog:disable -javaagent:c:\Users\Om\.vscode\extensions\redhat.java-1.28.1-win32-x64\lombok\lombok-1.18.31.jar 
java_command: c:\Users\Om\.vscode\extensions\redhat.java-1.28.1-win32-x64\server\plugins\org.eclipse.equinox.launcher_1.6.700.v20231214-2017.jar -configuration c:\Users\Om\AppData\Roaming\Code\User\globalStorage\redhat.java\1.28.1\config_ss_win -data c:\Users\Om\AppData\Roaming\Code\User\workspaceStorage\42bdb4185651d2b693c19901c167aa87\redhat.java\ss_ws --stdio
java_class_path (initial): c:\Users\Om\.vscode\extensions\redhat.java-1.28.1-win32-x64\server\plugins\org.eclipse.equinox.launcher_1.6.700.v20231214-2017.jar
Launcher Type: SUN_STANDARD

[Global flags]
    uintx AdaptiveSizePolicyWeight                 = 90                                        {product} {command line}
     intx CICompilerCount                          = 3                                         {product} {ergonomic}
    uintx GCTimeRatio                              = 4                                         {product} {command line}
   size_t InitialHeapSize                          = 104857600                                 {product} {command line}
   size_t MaxHeapSize                              = 1073741824                                {product} {command line}
   size_t MaxNewSize                               = 357564416                                 {product} {ergonomic}
   size_t MinHeapDeltaBytes                        = 524288                                    {product} {ergonomic}
   size_t MinHeapSize                              = 104857600                                 {product} {command line}
   size_t NewSize                                  = 34603008                                  {product} {ergonomic}
    uintx NonNMethodCodeHeapSize                   = 5832780                                {pd product} {ergonomic}
    uintx NonProfiledCodeHeapSize                  = 122912730                              {pd product} {ergonomic}
   size_t OldSize                                  = 70254592                                  {product} {ergonomic}
    uintx ProfiledCodeHeapSize                     = 122912730                              {pd product} {ergonomic}
    uintx ReservedCodeCacheSize                    = 251658240                              {pd product} {ergonomic}
     bool SegmentedCodeCache                       = true                                      {product} {ergonomic}
   size_t SoftMaxHeapSize                          = 1073741824                             {manageable} {ergonomic}
     bool UseCompressedClassPointers               = true                           {product lp64_product} {ergonomic}
     bool UseCompressedOops                        = true                           {product lp64_product} {ergonomic}
     bool UseLargePagesIndividualAllocation        = false                                  {pd product} {ergonomic}
     bool UseParallelGC                            = true                                      {product} {command line}

Logging:
Log output configuration:
 #0: stdout all=off uptime,level,tags
 #1: stderr all=off uptime,level,tags

Environment Variables:
JAVA_HOME=C:\Program Files\Java\jdk-21
PATH=C:\Program Files\Common Files\Oracle\Java\javapath;C:\Windows\system32;C:\Windows;C:\Windows\System32\Wbem;C:\Windows\System32\WindowsPowerShell\v1.0\;C:\Windows\System32\OpenSSH\;C:\Program Files\Git\cmd;C:\Users\Om\AppData\Local\Programs\Python\Python311\Scripts\;C:\Users\Om\AppData\Local\Programs\Python\Python311\;C:\Users\Om\AppData\Local\Microsoft\WindowsApps;;C:\Users\Om\AppData\Local\Programs\Microsoft VS Code\bin
USERNAME=Tejas
OS=Windows_NT
PROCESSOR_IDENTIFIER=Intel64 Family 6 Model 78 Stepping 3, GenuineIntel
TMP=C:\Users\Om\AppData\Local\Temp
TEMP=C:\Users\Om\AppData\Local\Temp



Periodic native trim disabled


---------------  S Y S T E M  ---------------

OS:
 Windows 10 , 64 bit Build 19041 (10.0.19041.3636)
OS uptime: 0 days 0:01 hours

CPU: total 4 (initial active 4) (2 cores per cpu, 2 threads per core) family 6 model 78 stepping 3 microcode 0xdc, cx8, cmov, fxsr, ht, mmx, 3dnowpref, sse, sse2, sse3, ssse3, sse4.1, sse4.2, popcnt, lzcnt, tsc, tscinvbit, avx, avx2, aes, erms, clmul, bmi1, bmi2, adx, fma, vzeroupper, clflush, clflushopt
Processor Information for all 4 processors :
  Max Mhz: 2401, Current Mhz: 2400, Mhz Limit: 2376

Memory: 4k page, system-wide physical 8082M (2845M free)
TotalPageFile size 9362M (AvailPageFile size 3806M)
current process WorkingSet (physical memory assigned to process): 132M, peak: 133M
current process commit charge ("private bytes"): 225M, peak: 228M

vm_info: OpenJDK 64-Bit Server VM (17.0.10+7) for windows-amd64 JRE (17.0.10+7), built on Jan 16 2024 23:25:11 by "admin" with MS VC++ 16.10 / 16.11 (VS2019)

END.
